****************************************************************************************************************************************************************
***                                WIDEN YOUR WINDOW TO 160 CHARACTERS.  Use 'enscript -r -fCourier9' to print this document                                 ***
****************************************************************************************************************************************************************

------------------------------------------------------------------ PETSc Performance Summary: ------------------------------------------------------------------

Unknown Name on a  named aion-0063 with 1024 processors, by jhale Wed Oct 11 14:00:55 2023
Using Petsc Release Version 3.20.0, unknown 

                         Max       Max/Min     Avg       Total
Time (sec):           6.264e+01     1.000   6.263e+01
Objects:              0.000e+00     0.000   0.000e+00
Flops:                5.651e+09     1.165   5.489e+09  5.621e+12
Flops/sec:            9.022e+07     1.165   8.764e+07  8.974e+10
MPI Msg Count:        2.402e+04     5.445   1.461e+04  1.496e+07
MPI Msg Len (bytes):  3.630e+08     2.643   1.855e+04  2.774e+11
MPI Reductions:       2.124e+03     1.000

Flop counting convention: 1 flop = 1 real number operation of type (multiply/divide/add/subtract)
                            e.g., VecAXPY() for real vectors of length N --> 2N flops
                            and VecAXPY() for complex vectors of length N --> 8N flops

Summary of Stages:   ----- Time ------  ----- Flop ------  --- Messages ---  -- Message Lengths --  -- Reductions --
                        Avg     %Total     Avg     %Total    Count   %Total     Avg         %Total    Count   %Total
 0:      Main Stage: 6.5284e+00  10.4%  2.0123e+10   0.4%  2.293e+05   1.5%  7.988e+04        6.6%  6.000e+01   2.8%
 2: WarmUp solve with PCD-AMG: 2.9338e+01  46.8%  2.8007e+12  49.8%  7.676e+06  51.3%  1.742e+04       48.2%  1.126e+03  53.0%
 3: Timed solve with PCD-AMG: 2.5895e+01  41.3%  2.8001e+12  49.8%  7.051e+06  47.1%  1.778e+04       45.2%  9.200e+02  43.3%

------------------------------------------------------------------------------------------------------------------------
See the 'Profiling' chapter of the users' manual for details on interpreting output.
Phase summary info:
   Count: number of times phase was executed
   Time and Flop: Max - maximum over all processors
                  Ratio - ratio of maximum to minimum over all processors
   Mess: number of messages sent
   AvgLen: average message length (bytes)
   Reduct: number of global reductions
   Global: entire computation
   Stage: stages of a computation. Set stages with PetscLogStagePush() and PetscLogStagePop().
      %T - percent time in this phase         %F - percent flop in this phase
      %M - percent messages in this phase     %L - percent message lengths in this phase
      %R - percent reductions in this phase
   Total Mflop/s: 10e-6 * (sum of flop over all processors)/(max time over all processors)
------------------------------------------------------------------------------------------------------------------------
Event                Count      Time (sec)     Flop                              --- Global ---  --- Stage ----  Total
                   Max Ratio  Max     Ratio   Max  Ratio  Mess   AvgLen  Reduct  %T %F %M %L %R  %T %F %M %L %R Mflop/s
------------------------------------------------------------------------------------------------------------------------

--- Event Stage 0: Main Stage

BuildTwoSided          6 1.0 4.6230e-01 23.7 0.00e+00 0.0 6.7e+04 4.0e+00 6.0e+00  0  0  0  0  0   2  0 29  0 10     0
BuildTwoSidedF         2 1.0 4.5957e-01 24.5 0.00e+00 0.0 2.7e+04 6.4e+05 2.0e+00  0  0  0  6  0   3  0 12 93  3     0
SFSetGraph             4 1.0 1.9089e-03 2.9 0.00e+00 0.0 0.0e+00 0.0e+00 0.0e+00  0  0  0  0  0   0  0  0  0  0     0
SFSetUp                4 1.0 1.2965e-02 1.9 0.00e+00 0.0 1.1e+05 4.3e+03 4.0e+00  0  0  1  0  0   0  0 47  3  7     0
SFPack                 7 1.0 3.9740e-04 5.3 0.00e+00 0.0 0.0e+00 0.0e+00 0.0e+00  0  0  0  0  0   0  0  0  0  0     0
SFUnpack               7 1.0 4.7125e-04 6.7 0.00e+00 0.0 0.0e+00 0.0e+00 0.0e+00  0  0  0  0  0   0  0  0  0  0     0
VecNorm                1 1.0 4.1785e-03 109.6 2.09e+05 1.2 0.0e+00 0.0e+00 1.0e+00  0  0  0  0  0   0  1  0  0  2 48656
VecScale               1 1.0 7.2781e-05 1.6 1.05e+05 1.2 0.0e+00 0.0e+00 0.0e+00  0  0  0  0  0   0  1  0  0  0 1396742
VecSet                 5 1.0 5.5640e-04 7.1 0.00e+00 0.0 0.0e+00 0.0e+00 0.0e+00  0  0  0  0  0   0  0  0  0  0     0
VecScatterBegin        7 1.0 7.1323e-04 4.2 0.00e+00 0.0 9.4e+04 8.2e+03 0.0e+00  0  0  1  0  0   0  0 41  4  0     0
VecScatterEnd          7 1.0 3.8570e-03 1.9 0.00e+00 0.0 0.0e+00 0.0e+00 0.0e+00  0  0  0  0  0   0  0  0  0  0     0
VecNormalize           1 1.0 4.2381e-03 48.3 3.14e+05 1.2 0.0e+00 0.0e+00 1.0e+00  0  0  0  0  0   0  2  0  0  2 71959
MatAssemblyBegin       2 1.0 5.9348e-01 2.5 0.00e+00 0.0 2.7e+04 6.4e+05 2.0e+00  1  0  0  6  0   6  0 12 93  3     0
MatAssemblyEnd         2 1.0 2.8244e-01 2.5 7.23e+05 2.8 2.7e+04 7.5e+03 5.0e+00  0  0  0  0  0   3  3 12  1  8  1962

--- Event Stage 2: WarmUp solve with PCD-AMG

BuildTwoSided         33 1.0 8.5421e-01 8.9 0.00e+00 0.0 2.6e+05 4.0e+00 3.3e+01  1  0  2  0  2   1  0  3  0  3     0
BuildTwoSidedF        15 1.0 8.4848e-01 7.3 0.00e+00 0.0 1.7e+05 2.0e+05 1.5e+01  1  0  1 13  1   1  0  2 26  1     0
SFSetGraph            18 1.0 5.7738e-03 1.6 0.00e+00 0.0 0.0e+00 0.0e+00 0.0e+00  0  0  0  0  0   0  0  0  0  0     0
SFSetUp               18 1.0 2.4573e-02 1.4 0.00e+00 0.0 3.5e+05 2.3e+03 1.8e+01  0  0  2  0  1   0  0  5  1  2     0
SFPack               991 1.0 6.7466e-02 2.6 0.00e+00 0.0 0.0e+00 0.0e+00 0.0e+00  0  0  0  0  0   0  0  0  0  0     0
SFUnpack             991 1.0 1.7495e-03 4.4 1.28e+05 2.8 0.0e+00 0.0e+00 0.0e+00  0  0  0  0  0   0  0  0  0  0 55215
VecDot                18 1.0 2.6283e-02 4.1 3.77e+06 1.2 0.0e+00 0.0e+00 1.8e+01  0  0  0  0  1   0  0  0  0  2 139241
VecMDot              366 1.0 3.2250e-01 1.4 1.70e+08 1.2 0.0e+00 0.0e+00 3.7e+02  0  3  0  0 17   1  6  0  0 33 511495
VecNorm              169 1.0 8.7868e-02 2.6 2.42e+07 1.2 0.0e+00 0.0e+00 1.7e+02  0  0  0  0  8   0  1  0  0 15 267733
VecScale             507 1.0 6.3858e-03 1.2 1.33e+07 1.2 0.0e+00 0.0e+00 0.0e+00  0  0  0  0  0   0  0  0  0  0 2039782
VecCopy              128 1.0 4.8241e-03 1.7 0.00e+00 0.0 0.0e+00 0.0e+00 0.0e+00  0  0  0  0  0   0  0  0  0  0     0
VecSet               433 1.0 2.9360e-02 2.1 0.00e+00 0.0 0.0e+00 0.0e+00 0.0e+00  0  0  0  0  0   0  0  0  0  0     0
VecAXPY              144 1.0 4.5498e-03 1.2 6.58e+06 1.2 0.0e+00 0.0e+00 0.0e+00  0  0  0  0  0   0  0  0  0  0 1397245
VecWAXPY               2 1.0 1.0686e-03 2.4 2.09e+05 1.2 0.0e+00 0.0e+00 0.0e+00  0  0  0  0  0   0  0  0  0  0 190257
VecMAXPY             324 1.0 1.7555e-01 1.2 1.92e+08 1.2 0.0e+00 0.0e+00 0.0e+00  0  3  0  0  0   1  7  0  0  0 1061759
VecScatterBegin      991 1.0 1.5845e-01 1.8 0.00e+00 0.0 7.1e+06 1.4e+04 0.0e+00  0  0 48 35  0   0  0 93 72  0     0
VecScatterEnd        991 1.0 6.0493e-01 5.4 1.28e+05 2.8 0.0e+00 0.0e+00 0.0e+00  0  0  0  0  0   1  0  0  0  0   160
VecReduceArith         6 1.0 4.1556e-04 2.0 1.26e+06 1.2 0.0e+00 0.0e+00 0.0e+00  0  0  0  0  0   0  0  0  0  0 2935468
VecReduceComm          2 1.0 9.1649e-02 8.1 0.00e+00 0.0 0.0e+00 0.0e+00 2.0e+00  0  0  0  0  0   0  0  0  0  0     0
VecNormalize         161 1.0 6.2674e-02 1.7 3.38e+07 1.2 0.0e+00 0.0e+00 1.6e+02  0  1  0  0  8   0  1  0  0 14 523986
MatMult              380 1.0 3.5213e+00 1.1 2.31e+09 1.2 5.2e+06 1.7e+04 0.0e+00  5 41 35 31  0  11 82 68 64  0 655632
MatSOR               110 1.0 1.1894e-01 3.4 3.13e+07 1.3 1.5e+06 1.4e+03 0.0e+00  0  1 10  1  0   0  1 20  2  0 248920
MatConvert             4 1.0 7.9458e-01 1.1 0.00e+00 0.0 0.0e+00 0.0e+00 6.0e+00  1  0  0  0  0   3  0  0  0  1     0
MatAssemblyBegin      61 1.0 1.1344e+00 2.1 0.00e+00 0.0 1.7e+05 2.0e+05 1.5e+01  1  0  1 13  1   3  0  2 26  1     0
MatAssemblyEnd        61 1.0 6.8917e-01 1.5 2.81e+06 2.8 2.5e+05 3.1e+03 5.0e+01  1  0  2  0  2   2  0  3  1  4  3137
MatGetRowIJ           12 1.0 2.2659e-04 38.7 0.00e+00 0.0 0.0e+00 0.0e+00 0.0e+00  0  0  0  0  0   0  0  0  0  0     0
MatCreateSubMat       10 1.0 7.4948e-01 1.0 0.00e+00 0.0 3.6e+05 1.8e+04 1.3e+02  1  0  2  2  6   3  0  5  5 11     0
MatZeroEntries         3 1.0 8.3126e-02 1.2 0.00e+00 0.0 0.0e+00 0.0e+00 0.0e+00  0  0  0  0  0   0  0  0  0  0     0
MatView               12 1.0 5.6964e-03 1.9 0.00e+00 0.0 0.0e+00 0.0e+00 1.4e+01  0  0  0  0  1   0  0  0  0  1     0
MatSetPreallCOO        6 1.0 4.0580e-01 1.2 0.00e+00 0.0 0.0e+00 0.0e+00 0.0e+00  1  0  0  0  0   1  0  0  0  0     0
MatSetValuesCOO        8 1.0 9.6684e-02 1.7 0.00e+00 0.0 0.0e+00 0.0e+00 0.0e+00  0  0  0  0  0   0  0  0  0  0     0
PCSetUp               12 1.0 4.0349e+00 1.0 1.34e+06 1.2 6.0e+05 1.4e+04 2.0e+02  6  0  4  3 10  14  0  8  6 18   326
PCApply                7 1.0 2.4904e+01 1.0 2.58e+09 1.2 7.2e+06 1.3e+04 1.1e+03 40 46 48 34 50  85 92 93 70 94 103199
KSPSolve_FS_0          7 1.0 2.3968e+01 1.0 2.57e+09 1.2 6.3e+06 1.4e+04 8.9e+02 38 45 42 31 42  82 91 82 65 79 106439
KSPSolve_FS_1          7 1.0 4.3219e-01 1.0 8.60e+06 1.2 5.9e+05 1.4e+03 9.5e+01  1  0  4  0  4   1  0  8  1  8 19164
KSPSolve_FS_Schu     110 1.0 1.2206e+00 1.1 4.96e+07 1.2 3.2e+06 1.5e+03 4.8e+02  2  1 21  2 23   4  2 42  4 42 38789
KSPSetUp              10 1.0 5.0968e-03 2.8 0.00e+00 0.0 0.0e+00 0.0e+00 0.0e+00  0  0  0  0  0   0  0  0  0  0     0
KSPSolve               2 1.0 2.5150e+01 1.0 2.75e+09 1.2 7.3e+06 1.3e+04 1.1e+03 40 49 49 35 51  86 98 95 72 96 108818
KSPGMRESOrthog       153 1.0 3.8909e-01 1.1 3.43e+08 1.2 0.0e+00 0.0e+00 1.6e+02  1  6  0  0  8   1 12  0  0 15 857803
SNESSolve              1 1.0 2.9333e+01 1.0 2.82e+09 1.2 7.7e+06 1.7e+04 1.1e+03 47 50 51 48 52 100 100 100 100 99 95480
SNESSetUp              1 1.0 2.1609e-04 22.2 0.00e+00 0.0 0.0e+00 0.0e+00 0.0e+00  0  0  0  0  0   0  0  0  0  0     0
SNESFunctionEval       3 1.0 3.7727e-01 1.5 1.28e+05 2.8 3.2e+05 9.7e+03 2.1e+01  1  0  2  1  1   1  0  4  2  2   256
SNESJacobianEval       2 1.0 3.7211e+00 1.0 6.20e+07 1.2 6.6e+04 5.2e+05 4.0e+00  6  1  0 12  0  13  2  1 26  0 16637
SNESLineSearch         2 1.0 2.5174e-01 1.0 1.50e+06 1.2 1.6e+05 1.3e+04 2.0e+00  0  0  1  1  0   1  0  2  2  0  5909

--- Event Stage 3: Timed solve with PCD-AMG

BuildTwoSided         14 1.0 8.6034e-01 6.6 0.00e+00 0.0 6.0e+04 4.0e+00 1.4e+01  1  0  0  0  1   1  0  1  0  2     0
BuildTwoSidedF        14 1.0 9.3466e-01 5.7 0.00e+00 0.0 1.2e+05 2.9e+05 1.4e+01  1  0  1 12  1   1  0  2 27  2     0
SFPack               976 1.0 6.2718e-02 2.6 0.00e+00 0.0 0.0e+00 0.0e+00 0.0e+00  0  0  0  0  0   0  0  0  0  0     0
SFUnpack             976 1.0 1.8110e-03 5.0 1.28e+05 2.8 0.0e+00 0.0e+00 0.0e+00  0  0  0  0  0   0  0  0  0  0 53338
VecDot                18 1.0 2.3251e-02 6.2 3.77e+06 1.2 0.0e+00 0.0e+00 1.8e+01  0  0  0  0  1   0  0  0  0  2 157392
VecMDot              366 1.0 3.1456e-01 1.4 1.70e+08 1.2 0.0e+00 0.0e+00 3.7e+02  0  3  0  0 17   1  6  0  0 40 524407
VecNorm              168 1.0 6.6830e-02 5.4 2.42e+07 1.2 0.0e+00 0.0e+00 1.7e+02  0  0  0  0  8   0  1  0  0 18 351900
VecScale             506 1.0 6.1850e-03 1.2 1.33e+07 1.2 0.0e+00 0.0e+00 0.0e+00  0  0  0  0  0   0  0  0  0  0 2105377
VecCopy              128 1.0 4.7838e-03 1.4 0.00e+00 0.0 0.0e+00 0.0e+00 0.0e+00  0  0  0  0  0   0  0  0  0  0     0
VecSet               422 1.0 2.6019e-02 1.9 0.00e+00 0.0 0.0e+00 0.0e+00 0.0e+00  0  0  0  0  0   0  0  0  0  0     0
VecAXPY              144 1.0 4.5139e-03 1.2 6.58e+06 1.2 0.0e+00 0.0e+00 0.0e+00  0  0  0  0  0   0  0  0  0  0 1408367
VecWAXPY               2 1.0 9.7703e-04 2.0 2.09e+05 1.2 0.0e+00 0.0e+00 0.0e+00  0  0  0  0  0   0  0  0  0  0 208092
VecMAXPY             324 1.0 1.7451e-01 1.2 1.92e+08 1.2 0.0e+00 0.0e+00 0.0e+00  0  3  0  0  0   1  7  0  0  0 1068060
VecScatterBegin      976 1.0 1.4972e-01 1.7 0.00e+00 0.0 6.9e+06 1.3e+04 0.0e+00  0  0 46 33  0   0  0 98 73  0     0
VecScatterEnd        976 1.0 5.5532e-01 6.2 1.28e+05 2.8 0.0e+00 0.0e+00 0.0e+00  0  0  0  0  0   1  0  0  0  0   174
VecReduceArith         6 1.0 4.0912e-04 1.9 1.26e+06 1.2 0.0e+00 0.0e+00 0.0e+00  0  0  0  0  0   0  0  0  0  0 2981704
VecReduceComm          2 1.0 8.2632e-02 222.8 0.00e+00 0.0 0.0e+00 0.0e+00 2.0e+00  0  0  0  0  0   0  0  0  0  0     0
VecNormalize         160 1.0 4.1738e-02 2.5 3.38e+07 1.2 0.0e+00 0.0e+00 1.6e+02  0  1  0  0  8   0  1  0  0 17 786732
MatMult              380 1.0 3.5194e+00 1.1 2.31e+09 1.2 5.2e+06 1.7e+04 0.0e+00  5 41 35 31  0  13 82 74 68  0 655996
MatSOR               110 1.0 1.1635e-01 3.3 3.13e+07 1.3 1.5e+06 1.4e+03 0.0e+00  0  1 10  1  0   0  1 21  2  0 254427
MatConvert             2 1.0 9.7502e-04 4.4 0.00e+00 0.0 0.0e+00 0.0e+00 0.0e+00  0  0  0  0  0   0  0  0  0  0     0
MatAssemblyBegin      30 1.0 1.2349e+00 2.0 0.00e+00 0.0 1.2e+05 2.9e+05 1.4e+01  1  0  1 12  1   3  0  2 27  2     0
MatAssemblyEnd        30 1.0 3.9138e-01 3.3 2.80e+06 2.8 0.0e+00 0.0e+00 0.0e+00  0  0  0  0  0   1  0  0  0  0  5502
MatCreateSubMat        6 1.0 3.4112e-01 1.0 0.00e+00 0.0 0.0e+00 0.0e+00 1.0e+01  1  0  0  0  0   1  0  0  0  1     0
MatZeroEntries         4 1.0 8.9001e-02 1.3 0.00e+00 0.0 0.0e+00 0.0e+00 0.0e+00  0  0  0  0  0   0  0  0  0  0     0
MatView               12 1.0 2.7709e-03 2.3 0.00e+00 0.0 0.0e+00 0.0e+00 1.4e+01  0  0  0  0  1   0  0  0  0  2     0
MatSetValuesCOO        4 1.0 9.5413e-04 4.5 0.00e+00 0.0 0.0e+00 0.0e+00 0.0e+00  0  0  0  0  0   0  0  0  0  0     0
PCSetUp                6 1.0 7.0191e-01 1.0 6.94e+05 1.2 5.3e+04 5.7e+03 1.8e+01  1  0  0  0  1   3  0  1  0  2   973
PCApply                7 1.0 2.1396e+01 1.0 2.58e+09 1.2 6.6e+06 1.3e+04 8.7e+02 34 46 44 31 41  83 92 94 68 95 120073
KSPSolve_FS_0          7 1.0 2.0730e+01 1.0 2.56e+09 1.2 5.9e+06 1.4e+04 7.6e+02 33 45 40 29 36  80 91 84 65 83 123016
KSPSolve_FS_1          7 1.0 2.9797e-01 1.0 8.60e+06 1.2 5.9e+05 1.4e+03 9.3e+01  0  0  4  0  4   1  0  8  1 10 27798
KSPSolve_FS_Schu     110 1.0 4.9965e-01 1.2 4.86e+07 1.2 3.0e+06 1.4e+03 4.4e+02  1  1 20  2 21   2  2 43  3 48 92803
KSPSetUp               6 1.0 1.5840e-05 10.6 0.00e+00 0.0 0.0e+00 0.0e+00 0.0e+00  0  0  0  0  0   0  0  0  0  0     0
KSPSolve               2 1.0 2.1629e+01 1.0 2.75e+09 1.2 6.7e+06 1.3e+04 9.0e+02 35 49 45 32 42  84 98 95 70 97 126487
KSPGMRESOrthog       153 1.0 3.7864e-01 1.1 3.43e+08 1.2 0.0e+00 0.0e+00 1.6e+02  1  6  0  0  8   1 12  0  0 18 881465
SNESSolve              1 1.0 2.5890e+01 1.0 2.81e+09 1.2 7.1e+06 1.8e+04 9.1e+02 41 50 47 45 43 100 100 100 100 98 108153
SNESFunctionEval       3 1.0 3.5115e-01 1.5 1.28e+05 2.8 2.4e+05 1.3e+04 0.0e+00  0  0  2  1  0   1  0  3  2  0   275
SNESJacobianEval       2 1.0 3.7327e+00 1.0 6.20e+07 1.2 6.6e+04 5.2e+05 4.0e+00  6  1  0 12  0  14  2  1 27  0 16585
SNESLineSearch         2 1.0 2.3629e-01 1.0 1.50e+06 1.2 1.6e+05 1.3e+04 2.0e+00  0  0  1  1  0   1  0  2  2  0  6296
------------------------------------------------------------------------------------------------------------------------

Object Type          Creations   Destructions. Reports information only for process 0.

--- Event Stage 0: Main Stage

           Container     2              0
              Viewer     2              0
           Index Set    32             20
   IS L to G Mapping    30             27
   Star Forest Graph     6              1
              Vector     9              3
              Matrix    16             12
   Matrix Null Space     1              0
      Preconditioner     1              0
       Krylov Solver     1              0
                SNES     1              0
              DMSNES     1              0
      SNESLineSearch     1              0
    Distributed Mesh     1              0
     Discrete System     1              0
           Weak Form     1              0

--- Event Stage 1: PCMPI


--- Event Stage 2: WarmUp solve with PCD-AMG

           Container     6              0
           Index Set    94             58
   IS L to G Mapping    55             48
   Star Forest Graph    26              0
              Vector   389            257
              Matrix    81             31
   Matrix Null Space     1              0
      Preconditioner    12              1
       Krylov Solver     8              1
     DMKSP interface     1              0
    Distributed Mesh     4              0
     Discrete System     4              0
           Weak Form     4              0

--- Event Stage 3: Timed solve with PCD-AMG

           Index Set    12             12
   IS L to G Mapping    48             48
              Vector   220            220
              Matrix    24             24
========================================================================================================================
Average time to get PetscTime(): 3.3e-08
Average time for MPI_Barrier(): 1.63102e-05
Average time for zero size MPI_Send(): 8.03628e-07
#PETSc Option Table entries:
-options_left # (source: code)
-rb_ksp_converged_reason # (source: code)
-rb_ksp_gmres_modifiedgramschmidt # (source: code)
-rb_ksp_max_it 1000 # (source: code)
-rb_ksp_monitor # (source: code)
-rb_ksp_type fgmres # (source: code)
-rb_pc_python_type fenicsx_pctools.WrappedPC # (source: code)
-rb_pc_type python # (source: code)
-rb_snes_converged_reason # (source: code)
-rb_snes_linesearch_type basic # (source: code)
-rb_snes_max_it 25 # (source: code)
-rb_snes_monitor # (source: code)
-rb_snes_rtol 1e-08 # (source: code)
-rb_snes_type newtonls # (source: code)
-rb_snes_view # (source: code)
-rb_wrapped_fieldsplit_0_ksp_converged_reason # (source: code)
-rb_wrapped_fieldsplit_0_ksp_rtol 0.01 # (source: code)
-rb_wrapped_fieldsplit_0_ksp_type gmres # (source: code)
-rb_wrapped_fieldsplit_0_pc_python_type fenicsx_pctools.WrappedPC # (source: code)
-rb_wrapped_fieldsplit_0_pc_type python # (source: code)
-rb_wrapped_fieldsplit_0_wrapped_fieldsplit_0_ksp_type preonly # (source: code)
-rb_wrapped_fieldsplit_0_wrapped_fieldsplit_0_pc_python_type fenicsx_pctools.WrappedPC # (source: code)
-rb_wrapped_fieldsplit_0_wrapped_fieldsplit_0_pc_type python # (source: code)
-rb_wrapped_fieldsplit_0_wrapped_fieldsplit_0_wrapped_pc_hypre_boomeramg_agg_nl 1 # (source: code)
-rb_wrapped_fieldsplit_0_wrapped_fieldsplit_0_wrapped_pc_hypre_boomeramg_agg_num_paths 2 # (source: code)
-rb_wrapped_fieldsplit_0_wrapped_fieldsplit_0_wrapped_pc_hypre_boomeramg_coarsen_type HMIS # (source: code)
-rb_wrapped_fieldsplit_0_wrapped_fieldsplit_0_wrapped_pc_hypre_boomeramg_interp_type ext+i # (source: code)
-rb_wrapped_fieldsplit_0_wrapped_fieldsplit_0_wrapped_pc_hypre_boomeramg_no_CF # (source: code)
-rb_wrapped_fieldsplit_0_wrapped_fieldsplit_0_wrapped_pc_hypre_boomeramg_P_max 4 # (source: code)
-rb_wrapped_fieldsplit_0_wrapped_fieldsplit_0_wrapped_pc_hypre_type boomeramg # (source: code)
-rb_wrapped_fieldsplit_0_wrapped_fieldsplit_0_wrapped_pc_type hypre # (source: code)
-rb_wrapped_fieldsplit_0_wrapped_fieldsplit_1_ksp_type preonly # (source: code)
-rb_wrapped_fieldsplit_0_wrapped_fieldsplit_1_pc_python_type fenicsx_pctools.PCDPC_vY # (source: code)
-rb_wrapped_fieldsplit_0_wrapped_fieldsplit_1_pc_type python # (source: code)
-rb_wrapped_fieldsplit_0_wrapped_fieldsplit_1_pcd_Ap_ksp_type preonly # (source: code)
-rb_wrapped_fieldsplit_0_wrapped_fieldsplit_1_pcd_Ap_pc_hypre_boomeramg_agg_nl 1 # (source: code)
-rb_wrapped_fieldsplit_0_wrapped_fieldsplit_1_pcd_Ap_pc_hypre_boomeramg_agg_num_paths 2 # (source: code)
-rb_wrapped_fieldsplit_0_wrapped_fieldsplit_1_pcd_Ap_pc_hypre_boomeramg_coarsen_type HMIS # (source: code)
-rb_wrapped_fieldsplit_0_wrapped_fieldsplit_1_pcd_Ap_pc_hypre_boomeramg_interp_type ext+i # (source: code)
-rb_wrapped_fieldsplit_0_wrapped_fieldsplit_1_pcd_Ap_pc_hypre_boomeramg_no_CF # (source: code)
-rb_wrapped_fieldsplit_0_wrapped_fieldsplit_1_pcd_Ap_pc_hypre_boomeramg_P_max 4 # (source: code)
-rb_wrapped_fieldsplit_0_wrapped_fieldsplit_1_pcd_Ap_pc_hypre_type boomeramg # (source: code)
-rb_wrapped_fieldsplit_0_wrapped_fieldsplit_1_pcd_Ap_pc_type hypre # (source: code)
-rb_wrapped_fieldsplit_0_wrapped_fieldsplit_1_pcd_Mp_ksp_max_it 2 # (source: code)
-rb_wrapped_fieldsplit_0_wrapped_fieldsplit_1_pcd_Mp_ksp_type richardson # (source: code)
-rb_wrapped_fieldsplit_0_wrapped_fieldsplit_1_pcd_Mp_pc_type sor # (source: code)
-rb_wrapped_fieldsplit_0_wrapped_pc_fieldsplit_schur_fact_type lower # (source: code)
-rb_wrapped_fieldsplit_0_wrapped_pc_fieldsplit_type schur # (source: code)
-rb_wrapped_fieldsplit_0_wrapped_pc_type fieldsplit # (source: code)
-rb_wrapped_fieldsplit_1_ksp_converged_reason # (source: code)
-rb_wrapped_fieldsplit_1_ksp_rtol 0.0001 # (source: code)
-rb_wrapped_fieldsplit_1_ksp_type gmres # (source: code)
-rb_wrapped_fieldsplit_1_pc_python_type fenicsx_pctools.WrappedPC # (source: code)
-rb_wrapped_fieldsplit_1_pc_type python # (source: code)
-rb_wrapped_fieldsplit_1_wrapped_pc_hypre_boomeramg_agg_nl 1 # (source: code)
-rb_wrapped_fieldsplit_1_wrapped_pc_hypre_boomeramg_agg_num_paths 2 # (source: code)
-rb_wrapped_fieldsplit_1_wrapped_pc_hypre_boomeramg_coarsen_type HMIS # (source: code)
-rb_wrapped_fieldsplit_1_wrapped_pc_hypre_boomeramg_interp_type ext+i # (source: code)
-rb_wrapped_fieldsplit_1_wrapped_pc_hypre_boomeramg_no_CF # (source: code)
-rb_wrapped_fieldsplit_1_wrapped_pc_hypre_boomeramg_P_max 4 # (source: code)
-rb_wrapped_fieldsplit_1_wrapped_pc_hypre_type boomeramg # (source: code)
-rb_wrapped_fieldsplit_1_wrapped_pc_type hypre # (source: code)
-rb_wrapped_pc_fieldsplit_type multiplicative # (source: code)
-rb_wrapped_pc_type fieldsplit # (source: code)
#End of PETSc Option Table entries
Compiled without FORTRAN kernels
Compiled with full precision matrices (default)
sizeof(short) 2 sizeof(int) 4 sizeof(long) 8 sizeof(void*) 8 sizeof(PetscScalar) 8 sizeof(PetscInt) 4
Configure options: --with-blaslapack-dir=/opt/apps/resif/aion/2020b/epyc/software/OpenBLAS/0.3.12-GCC-10.2.0/lib --COPTFLAGS="-O3 -march=znver2" --CXXOPTFLAGS="-O3 -march=znver2" --FOPTFLAGS="-O3 -march=znver2" --with-cc=mpicc --with-cxx=mpicxx --with-fc=mpif90 --with-make-np=16 --with-mpiexec=srun --download-metis --download-parmetis --download-scalapack --download-hypre --download-mumps --with-scalar-type=real --with-debugging=0 --with-shared-libraries --with-fortran-bindings=no --with-64-bit-indices=no --prefix=/scratch/users/jhale//fenicsx-aion-gompi-32-0.7.0-r1
-----------------------------------------
Libraries compiled on 2023-10-10 14:52:34 on aion-0250 
Machine characteristics: Linux-4.18.0-372.32.1.el8_6.x86_64-x86_64-with-glibc2.2.5
Using PETSc directory: /scratch/users/jhale/fenicsx-aion-gompi-32-0.7.0-r1
Using PETSc arch: 
-----------------------------------------

Using C compiler: mpicc  -fPIC -Wall -Wwrite-strings -Wno-unknown-pragmas -Wno-lto-type-mismatch -fstack-protector -fvisibility=hidden -O3 -march=znver2  
Using Fortran compiler: mpif90  -fPIC -Wall -ffree-line-length-none -ffree-line-length-0 -Wno-lto-type-mismatch -Wno-unused-dummy-argument -O3 -march=znver2    
-----------------------------------------

Using include paths: -I/scratch/users/jhale/fenicsx-aion-gompi-32-0.7.0-r1/include
-----------------------------------------

Using C linker: mpicc
Using Fortran linker: mpif90
Using libraries: -Wl,-rpath,/scratch/users/jhale/fenicsx-aion-gompi-32-0.7.0-r1/lib -L/scratch/users/jhale/fenicsx-aion-gompi-32-0.7.0-r1/lib -lpetsc -Wl,-rpath,/scratch/users/jhale/fenicsx-aion-gompi-32-0.7.0-r1/lib -L/scratch/users/jhale/fenicsx-aion-gompi-32-0.7.0-r1/lib -Wl,-rpath,/opt/apps/resif/aion/2020b/epyc/software/OpenBLAS/0.3.12-GCC-10.2.0/lib -L/opt/apps/resif/aion/2020b/epyc/software/OpenBLAS/0.3.12-GCC-10.2.0/lib -Wl,-rpath,/opt/apps/resif/aion/2020b/epyc/software/UCX/1.9.0-GCCcore-10.2.0/lib64 -L/opt/apps/resif/aion/2020b/epyc/software/UCX/1.9.0-GCCcore-10.2.0/lib64 -Wl,-rpath,/opt/apps/resif/aion/2020b/epyc/software/OpenMPI/4.0.5-GCC-10.2.0/lib -L/opt/apps/resif/aion/2020b/epyc/software/OpenMPI/4.0.5-GCC-10.2.0/lib -Wl,-rpath,/mnt/irisgpfs/apps/resif/aion/2020b/epyc/software/GCCcore/10.2.0/lib/gcc/x86_64-pc-linux-gnu/10.2.0 -L/mnt/irisgpfs/apps/resif/aion/2020b/epyc/software/GCCcore/10.2.0/lib/gcc/x86_64-pc-linux-gnu/10.2.0 -Wl,-rpath,/mnt/irisgpfs/apps/resif/aion/2020b/epyc/software/GCCcore/10.2.0/lib/gcc -L/mnt/irisgpfs/apps/resif/aion/2020b/epyc/software/GCCcore/10.2.0/lib/gcc -Wl,-rpath,/opt/apps/resif/aion/2020b/epyc/software/Bison/3.7.1-GCCcore-10.2.0/lib64 -L/opt/apps/resif/aion/2020b/epyc/software/Bison/3.7.1-GCCcore-10.2.0/lib64 -Wl,-rpath,/opt/apps/resif/aion/2020b/epyc/software/Boost/1.74.0-GCC-10.2.0/lib64 -L/opt/apps/resif/aion/2020b/epyc/software/Boost/1.74.0-GCC-10.2.0/lib64 -Wl,-rpath,/opt/apps/resif/aion/2020b/epyc/software/OpenBLAS/0.3.12-GCC-10.2.0/lib64 -L/opt/apps/resif/aion/2020b/epyc/software/OpenBLAS/0.3.12-GCC-10.2.0/lib64 -Wl,-rpath,/opt/apps/resif/aion/2020b/epyc/software/Python/3.8.6-GCCcore-10.2.0/lib64 -L/opt/apps/resif/aion/2020b/epyc/software/Python/3.8.6-GCCcore-10.2.0/lib64 -Wl,-rpath,/opt/apps/resif/aion/2020b/epyc/software/libffi/3.3-GCCcore-10.2.0/lib64 -L/opt/apps/resif/aion/2020b/epyc/software/libffi/3.3-GCCcore-10.2.0/lib64 -Wl,-rpath,/opt/apps/resif/aion/2020b/epyc/software/GMP/6.2.0-GCCcore-10.2.0/lib64 -L/opt/apps/resif/aion/2020b/epyc/software/GMP/6.2.0-GCCcore-10.2.0/lib64 -Wl,-rpath,/opt/apps/resif/aion/2020b/epyc/software/SQLite/3.33.0-GCCcore-10.2.0/lib64 -L/opt/apps/resif/aion/2020b/epyc/software/SQLite/3.33.0-GCCcore-10.2.0/lib64 -Wl,-rpath,/opt/apps/resif/aion/2020b/epyc/software/Tcl/8.6.10-GCCcore-10.2.0/lib64 -L/opt/apps/resif/aion/2020b/epyc/software/Tcl/8.6.10-GCCcore-10.2.0/lib64 -Wl,-rpath,/opt/apps/resif/aion/2020b/epyc/software/libreadline/8.0-GCCcore-10.2.0/lib64 -L/opt/apps/resif/aion/2020b/epyc/software/libreadline/8.0-GCCcore-10.2.0/lib64 -Wl,-rpath,/opt/apps/resif/aion/2020b/epyc/software/flex/2.6.4-GCCcore-10.2.0/lib64 -L/opt/apps/resif/aion/2020b/epyc/software/flex/2.6.4-GCCcore-10.2.0/lib64 -Wl,-rpath,/opt/apps/resif/aion/2020b/epyc/software/libarchive/3.4.3-GCCcore-10.2.0/lib64 -L/opt/apps/resif/aion/2020b/epyc/software/libarchive/3.4.3-GCCcore-10.2.0/lib64 -Wl,-rpath,/opt/apps/resif/aion/2020b/epyc/software/cURL/7.72.0-GCCcore-10.2.0/lib64 -L/opt/apps/resif/aion/2020b/epyc/software/cURL/7.72.0-GCCcore-10.2.0/lib64 -Wl,-rpath,/opt/apps/resif/aion/2020b/epyc/software/bzip2/1.0.8-GCCcore-10.2.0/lib64 -L/opt/apps/resif/aion/2020b/epyc/software/bzip2/1.0.8-GCCcore-10.2.0/lib64 -Wl,-rpath,/opt/apps/resif/aion/2020b/epyc/software/ncurses/6.2-GCCcore-10.2.0/lib64 -L/opt/apps/resif/aion/2020b/epyc/software/ncurses/6.2-GCCcore-10.2.0/lib64 -Wl,-rpath,/opt/apps/resif/aion/2020b/epyc/software/HDF5/1.10.7-gompi-2020b/lib64 -L/opt/apps/resif/aion/2020b/epyc/software/HDF5/1.10.7-gompi-2020b/lib64 -Wl,-rpath,/opt/apps/resif/aion/2020b/epyc/software/Szip/2.1.1-GCCcore-10.2.0/lib64 -L/opt/apps/resif/aion/2020b/epyc/software/Szip/2.1.1-GCCcore-10.2.0/lib64 -Wl,-rpath,/opt/apps/resif/aion/2020b/epyc/software/OpenMPI/4.0.5-GCC-10.2.0/lib64 -L/opt/apps/resif/aion/2020b/epyc/software/OpenMPI/4.0.5-GCC-10.2.0/lib64 -Wl,-rpath,/opt/apps/resif/aion/2020b/epyc/software/hwloc/2.2.0-GCCcore-10.2.0/lib64 -L/opt/apps/resif/aion/2020b/epyc/software/hwloc/2.2.0-GCCcore-10.2.0/lib64 -Wl,-rpath,/opt/apps/resif/aion/2020b/epyc/software/libpciaccess/0.16-GCCcore-10.2.0/lib64 -L/opt/apps/resif/aion/2020b/epyc/software/libpciaccess/0.16-GCCcore-10.2.0/lib64 -Wl,-rpath,/opt/apps/resif/aion/2020b/epyc/software/libxml2/2.9.10-GCCcore-10.2.0/lib64 -L/opt/apps/resif/aion/2020b/epyc/software/libxml2/2.9.10-GCCcore-10.2.0/lib64 -Wl,-rpath,/opt/apps/resif/aion/2020b/epyc/software/XZ/5.2.5-GCCcore-10.2.0/lib64 -L/opt/apps/resif/aion/2020b/epyc/software/XZ/5.2.5-GCCcore-10.2.0/lib64 -Wl,-rpath,/opt/apps/resif/aion/2020b/epyc/software/numactl/2.0.13-GCCcore-10.2.0/lib64 -L/opt/apps/resif/aion/2020b/epyc/software/numactl/2.0.13-GCCcore-10.2.0/lib64 -Wl,-rpath,/opt/apps/resif/aion/2020b/epyc/software/binutils/2.35-GCCcore-10.2.0/lib64 -L/opt/apps/resif/aion/2020b/epyc/software/binutils/2.35-GCCcore-10.2.0/lib64 -Wl,-rpath,/opt/apps/resif/aion/2020b/epyc/software/zlib/1.2.11-GCCcore-10.2.0/lib64 -L/opt/apps/resif/aion/2020b/epyc/software/zlib/1.2.11-GCCcore-10.2.0/lib64 -Wl,-rpath,/mnt/irisgpfs/apps/resif/aion/2020b/epyc/software/GCCcore/10.2.0/lib64 -L/mnt/irisgpfs/apps/resif/aion/2020b/epyc/software/GCCcore/10.2.0/lib64 -Wl,-rpath,/opt/apps/resif/aion/2020b/epyc/software/Bison/3.7.1-GCCcore-10.2.0/lib -L/opt/apps/resif/aion/2020b/epyc/software/Bison/3.7.1-GCCcore-10.2.0/lib -Wl,-rpath,/opt/apps/resif/aion/2020b/epyc/software/Boost/1.74.0-GCC-10.2.0/lib -L/opt/apps/resif/aion/2020b/epyc/software/Boost/1.74.0-GCC-10.2.0/lib -Wl,-rpath,/opt/apps/resif/aion/2020b/epyc/software/Python/3.8.6-GCCcore-10.2.0/lib -L/opt/apps/resif/aion/2020b/epyc/software/Python/3.8.6-GCCcore-10.2.0/lib -Wl,-rpath,/opt/apps/resif/aion/2020b/epyc/software/libffi/3.3-GCCcore-10.2.0/lib -L/opt/apps/resif/aion/2020b/epyc/software/libffi/3.3-GCCcore-10.2.0/lib -Wl,-rpath,/opt/apps/resif/aion/2020b/epyc/software/GMP/6.2.0-GCCcore-10.2.0/lib -L/opt/apps/resif/aion/2020b/epyc/software/GMP/6.2.0-GCCcore-10.2.0/lib -Wl,-rpath,/opt/apps/resif/aion/2020b/epyc/software/SQLite/3.33.0-GCCcore-10.2.0/lib -L/opt/apps/resif/aion/2020b/epyc/software/SQLite/3.33.0-GCCcore-10.2.0/lib -Wl,-rpath,/opt/apps/resif/aion/2020b/epyc/software/Tcl/8.6.10-GCCcore-10.2.0/lib -L/opt/apps/resif/aion/2020b/epyc/software/Tcl/8.6.10-GCCcore-10.2.0/lib -Wl,-rpath,/opt/apps/resif/aion/2020b/epyc/software/libreadline/8.0-GCCcore-10.2.0/lib -L/opt/apps/resif/aion/2020b/epyc/software/libreadline/8.0-GCCcore-10.2.0/lib -Wl,-rpath,/opt/apps/resif/aion/2020b/epyc/software/flex/2.6.4-GCCcore-10.2.0/lib -L/opt/apps/resif/aion/2020b/epyc/software/flex/2.6.4-GCCcore-10.2.0/lib -Wl,-rpath,/opt/apps/resif/aion/2020b/epyc/software/libarchive/3.4.3-GCCcore-10.2.0/lib -L/opt/apps/resif/aion/2020b/epyc/software/libarchive/3.4.3-GCCcore-10.2.0/lib -Wl,-rpath,/opt/apps/resif/aion/2020b/epyc/software/cURL/7.72.0-GCCcore-10.2.0/lib -L/opt/apps/resif/aion/2020b/epyc/software/cURL/7.72.0-GCCcore-10.2.0/lib -Wl,-rpath,/opt/apps/resif/aion/2020b/epyc/software/bzip2/1.0.8-GCCcore-10.2.0/lib -L/opt/apps/resif/aion/2020b/epyc/software/bzip2/1.0.8-GCCcore-10.2.0/lib -Wl,-rpath,/opt/apps/resif/aion/2020b/epyc/software/ncurses/6.2-GCCcore-10.2.0/lib -L/opt/apps/resif/aion/2020b/epyc/software/ncurses/6.2-GCCcore-10.2.0/lib -Wl,-rpath,/opt/apps/resif/aion/2020b/epyc/software/HDF5/1.10.7-gompi-2020b/lib -L/opt/apps/resif/aion/2020b/epyc/software/HDF5/1.10.7-gompi-2020b/lib -Wl,-rpath,/opt/apps/resif/aion/2020b/epyc/software/Szip/2.1.1-GCCcore-10.2.0/lib -L/opt/apps/resif/aion/2020b/epyc/software/Szip/2.1.1-GCCcore-10.2.0/lib -Wl,-rpath,/opt/apps/resif/aion/2020b/epyc/software/UCX/1.9.0-GCCcore-10.2.0/lib -L/opt/apps/resif/aion/2020b/epyc/software/UCX/1.9.0-GCCcore-10.2.0/lib -Wl,-rpath,/opt/apps/resif/aion/2020b/epyc/software/hwloc/2.2.0-GCCcore-10.2.0/lib -L/opt/apps/resif/aion/2020b/epyc/software/hwloc/2.2.0-GCCcore-10.2.0/lib -Wl,-rpath,/opt/apps/resif/aion/2020b/epyc/software/libpciaccess/0.16-GCCcore-10.2.0/lib -L/opt/apps/resif/aion/2020b/epyc/software/libpciaccess/0.16-GCCcore-10.2.0/lib -Wl,-rpath,/opt/apps/resif/aion/2020b/epyc/software/libxml2/2.9.10-GCCcore-10.2.0/lib -L/opt/apps/resif/aion/2020b/epyc/software/libxml2/2.9.10-GCCcore-10.2.0/lib -Wl,-rpath,/opt/apps/resif/aion/2020b/epyc/software/XZ/5.2.5-GCCcore-10.2.0/lib -L/opt/apps/resif/aion/2020b/epyc/software/XZ/5.2.5-GCCcore-10.2.0/lib -Wl,-rpath,/opt/apps/resif/aion/2020b/epyc/software/numactl/2.0.13-GCCcore-10.2.0/lib -L/opt/apps/resif/aion/2020b/epyc/software/numactl/2.0.13-GCCcore-10.2.0/lib -Wl,-rpath,/opt/apps/resif/aion/2020b/epyc/software/binutils/2.35-GCCcore-10.2.0/lib -L/opt/apps/resif/aion/2020b/epyc/software/binutils/2.35-GCCcore-10.2.0/lib -Wl,-rpath,/opt/apps/resif/aion/2020b/epyc/software/zlib/1.2.11-GCCcore-10.2.0/lib -L/opt/apps/resif/aion/2020b/epyc/software/zlib/1.2.11-GCCcore-10.2.0/lib -Wl,-rpath,/mnt/irisgpfs/apps/resif/aion/2020b/epyc/software/GCCcore/10.2.0/lib -L/mnt/irisgpfs/apps/resif/aion/2020b/epyc/software/GCCcore/10.2.0/lib -lHYPRE -ldmumps -lmumps_common -lpord -lpthread -lscalapack -lopenblas -lpthread -lparmetis -lmetis -lm -ldl -lmpi_usempif08 -lmpi_usempi_ignore_tkr -lmpi_mpifh -lmpi -lgfortran -lm -lgfortran -lm -lgcc_s -lquadmath -lstdc++ -lquadmath -ldl
-----------------------------------------

