****************************************************************************************************************************************************************
***                                WIDEN YOUR WINDOW TO 160 CHARACTERS.  Use 'enscript -r -fCourier9' to print this document                                 ***
****************************************************************************************************************************************************************

------------------------------------------------------------------ PETSc Performance Summary: ------------------------------------------------------------------

Unknown Name on a  named aion-0056 with 4096 processors, by jhale Wed Oct 11 15:19:52 2023
Using Petsc Release Version 3.20.0, unknown 

                         Max       Max/Min     Avg       Total
Time (sec):           6.649e+01     1.000   6.647e+01
Objects:              0.000e+00     0.000   0.000e+00
Flops:                4.617e+09     1.238   4.453e+09  1.824e+13
Flops/sec:            6.946e+07     1.238   6.700e+07  2.744e+11
MPI Msg Count:        2.168e+04     6.180   1.247e+04  5.108e+07
MPI Msg Len (bytes):  3.369e+08     3.251   1.946e+04  9.942e+11
MPI Reductions:       1.683e+03     1.000

Flop counting convention: 1 flop = 1 real number operation of type (multiply/divide/add/subtract)
                            e.g., VecAXPY() for real vectors of length N --> 2N flops
                            and VecAXPY() for complex vectors of length N --> 8N flops

Summary of Stages:   ----- Time ------  ----- Flop ------  --- Messages ---  -- Message Lengths --  -- Reductions --
                        Avg     %Total     Avg     %Total    Count   %Total     Avg         %Total    Count   %Total
 0:      Main Stage: 9.0838e+00  13.7%  8.1171e+10   0.4%  8.427e+05   1.6%  8.993e+04        7.6%  5.400e+01   3.2%
 2: WarmUp solve with PCD-AMG: 3.2088e+01  48.3%  9.0804e+12  49.8%  2.624e+07  51.4%  1.815e+04       47.9%  8.990e+02  53.4%
 3: Timed solve with PCD-AMG: 2.2415e+01  33.7%  9.0778e+12  49.8%  2.399e+07  47.0%  1.843e+04       44.5%  7.120e+02  42.3%

------------------------------------------------------------------------------------------------------------------------
See the 'Profiling' chapter of the users' manual for details on interpreting output.
Phase summary info:
   Count: number of times phase was executed
   Time and Flop: Max - maximum over all processors
                  Ratio - ratio of maximum to minimum over all processors
   Mess: number of messages sent
   AvgLen: average message length (bytes)
   Reduct: number of global reductions
   Global: entire computation
   Stage: stages of a computation. Set stages with PetscLogStagePush() and PetscLogStagePop().
      %T - percent time in this phase         %F - percent flop in this phase
      %M - percent messages in this phase     %L - percent message lengths in this phase
      %R - percent reductions in this phase
   Total Mflop/s: 10e-6 * (sum of flop over all processors)/(max time over all processors)
------------------------------------------------------------------------------------------------------------------------
Event                Count      Time (sec)     Flop                              --- Global ---  --- Stage ----  Total
                   Max Ratio  Max     Ratio   Max  Ratio  Mess   AvgLen  Reduct  %T %F %M %L %R  %T %F %M %L %R Mflop/s
------------------------------------------------------------------------------------------------------------------------

--- Event Stage 0: Main Stage

BuildTwoSided          4 1.0 1.1308e-02 3.4 0.00e+00 0.0 1.2e+05 4.0e+00 0.0e+00  0  0  0  0  0   0  0 14  0  0     0
BuildTwoSidedF         2 1.0 5.3872e-01 4.3 0.00e+00 0.0 8.6e+04 8.2e+05 0.0e+00  0  0  0  7  0   3  0 10 93  0     0
SFSetGraph             4 1.0 2.0631e-03 3.6 0.00e+00 0.0 0.0e+00 0.0e+00 0.0e+00  0  0  0  0  0   0  0  0  0  0     0
SFSetUp                4 1.0 1.6955e-02 1.7 0.00e+00 0.0 3.5e+05 5.6e+03 0.0e+00  0  0  1  0  0   0  0 42  3  0     0
SFPack                 7 1.0 4.5724e-04 7.2 0.00e+00 0.0 0.0e+00 0.0e+00 0.0e+00  0  0  0  0  0   0  0  0  0  0     0
SFUnpack               7 1.0 4.7837e-04 7.9 0.00e+00 0.0 0.0e+00 0.0e+00 0.0e+00  0  0  0  0  0   0  0  0  0  0     0
VecNorm                1 1.0 7.0530e-04 18.2 2.13e+05 1.3 0.0e+00 0.0e+00 1.0e+00  0  0  0  0  0   0  1  0  0  2 1159449
VecScale               1 1.0 7.1791e-05 2.2 1.07e+05 1.3 0.0e+00 0.0e+00 0.0e+00  0  0  0  0  0   0  1  0  0  0 5695435
VecSet                 5 1.0 5.5818e-04 7.4 0.00e+00 0.0 0.0e+00 0.0e+00 0.0e+00  0  0  0  0  0   0  0  0  0  0     0
VecScatterBegin        7 1.0 7.1517e-04 4.5 0.00e+00 0.0 4.1e+05 7.9e+03 0.0e+00  0  0  1  0  0   0  0 48  4  0     0
VecScatterEnd          7 1.0 4.9959e-03 1.9 0.00e+00 0.0 0.0e+00 0.0e+00 0.0e+00  0  0  0  0  0   0  0  0  0  0     0
VecNormalize           1 1.0 7.5789e-04 8.0 3.20e+05 1.3 0.0e+00 0.0e+00 1.0e+00  0  0  0  0  0   0  2  0  0  2 1618494
MatAssemblyBegin       2 1.0 7.3522e-01 2.0 0.00e+00 0.0 8.6e+04 8.2e+05 0.0e+00  1  0  0  7  0   5  0 10 93  0     0
MatAssemblyEnd         2 1.0 1.9076e-01 1.7 7.76e+05 3.2 8.9e+04 9.6e+03 4.0e+00  0  0  0  0  0   2  3 11  1  7 12026

--- Event Stage 2: WarmUp solve with PCD-AMG

BuildTwoSided         18 1.0 2.5935e-02 2.4 0.00e+00 0.0 3.8e+05 4.0e+00 0.0e+00  0  0  1  0  0   0  0  1  0  0     0
BuildTwoSidedF        15 1.0 9.0071e-01 7.2 0.00e+00 0.0 5.4e+05 2.7e+05 0.0e+00  1  0  1 14  0   1  0  2 30  0     0
SFSetGraph            18 1.0 6.2067e-03 1.7 0.00e+00 0.0 0.0e+00 0.0e+00 0.0e+00  0  0  0  0  0   0  0  0  0  0     0
SFSetUp               18 1.0 3.6746e-02 1.6 0.00e+00 0.0 1.1e+06 3.0e+03 0.0e+00  0  0  2  0  0   0  0  4  1  0     0
SFPack               785 1.0 5.6806e-02 3.5 0.00e+00 0.0 0.0e+00 0.0e+00 0.0e+00  0  0  0  0  0   0  0  0  0  0     0
SFUnpack             785 1.0 3.2492e-03 9.8 1.35e+05 3.3 0.0e+00 0.0e+00 0.0e+00  0  0  0  0  0   0  0  0  0  0 123159
VecDot                11 1.0 2.3586e-02 12.1 2.34e+06 1.3 0.0e+00 0.0e+00 1.1e+01  0  0  0  0  1   0  0  0  0  1 381379
VecMDot              287 1.0 3.3362e-01 1.3 1.52e+08 1.3 0.0e+00 0.0e+00 2.9e+02  0  3  0  0 17   1  6  0  0 32 1747241
VecNorm              130 1.0 1.0003e-01 4.5 1.94e+07 1.3 0.0e+00 0.0e+00 1.3e+02  0  0  0  0  8   0  1  0  0 14 744505
VecScale             397 1.0 6.0758e-03 1.6 1.07e+07 1.3 0.0e+00 0.0e+00 0.0e+00  0  0  0  0  0   0  0  0  0  0 6804852
VecCopy              101 1.0 3.5622e-03 1.6 0.00e+00 0.0 0.0e+00 0.0e+00 0.0e+00  0  0  0  0  0   0  0  0  0  0     0
VecSet               340 1.0 2.1609e-02 2.0 0.00e+00 0.0 0.0e+00 0.0e+00 0.0e+00  0  0  0  0  0   0  0  0  0  0     0
VecAXPY              110 1.0 3.3068e-03 1.2 4.59e+06 1.3 0.0e+00 0.0e+00 0.0e+00  0  0  0  0  0   0  0  0  0  0 5283471
VecWAXPY               2 1.0 1.1532e-03 2.9 2.13e+05 1.3 0.0e+00 0.0e+00 0.0e+00  0  0  0  0  0   0  0  0  0  0 709149
VecMAXPY             269 1.0 1.5573e-01 1.3 1.69e+08 1.3 0.0e+00 0.0e+00 0.0e+00  0  4  0  0  0   0  7  0  0  0 4183481
VecScatterBegin      785 1.0 1.2585e-01 1.9 0.00e+00 0.0 2.5e+07 1.3e+04 0.0e+00  0  0 48 32  0   0  0 93 68  0     0
VecScatterEnd        785 1.0 7.1749e-01 5.8 1.35e+05 3.3 0.0e+00 0.0e+00 0.0e+00  0  0  0  0  0   1  0  0  0  0   558
VecReduceArith         6 1.0 5.4595e-04 2.6 1.28e+06 1.3 0.0e+00 0.0e+00 0.0e+00  0  0  0  0  0   0  0  0  0  0 8987091
VecReduceComm          2 1.0 9.4051e-02 1865.7 0.00e+00 0.0 0.0e+00 0.0e+00 2.0e+00  0  0  0  0  0   0  0  0  0  0     0
VecNormalize         124 1.0 5.6015e-02 2.2 2.71e+07 1.3 0.0e+00 0.0e+00 1.2e+02  0  1  0  0  7   0  1  0  0 14 1862243
MatMult              297 1.0 2.8462e+00 1.2 1.85e+09 1.2 1.7e+07 1.6e+04 0.0e+00  4 40 34 28  0   9 81 67 59  0 2582257
MatSOR                87 1.0 1.3217e-01 4.4 2.55e+07 1.3 5.1e+06 1.4e+03 0.0e+00  0  1 10  1  0   0  1 19  1  0 711447
MatConvert             4 1.0 8.2828e-01 1.1 0.00e+00 0.0 0.0e+00 0.0e+00 6.0e+00  1  0  0  0  0   3  0  0  0  1     0
MatAssemblyBegin      61 1.0 1.3052e+00 2.2 0.00e+00 0.0 5.4e+05 2.7e+05 0.0e+00  1  0  1 14  0   2  0  2 30  0     0
MatAssemblyEnd        61 1.0 6.4947e-01 1.4 3.02e+06 3.2 7.9e+05 4.0e+03 4.0e+01  1  0  2  0  2   2  0  3  1  4 13771
MatGetRowIJ           12 1.0 1.5846e-04 27.4 0.00e+00 0.0 0.0e+00 0.0e+00 0.0e+00  0  0  0  0  0   0  0  0  0  0     0
MatCreateSubMat       10 1.0 8.0373e-01 1.0 0.00e+00 0.0 1.4e+06 1.9e+04 1.2e+02  1  0  3  3  7   3  0  5  5 13     0
MatZeroEntries         3 1.0 8.9596e-02 1.3 0.00e+00 0.0 0.0e+00 0.0e+00 0.0e+00  0  0  0  0  0   0  0  0  0  0     0
MatView               12 1.0 4.5957e-03 1.6 0.00e+00 0.0 0.0e+00 0.0e+00 1.4e+01  0  0  0  0  1   0  0  0  0  2     0
MatSetPreallCOO        6 1.0 4.1267e-01 1.4 0.00e+00 0.0 0.0e+00 0.0e+00 0.0e+00  1  0  0  0  0   1  0  0  0  0     0
MatSetValuesCOO        8 1.0 9.8408e-02 1.6 0.00e+00 0.0 0.0e+00 0.0e+00 0.0e+00  0  0  0  0  0   0  0  0  0  0     0
PCSetUp               12 1.0 1.0510e+01 1.0 1.37e+06 1.3 2.2e+06 1.6e+04 1.8e+02 16  0  4  4 11  33  0  8  7 20   504
PCApply                5 1.0 2.7733e+01 1.0 2.11e+09 1.2 2.4e+07 1.3e+04 8.4e+02 42 46 48 31 50  86 92 93 66 94 300902
KSPSolve_FS_0          5 1.0 2.4870e+01 1.0 2.10e+09 1.2 2.2e+07 1.3e+04 7.1e+02 37 45 42 29 42  77 91 82 61 79 333351
KSPSolve_FS_1          5 1.0 2.3319e+00 1.0 6.35e+06 1.3 1.8e+06 1.4e+03 6.9e+01  4  0  4  0  4   7  0  7  1  8 10315
KSPSolve_FS_Schu      87 1.0 2.3531e+00 1.0 4.06e+07 1.3 1.1e+07 1.5e+03 3.8e+02  3  1 21  2 22   7  2 41  3 42 64497
KSPSetUp              10 1.0 5.0626e-03 4.2 0.00e+00 0.0 0.0e+00 0.0e+00 0.0e+00  0  0  0  0  0   0  0  0  0  0     0
KSPSolve               2 1.0 2.7907e+01 1.0 2.23e+09 1.2 2.5e+07 1.3e+04 8.6e+02 42 48 48 32 51  87 97 94 67 96 316136
KSPGMRESOrthog       118 1.0 3.4417e-01 1.1 3.05e+08 1.3 0.0e+00 0.0e+00 1.2e+02  0  6  0  0  7   1 13  0  0 14 3407709
SNESSolve              1 1.0 3.2083e+01 1.0 2.30e+09 1.2 2.6e+07 1.8e+04 8.8e+02 48 50 51 48 53 100 100 100 100 98 283026
SNESSetUp              1 1.0 1.7041e-04 17.1 0.00e+00 0.0 0.0e+00 0.0e+00 0.0e+00  0  0  0  0  0   0  0  0  0  0     0
SNESFunctionEval       3 1.0 3.8225e-01 1.6 1.35e+05 3.3 1.3e+06 1.0e+04 1.8e+01  0  0  3  1  1   1  0  5  3  2  1047
SNESJacobianEval       2 1.0 3.7185e+00 1.0 6.30e+07 1.2 2.0e+05 7.2e+05 0.0e+00  6  1  0 14  0  12  3  1 30  0 67140
SNESLineSearch         2 1.0 2.5372e-01 1.0 1.52e+06 1.2 7.0e+05 1.2e+04 2.0e+00  0  0  1  1  0   1  0  3  2  0 23613

--- Event Stage 3: Timed solve with PCD-AMG

BuildTwoSidedF        14 1.0 1.0183e+00 5.3 0.00e+00 0.0 3.7e+05 3.9e+05 0.0e+00  1  0  1 14  0   2  0  2 32  0     0
SFPack               770 1.0 5.2327e-02 3.5 0.00e+00 0.0 0.0e+00 0.0e+00 0.0e+00  0  0  0  0  0   0  0  0  0  0     0
SFUnpack             770 1.0 3.0215e-03 9.2 1.35e+05 3.3 0.0e+00 0.0e+00 0.0e+00  0  0  0  0  0   0  0  0  0  0 132442
VecDot                11 1.0 2.6465e-02 4.0 2.34e+06 1.3 0.0e+00 0.0e+00 1.1e+01  0  0  0  0  1   0  0  0  0  2 339898
VecMDot              287 1.0 3.3434e-01 1.3 1.52e+08 1.3 0.0e+00 0.0e+00 2.9e+02  0  3  0  0 17   1  6  0  0 40 1743508
VecNorm              129 1.0 1.0919e-01 3.5 1.94e+07 1.3 0.0e+00 0.0e+00 1.3e+02  0  0  0  0  8   0  1  0  0 18 681728
VecScale             396 1.0 5.4575e-03 1.4 1.07e+07 1.3 0.0e+00 0.0e+00 0.0e+00  0  0  0  0  0   0  0  0  0  0 7572974
VecCopy              101 1.0 4.0237e-03 1.6 0.00e+00 0.0 0.0e+00 0.0e+00 0.0e+00  0  0  0  0  0   0  0  0  0  0     0
VecSet               329 1.0 2.1647e-02 1.9 0.00e+00 0.0 0.0e+00 0.0e+00 0.0e+00  0  0  0  0  0   0  0  0  0  0     0
VecAXPY              110 1.0 3.2688e-03 1.2 4.59e+06 1.3 0.0e+00 0.0e+00 0.0e+00  0  0  0  0  0   0  0  0  0  0 5344862
VecWAXPY               2 1.0 1.0252e-03 2.1 2.13e+05 1.3 0.0e+00 0.0e+00 0.0e+00  0  0  0  0  0   0  0  0  0  0 797679
VecMAXPY             269 1.0 1.5559e-01 1.3 1.69e+08 1.3 0.0e+00 0.0e+00 0.0e+00  0  4  0  0  0   1  7  0  0  0 4187382
VecScatterBegin      770 1.0 1.1514e-01 1.8 0.00e+00 0.0 2.4e+07 1.3e+04 0.0e+00  0  0 46 30  0   0  0 98 68  0     0
VecScatterEnd        770 1.0 6.8445e-01 6.5 1.35e+05 3.3 0.0e+00 0.0e+00 0.0e+00  0  0  0  0  0   1  0  0  0  0   585
VecReduceArith         6 1.0 5.0589e-04 2.4 1.28e+06 1.3 0.0e+00 0.0e+00 0.0e+00  0  0  0  0  0   0  0  0  0  0 9698823
VecReduceComm          2 1.0 9.7115e-02 289.7 0.00e+00 0.0 0.0e+00 0.0e+00 2.0e+00  0  0  0  0  0   0  0  0  0  0     0
VecNormalize         123 1.0 6.5011e-02 1.9 2.71e+07 1.3 0.0e+00 0.0e+00 1.2e+02  0  1  0  0  7   0  1  0  0 17 1604322
MatMult              297 1.0 2.8415e+00 1.1 1.85e+09 1.2 1.7e+07 1.6e+04 0.0e+00  4 40 34 28  0  12 81 73 63  0 2586476
MatSOR                87 1.0 1.2911e-01 4.3 2.55e+07 1.3 5.1e+06 1.4e+03 0.0e+00  0  1 10  1  0   0  1 21  2  0 728191
MatConvert             2 1.0 1.0097e-03 5.5 0.00e+00 0.0 0.0e+00 0.0e+00 0.0e+00  0  0  0  0  0   0  0  0  0  0     0
MatAssemblyBegin      30 1.0 1.4157e+00 2.1 0.00e+00 0.0 3.7e+05 3.9e+05 0.0e+00  1  0  1 14  0   4  0  2 32  0     0
MatAssemblyEnd        30 1.0 2.5804e-01 3.4 3.01e+06 3.2 0.0e+00 0.0e+00 0.0e+00  0  0  0  0  0   1  0  0  0  0 34521
MatCreateSubMat        6 1.0 3.4946e-01 1.0 0.00e+00 0.0 0.0e+00 0.0e+00 4.0e+00  1  0  0  0  0   2  0  0  0  1     0
MatZeroEntries         4 1.0 8.9603e-02 1.3 0.00e+00 0.0 0.0e+00 0.0e+00 0.0e+00  0  0  0  0  0   0  0  0  0  0     0
MatView               12 1.0 2.5976e-03 2.2 0.00e+00 0.0 0.0e+00 0.0e+00 1.4e+01  0  0  0  0  1   0  0  0  0  2     0
MatSetValuesCOO        4 1.0 9.9356e-04 5.8 0.00e+00 0.0 0.0e+00 0.0e+00 0.0e+00  0  0  0  0  0   0  0  0  0  0     0
PCSetUp                6 1.0 7.7395e-01 1.0 7.10e+05 1.3 1.7e+05 7.3e+03 8.0e+00  1  0  0  0  0   3  0  1  0  1  3553
PCApply                5 1.0 1.7975e+01 1.0 2.11e+09 1.2 2.2e+07 1.2e+04 6.8e+02 27 46 44 28 40  80 92 93 63 95 464033
KSPSolve_FS_0          5 1.0 1.7215e+01 1.0 2.10e+09 1.2 2.0e+07 1.3e+04 6.0e+02 26 45 39 27 36  77 91 84 61 85 481349
KSPSolve_FS_1          5 1.0 3.8866e-01 1.0 6.35e+06 1.3 1.8e+06 1.4e+03 6.7e+01  1  0  4  0  4   2  0  8  1  9 61886
KSPSolve_FS_Schu      87 1.0 5.5013e-01 1.2 3.96e+07 1.3 1.0e+07 1.4e+03 3.5e+02  1  1 20  1 21   2  2 43  3 49 268727
KSPSetUp               6 1.0 1.6762e-05 12.9 0.00e+00 0.0 0.0e+00 0.0e+00 0.0e+00  0  0  0  0  0   0  0  0  0  0     0
KSPSolve               2 1.0 1.8149e+01 1.0 2.23e+09 1.2 2.3e+07 1.3e+04 7.0e+02 27 48 44 29 41  81 97 94 65 98 485891
KSPGMRESOrthog       118 1.0 3.4954e-01 1.1 3.05e+08 1.3 0.0e+00 0.0e+00 1.2e+02  0  6  0  0  7   1 13  0  0 17 3355359
SNESSolve              1 1.0 2.2410e+01 1.0 2.30e+09 1.2 2.4e+07 1.8e+04 7.0e+02 34 50 47 44 41 100 100 100 100 98 405074
SNESFunctionEval       3 1.0 3.7412e-01 1.6 1.35e+05 3.3 1.0e+06 1.2e+04 0.0e+00  0  0  2  1  0   1  0  4  3  0  1070
SNESJacobianEval       2 1.0 3.7409e+00 1.0 6.30e+07 1.2 2.0e+05 7.2e+05 0.0e+00  6  1  0 14  0  17  3  1 32  0 66739
SNESLineSearch         2 1.0 2.5279e-01 1.0 1.52e+06 1.2 7.0e+05 1.2e+04 2.0e+00  0  0  1  1  0   1  0  3  2  0 23700
------------------------------------------------------------------------------------------------------------------------

Object Type          Creations   Destructions. Reports information only for process 0.

--- Event Stage 0: Main Stage

           Container     2              0
              Viewer     2              0
           Index Set    32             20
   IS L to G Mapping    30             27
   Star Forest Graph     6              1
              Vector     9              3
              Matrix    16             12
   Matrix Null Space     1              0
      Preconditioner     1              0
       Krylov Solver     1              0
                SNES     1              0
              DMSNES     1              0
      SNESLineSearch     1              0
    Distributed Mesh     1              0
     Discrete System     1              0
           Weak Form     1              0

--- Event Stage 1: PCMPI


--- Event Stage 2: WarmUp solve with PCD-AMG

           Container     6              0
           Index Set    94             58
   IS L to G Mapping    55             48
   Star Forest Graph    26              0
              Vector   343            211
              Matrix    81             31
   Matrix Null Space     1              0
      Preconditioner    12              1
       Krylov Solver     8              1
     DMKSP interface     1              0
    Distributed Mesh     4              0
     Discrete System     4              0
           Weak Form     4              0

--- Event Stage 3: Timed solve with PCD-AMG

           Index Set    12             12
   IS L to G Mapping    48             48
              Vector   174            174
              Matrix    24             24
========================================================================================================================
Average time to get PetscTime(): 3.3e-08
Average time for MPI_Barrier(): 2.47842e-05
Average time for zero size MPI_Send(): 8.40417e-07
#PETSc Option Table entries:
-options_left # (source: code)
-rb_ksp_converged_reason # (source: code)
-rb_ksp_gmres_modifiedgramschmidt # (source: code)
-rb_ksp_max_it 1000 # (source: code)
-rb_ksp_monitor # (source: code)
-rb_ksp_type fgmres # (source: code)
-rb_pc_python_type fenicsx_pctools.WrappedPC # (source: code)
-rb_pc_type python # (source: code)
-rb_snes_converged_reason # (source: code)
-rb_snes_linesearch_type basic # (source: code)
-rb_snes_max_it 25 # (source: code)
-rb_snes_monitor # (source: code)
-rb_snes_rtol 1e-08 # (source: code)
-rb_snes_type newtonls # (source: code)
-rb_snes_view # (source: code)
-rb_wrapped_fieldsplit_0_ksp_converged_reason # (source: code)
-rb_wrapped_fieldsplit_0_ksp_rtol 0.01 # (source: code)
-rb_wrapped_fieldsplit_0_ksp_type gmres # (source: code)
-rb_wrapped_fieldsplit_0_pc_python_type fenicsx_pctools.WrappedPC # (source: code)
-rb_wrapped_fieldsplit_0_pc_type python # (source: code)
-rb_wrapped_fieldsplit_0_wrapped_fieldsplit_0_ksp_type preonly # (source: code)
-rb_wrapped_fieldsplit_0_wrapped_fieldsplit_0_pc_python_type fenicsx_pctools.WrappedPC # (source: code)
-rb_wrapped_fieldsplit_0_wrapped_fieldsplit_0_pc_type python # (source: code)
-rb_wrapped_fieldsplit_0_wrapped_fieldsplit_0_wrapped_pc_hypre_boomeramg_agg_nl 1 # (source: code)
-rb_wrapped_fieldsplit_0_wrapped_fieldsplit_0_wrapped_pc_hypre_boomeramg_agg_num_paths 2 # (source: code)
-rb_wrapped_fieldsplit_0_wrapped_fieldsplit_0_wrapped_pc_hypre_boomeramg_coarsen_type HMIS # (source: code)
-rb_wrapped_fieldsplit_0_wrapped_fieldsplit_0_wrapped_pc_hypre_boomeramg_interp_type ext+i # (source: code)
-rb_wrapped_fieldsplit_0_wrapped_fieldsplit_0_wrapped_pc_hypre_boomeramg_no_CF # (source: code)
-rb_wrapped_fieldsplit_0_wrapped_fieldsplit_0_wrapped_pc_hypre_boomeramg_P_max 4 # (source: code)
-rb_wrapped_fieldsplit_0_wrapped_fieldsplit_0_wrapped_pc_hypre_type boomeramg # (source: code)
-rb_wrapped_fieldsplit_0_wrapped_fieldsplit_0_wrapped_pc_type hypre # (source: code)
-rb_wrapped_fieldsplit_0_wrapped_fieldsplit_1_ksp_type preonly # (source: code)
-rb_wrapped_fieldsplit_0_wrapped_fieldsplit_1_pc_python_type fenicsx_pctools.PCDPC_vY # (source: code)
-rb_wrapped_fieldsplit_0_wrapped_fieldsplit_1_pc_type python # (source: code)
-rb_wrapped_fieldsplit_0_wrapped_fieldsplit_1_pcd_Ap_ksp_type preonly # (source: code)
-rb_wrapped_fieldsplit_0_wrapped_fieldsplit_1_pcd_Ap_pc_hypre_boomeramg_agg_nl 1 # (source: code)
-rb_wrapped_fieldsplit_0_wrapped_fieldsplit_1_pcd_Ap_pc_hypre_boomeramg_agg_num_paths 2 # (source: code)
-rb_wrapped_fieldsplit_0_wrapped_fieldsplit_1_pcd_Ap_pc_hypre_boomeramg_coarsen_type HMIS # (source: code)
-rb_wrapped_fieldsplit_0_wrapped_fieldsplit_1_pcd_Ap_pc_hypre_boomeramg_interp_type ext+i # (source: code)
-rb_wrapped_fieldsplit_0_wrapped_fieldsplit_1_pcd_Ap_pc_hypre_boomeramg_no_CF # (source: code)
-rb_wrapped_fieldsplit_0_wrapped_fieldsplit_1_pcd_Ap_pc_hypre_boomeramg_P_max 4 # (source: code)
-rb_wrapped_fieldsplit_0_wrapped_fieldsplit_1_pcd_Ap_pc_hypre_type boomeramg # (source: code)
-rb_wrapped_fieldsplit_0_wrapped_fieldsplit_1_pcd_Ap_pc_type hypre # (source: code)
-rb_wrapped_fieldsplit_0_wrapped_fieldsplit_1_pcd_Mp_ksp_max_it 2 # (source: code)
-rb_wrapped_fieldsplit_0_wrapped_fieldsplit_1_pcd_Mp_ksp_type richardson # (source: code)
-rb_wrapped_fieldsplit_0_wrapped_fieldsplit_1_pcd_Mp_pc_type sor # (source: code)
-rb_wrapped_fieldsplit_0_wrapped_pc_fieldsplit_schur_fact_type lower # (source: code)
-rb_wrapped_fieldsplit_0_wrapped_pc_fieldsplit_type schur # (source: code)
-rb_wrapped_fieldsplit_0_wrapped_pc_type fieldsplit # (source: code)
-rb_wrapped_fieldsplit_1_ksp_converged_reason # (source: code)
-rb_wrapped_fieldsplit_1_ksp_rtol 0.0001 # (source: code)
-rb_wrapped_fieldsplit_1_ksp_type gmres # (source: code)
-rb_wrapped_fieldsplit_1_pc_python_type fenicsx_pctools.WrappedPC # (source: code)
-rb_wrapped_fieldsplit_1_pc_type python # (source: code)
-rb_wrapped_fieldsplit_1_wrapped_pc_hypre_boomeramg_agg_nl 1 # (source: code)
-rb_wrapped_fieldsplit_1_wrapped_pc_hypre_boomeramg_agg_num_paths 2 # (source: code)
-rb_wrapped_fieldsplit_1_wrapped_pc_hypre_boomeramg_coarsen_type HMIS # (source: code)
-rb_wrapped_fieldsplit_1_wrapped_pc_hypre_boomeramg_interp_type ext+i # (source: code)
-rb_wrapped_fieldsplit_1_wrapped_pc_hypre_boomeramg_no_CF # (source: code)
-rb_wrapped_fieldsplit_1_wrapped_pc_hypre_boomeramg_P_max 4 # (source: code)
-rb_wrapped_fieldsplit_1_wrapped_pc_hypre_type boomeramg # (source: code)
-rb_wrapped_fieldsplit_1_wrapped_pc_type hypre # (source: code)
-rb_wrapped_pc_fieldsplit_type multiplicative # (source: code)
-rb_wrapped_pc_type fieldsplit # (source: code)
#End of PETSc Option Table entries
Compiled without FORTRAN kernels
Compiled with full precision matrices (default)
sizeof(short) 2 sizeof(int) 4 sizeof(long) 8 sizeof(void*) 8 sizeof(PetscScalar) 8 sizeof(PetscInt) 4
Configure options: --with-blaslapack-dir=/opt/apps/resif/aion/2020b/epyc/software/OpenBLAS/0.3.12-GCC-10.2.0/lib --COPTFLAGS="-O3 -march=znver2" --CXXOPTFLAGS="-O3 -march=znver2" --FOPTFLAGS="-O3 -march=znver2" --with-cc=mpicc --with-cxx=mpicxx --with-fc=mpif90 --with-make-np=16 --with-mpiexec=srun --download-metis --download-parmetis --download-scalapack --download-hypre --download-mumps --with-scalar-type=real --with-debugging=0 --with-shared-libraries --with-fortran-bindings=no --with-64-bit-indices=no --prefix=/scratch/users/jhale//fenicsx-aion-gompi-32-0.7.0-r1
-----------------------------------------
Libraries compiled on 2023-10-10 14:52:34 on aion-0250 
Machine characteristics: Linux-4.18.0-372.32.1.el8_6.x86_64-x86_64-with-glibc2.2.5
Using PETSc directory: /scratch/users/jhale/fenicsx-aion-gompi-32-0.7.0-r1
Using PETSc arch: 
-----------------------------------------

Using C compiler: mpicc  -fPIC -Wall -Wwrite-strings -Wno-unknown-pragmas -Wno-lto-type-mismatch -fstack-protector -fvisibility=hidden -O3 -march=znver2  
Using Fortran compiler: mpif90  -fPIC -Wall -ffree-line-length-none -ffree-line-length-0 -Wno-lto-type-mismatch -Wno-unused-dummy-argument -O3 -march=znver2    
-----------------------------------------

Using include paths: -I/scratch/users/jhale/fenicsx-aion-gompi-32-0.7.0-r1/include
-----------------------------------------

Using C linker: mpicc
Using Fortran linker: mpif90
Using libraries: -Wl,-rpath,/scratch/users/jhale/fenicsx-aion-gompi-32-0.7.0-r1/lib -L/scratch/users/jhale/fenicsx-aion-gompi-32-0.7.0-r1/lib -lpetsc -Wl,-rpath,/scratch/users/jhale/fenicsx-aion-gompi-32-0.7.0-r1/lib -L/scratch/users/jhale/fenicsx-aion-gompi-32-0.7.0-r1/lib -Wl,-rpath,/opt/apps/resif/aion/2020b/epyc/software/OpenBLAS/0.3.12-GCC-10.2.0/lib -L/opt/apps/resif/aion/2020b/epyc/software/OpenBLAS/0.3.12-GCC-10.2.0/lib -Wl,-rpath,/opt/apps/resif/aion/2020b/epyc/software/UCX/1.9.0-GCCcore-10.2.0/lib64 -L/opt/apps/resif/aion/2020b/epyc/software/UCX/1.9.0-GCCcore-10.2.0/lib64 -Wl,-rpath,/opt/apps/resif/aion/2020b/epyc/software/OpenMPI/4.0.5-GCC-10.2.0/lib -L/opt/apps/resif/aion/2020b/epyc/software/OpenMPI/4.0.5-GCC-10.2.0/lib -Wl,-rpath,/mnt/irisgpfs/apps/resif/aion/2020b/epyc/software/GCCcore/10.2.0/lib/gcc/x86_64-pc-linux-gnu/10.2.0 -L/mnt/irisgpfs/apps/resif/aion/2020b/epyc/software/GCCcore/10.2.0/lib/gcc/x86_64-pc-linux-gnu/10.2.0 -Wl,-rpath,/mnt/irisgpfs/apps/resif/aion/2020b/epyc/software/GCCcore/10.2.0/lib/gcc -L/mnt/irisgpfs/apps/resif/aion/2020b/epyc/software/GCCcore/10.2.0/lib/gcc -Wl,-rpath,/opt/apps/resif/aion/2020b/epyc/software/Bison/3.7.1-GCCcore-10.2.0/lib64 -L/opt/apps/resif/aion/2020b/epyc/software/Bison/3.7.1-GCCcore-10.2.0/lib64 -Wl,-rpath,/opt/apps/resif/aion/2020b/epyc/software/Boost/1.74.0-GCC-10.2.0/lib64 -L/opt/apps/resif/aion/2020b/epyc/software/Boost/1.74.0-GCC-10.2.0/lib64 -Wl,-rpath,/opt/apps/resif/aion/2020b/epyc/software/OpenBLAS/0.3.12-GCC-10.2.0/lib64 -L/opt/apps/resif/aion/2020b/epyc/software/OpenBLAS/0.3.12-GCC-10.2.0/lib64 -Wl,-rpath,/opt/apps/resif/aion/2020b/epyc/software/Python/3.8.6-GCCcore-10.2.0/lib64 -L/opt/apps/resif/aion/2020b/epyc/software/Python/3.8.6-GCCcore-10.2.0/lib64 -Wl,-rpath,/opt/apps/resif/aion/2020b/epyc/software/libffi/3.3-GCCcore-10.2.0/lib64 -L/opt/apps/resif/aion/2020b/epyc/software/libffi/3.3-GCCcore-10.2.0/lib64 -Wl,-rpath,/opt/apps/resif/aion/2020b/epyc/software/GMP/6.2.0-GCCcore-10.2.0/lib64 -L/opt/apps/resif/aion/2020b/epyc/software/GMP/6.2.0-GCCcore-10.2.0/lib64 -Wl,-rpath,/opt/apps/resif/aion/2020b/epyc/software/SQLite/3.33.0-GCCcore-10.2.0/lib64 -L/opt/apps/resif/aion/2020b/epyc/software/SQLite/3.33.0-GCCcore-10.2.0/lib64 -Wl,-rpath,/opt/apps/resif/aion/2020b/epyc/software/Tcl/8.6.10-GCCcore-10.2.0/lib64 -L/opt/apps/resif/aion/2020b/epyc/software/Tcl/8.6.10-GCCcore-10.2.0/lib64 -Wl,-rpath,/opt/apps/resif/aion/2020b/epyc/software/libreadline/8.0-GCCcore-10.2.0/lib64 -L/opt/apps/resif/aion/2020b/epyc/software/libreadline/8.0-GCCcore-10.2.0/lib64 -Wl,-rpath,/opt/apps/resif/aion/2020b/epyc/software/flex/2.6.4-GCCcore-10.2.0/lib64 -L/opt/apps/resif/aion/2020b/epyc/software/flex/2.6.4-GCCcore-10.2.0/lib64 -Wl,-rpath,/opt/apps/resif/aion/2020b/epyc/software/libarchive/3.4.3-GCCcore-10.2.0/lib64 -L/opt/apps/resif/aion/2020b/epyc/software/libarchive/3.4.3-GCCcore-10.2.0/lib64 -Wl,-rpath,/opt/apps/resif/aion/2020b/epyc/software/cURL/7.72.0-GCCcore-10.2.0/lib64 -L/opt/apps/resif/aion/2020b/epyc/software/cURL/7.72.0-GCCcore-10.2.0/lib64 -Wl,-rpath,/opt/apps/resif/aion/2020b/epyc/software/bzip2/1.0.8-GCCcore-10.2.0/lib64 -L/opt/apps/resif/aion/2020b/epyc/software/bzip2/1.0.8-GCCcore-10.2.0/lib64 -Wl,-rpath,/opt/apps/resif/aion/2020b/epyc/software/ncurses/6.2-GCCcore-10.2.0/lib64 -L/opt/apps/resif/aion/2020b/epyc/software/ncurses/6.2-GCCcore-10.2.0/lib64 -Wl,-rpath,/opt/apps/resif/aion/2020b/epyc/software/HDF5/1.10.7-gompi-2020b/lib64 -L/opt/apps/resif/aion/2020b/epyc/software/HDF5/1.10.7-gompi-2020b/lib64 -Wl,-rpath,/opt/apps/resif/aion/2020b/epyc/software/Szip/2.1.1-GCCcore-10.2.0/lib64 -L/opt/apps/resif/aion/2020b/epyc/software/Szip/2.1.1-GCCcore-10.2.0/lib64 -Wl,-rpath,/opt/apps/resif/aion/2020b/epyc/software/OpenMPI/4.0.5-GCC-10.2.0/lib64 -L/opt/apps/resif/aion/2020b/epyc/software/OpenMPI/4.0.5-GCC-10.2.0/lib64 -Wl,-rpath,/opt/apps/resif/aion/2020b/epyc/software/hwloc/2.2.0-GCCcore-10.2.0/lib64 -L/opt/apps/resif/aion/2020b/epyc/software/hwloc/2.2.0-GCCcore-10.2.0/lib64 -Wl,-rpath,/opt/apps/resif/aion/2020b/epyc/software/libpciaccess/0.16-GCCcore-10.2.0/lib64 -L/opt/apps/resif/aion/2020b/epyc/software/libpciaccess/0.16-GCCcore-10.2.0/lib64 -Wl,-rpath,/opt/apps/resif/aion/2020b/epyc/software/libxml2/2.9.10-GCCcore-10.2.0/lib64 -L/opt/apps/resif/aion/2020b/epyc/software/libxml2/2.9.10-GCCcore-10.2.0/lib64 -Wl,-rpath,/opt/apps/resif/aion/2020b/epyc/software/XZ/5.2.5-GCCcore-10.2.0/lib64 -L/opt/apps/resif/aion/2020b/epyc/software/XZ/5.2.5-GCCcore-10.2.0/lib64 -Wl,-rpath,/opt/apps/resif/aion/2020b/epyc/software/numactl/2.0.13-GCCcore-10.2.0/lib64 -L/opt/apps/resif/aion/2020b/epyc/software/numactl/2.0.13-GCCcore-10.2.0/lib64 -Wl,-rpath,/opt/apps/resif/aion/2020b/epyc/software/binutils/2.35-GCCcore-10.2.0/lib64 -L/opt/apps/resif/aion/2020b/epyc/software/binutils/2.35-GCCcore-10.2.0/lib64 -Wl,-rpath,/opt/apps/resif/aion/2020b/epyc/software/zlib/1.2.11-GCCcore-10.2.0/lib64 -L/opt/apps/resif/aion/2020b/epyc/software/zlib/1.2.11-GCCcore-10.2.0/lib64 -Wl,-rpath,/mnt/irisgpfs/apps/resif/aion/2020b/epyc/software/GCCcore/10.2.0/lib64 -L/mnt/irisgpfs/apps/resif/aion/2020b/epyc/software/GCCcore/10.2.0/lib64 -Wl,-rpath,/opt/apps/resif/aion/2020b/epyc/software/Bison/3.7.1-GCCcore-10.2.0/lib -L/opt/apps/resif/aion/2020b/epyc/software/Bison/3.7.1-GCCcore-10.2.0/lib -Wl,-rpath,/opt/apps/resif/aion/2020b/epyc/software/Boost/1.74.0-GCC-10.2.0/lib -L/opt/apps/resif/aion/2020b/epyc/software/Boost/1.74.0-GCC-10.2.0/lib -Wl,-rpath,/opt/apps/resif/aion/2020b/epyc/software/Python/3.8.6-GCCcore-10.2.0/lib -L/opt/apps/resif/aion/2020b/epyc/software/Python/3.8.6-GCCcore-10.2.0/lib -Wl,-rpath,/opt/apps/resif/aion/2020b/epyc/software/libffi/3.3-GCCcore-10.2.0/lib -L/opt/apps/resif/aion/2020b/epyc/software/libffi/3.3-GCCcore-10.2.0/lib -Wl,-rpath,/opt/apps/resif/aion/2020b/epyc/software/GMP/6.2.0-GCCcore-10.2.0/lib -L/opt/apps/resif/aion/2020b/epyc/software/GMP/6.2.0-GCCcore-10.2.0/lib -Wl,-rpath,/opt/apps/resif/aion/2020b/epyc/software/SQLite/3.33.0-GCCcore-10.2.0/lib -L/opt/apps/resif/aion/2020b/epyc/software/SQLite/3.33.0-GCCcore-10.2.0/lib -Wl,-rpath,/opt/apps/resif/aion/2020b/epyc/software/Tcl/8.6.10-GCCcore-10.2.0/lib -L/opt/apps/resif/aion/2020b/epyc/software/Tcl/8.6.10-GCCcore-10.2.0/lib -Wl,-rpath,/opt/apps/resif/aion/2020b/epyc/software/libreadline/8.0-GCCcore-10.2.0/lib -L/opt/apps/resif/aion/2020b/epyc/software/libreadline/8.0-GCCcore-10.2.0/lib -Wl,-rpath,/opt/apps/resif/aion/2020b/epyc/software/flex/2.6.4-GCCcore-10.2.0/lib -L/opt/apps/resif/aion/2020b/epyc/software/flex/2.6.4-GCCcore-10.2.0/lib -Wl,-rpath,/opt/apps/resif/aion/2020b/epyc/software/libarchive/3.4.3-GCCcore-10.2.0/lib -L/opt/apps/resif/aion/2020b/epyc/software/libarchive/3.4.3-GCCcore-10.2.0/lib -Wl,-rpath,/opt/apps/resif/aion/2020b/epyc/software/cURL/7.72.0-GCCcore-10.2.0/lib -L/opt/apps/resif/aion/2020b/epyc/software/cURL/7.72.0-GCCcore-10.2.0/lib -Wl,-rpath,/opt/apps/resif/aion/2020b/epyc/software/bzip2/1.0.8-GCCcore-10.2.0/lib -L/opt/apps/resif/aion/2020b/epyc/software/bzip2/1.0.8-GCCcore-10.2.0/lib -Wl,-rpath,/opt/apps/resif/aion/2020b/epyc/software/ncurses/6.2-GCCcore-10.2.0/lib -L/opt/apps/resif/aion/2020b/epyc/software/ncurses/6.2-GCCcore-10.2.0/lib -Wl,-rpath,/opt/apps/resif/aion/2020b/epyc/software/HDF5/1.10.7-gompi-2020b/lib -L/opt/apps/resif/aion/2020b/epyc/software/HDF5/1.10.7-gompi-2020b/lib -Wl,-rpath,/opt/apps/resif/aion/2020b/epyc/software/Szip/2.1.1-GCCcore-10.2.0/lib -L/opt/apps/resif/aion/2020b/epyc/software/Szip/2.1.1-GCCcore-10.2.0/lib -Wl,-rpath,/opt/apps/resif/aion/2020b/epyc/software/UCX/1.9.0-GCCcore-10.2.0/lib -L/opt/apps/resif/aion/2020b/epyc/software/UCX/1.9.0-GCCcore-10.2.0/lib -Wl,-rpath,/opt/apps/resif/aion/2020b/epyc/software/hwloc/2.2.0-GCCcore-10.2.0/lib -L/opt/apps/resif/aion/2020b/epyc/software/hwloc/2.2.0-GCCcore-10.2.0/lib -Wl,-rpath,/opt/apps/resif/aion/2020b/epyc/software/libpciaccess/0.16-GCCcore-10.2.0/lib -L/opt/apps/resif/aion/2020b/epyc/software/libpciaccess/0.16-GCCcore-10.2.0/lib -Wl,-rpath,/opt/apps/resif/aion/2020b/epyc/software/libxml2/2.9.10-GCCcore-10.2.0/lib -L/opt/apps/resif/aion/2020b/epyc/software/libxml2/2.9.10-GCCcore-10.2.0/lib -Wl,-rpath,/opt/apps/resif/aion/2020b/epyc/software/XZ/5.2.5-GCCcore-10.2.0/lib -L/opt/apps/resif/aion/2020b/epyc/software/XZ/5.2.5-GCCcore-10.2.0/lib -Wl,-rpath,/opt/apps/resif/aion/2020b/epyc/software/numactl/2.0.13-GCCcore-10.2.0/lib -L/opt/apps/resif/aion/2020b/epyc/software/numactl/2.0.13-GCCcore-10.2.0/lib -Wl,-rpath,/opt/apps/resif/aion/2020b/epyc/software/binutils/2.35-GCCcore-10.2.0/lib -L/opt/apps/resif/aion/2020b/epyc/software/binutils/2.35-GCCcore-10.2.0/lib -Wl,-rpath,/opt/apps/resif/aion/2020b/epyc/software/zlib/1.2.11-GCCcore-10.2.0/lib -L/opt/apps/resif/aion/2020b/epyc/software/zlib/1.2.11-GCCcore-10.2.0/lib -Wl,-rpath,/mnt/irisgpfs/apps/resif/aion/2020b/epyc/software/GCCcore/10.2.0/lib -L/mnt/irisgpfs/apps/resif/aion/2020b/epyc/software/GCCcore/10.2.0/lib -lHYPRE -ldmumps -lmumps_common -lpord -lpthread -lscalapack -lopenblas -lpthread -lparmetis -lmetis -lm -ldl -lmpi_usempif08 -lmpi_usempi_ignore_tkr -lmpi_mpifh -lmpi -lgfortran -lm -lgfortran -lm -lgcc_s -lquadmath -lstdc++ -lquadmath -ldl
-----------------------------------------

