****************************************************************************************************************************************************************
***                                WIDEN YOUR WINDOW TO 160 CHARACTERS.  Use 'enscript -r -fCourier9' to print this document                                 ***
****************************************************************************************************************************************************************

------------------------------------------------------------------ PETSc Performance Summary: ------------------------------------------------------------------

Unknown Name on a  named aion-0267 with 2048 processors, by jhale Wed Oct 11 15:16:54 2023
Using Petsc Release Version 3.20.0, unknown 

                         Max       Max/Min     Avg       Total
Time (sec):           6.508e+01     1.000   6.507e+01
Objects:              0.000e+00     0.000   0.000e+00
Flops:                5.607e+09     1.168   5.439e+09  1.114e+13
Flops/sec:            8.618e+07     1.168   8.358e+07  1.712e+11
MPI Msg Count:        2.399e+04     5.547   1.504e+04  3.080e+07
MPI Msg Len (bytes):  3.566e+08     2.823   1.830e+04  5.635e+11
MPI Reductions:       2.061e+03     1.000

Flop counting convention: 1 flop = 1 real number operation of type (multiply/divide/add/subtract)
                            e.g., VecAXPY() for real vectors of length N --> 2N flops
                            and VecAXPY() for complex vectors of length N --> 8N flops

Summary of Stages:   ----- Time ------  ----- Flop ------  --- Messages ---  -- Message Lengths --  -- Reductions --
                        Avg     %Total     Avg     %Total    Count   %Total     Avg         %Total    Count   %Total
 0:      Main Stage: 6.5475e+00  10.1%  4.0330e+10   0.4%  4.100e+05   1.3%  9.123e+04        6.6%  5.400e+01   2.6%
 2: WarmUp solve with PCD-AMG: 3.0851e+01  47.4%  5.5496e+12  49.8%  1.574e+07  51.1%  1.725e+04       48.2%  1.088e+03  52.8%
 3: Timed solve with PCD-AMG: 2.6124e+01  40.1%  5.5484e+12  49.8%  1.465e+07  47.6%  1.738e+04       45.2%  9.010e+02  43.7%

------------------------------------------------------------------------------------------------------------------------
See the 'Profiling' chapter of the users' manual for details on interpreting output.
Phase summary info:
   Count: number of times phase was executed
   Time and Flop: Max - maximum over all processors
                  Ratio - ratio of maximum to minimum over all processors
   Mess: number of messages sent
   AvgLen: average message length (bytes)
   Reduct: number of global reductions
   Global: entire computation
   Stage: stages of a computation. Set stages with PetscLogStagePush() and PetscLogStagePop().
      %T - percent time in this phase         %F - percent flop in this phase
      %M - percent messages in this phase     %L - percent message lengths in this phase
      %R - percent reductions in this phase
   Total Mflop/s: 10e-6 * (sum of flop over all processors)/(max time over all processors)
------------------------------------------------------------------------------------------------------------------------
Event                Count      Time (sec)     Flop                              --- Global ---  --- Stage ----  Total
                   Max Ratio  Max     Ratio   Max  Ratio  Mess   AvgLen  Reduct  %T %F %M %L %R  %T %F %M %L %R Mflop/s
------------------------------------------------------------------------------------------------------------------------

--- Event Stage 0: Main Stage

BuildTwoSided          4 1.0 7.2611e-03 9.0 0.00e+00 0.0 5.7e+04 4.0e+00 0.0e+00  0  0  0  0  0   0  0 14  0  0     0
BuildTwoSidedF         2 1.0 5.2636e-01 5.6 0.00e+00 0.0 4.2e+04 8.3e+05 0.0e+00  0  0  0  6  0   3  0 10 93  0     0
SFSetGraph             4 1.0 1.9336e-03 3.1 0.00e+00 0.0 0.0e+00 0.0e+00 0.0e+00  0  0  0  0  0   0  0  0  0  0     0
SFSetUp                4 1.0 1.3338e-02 2.2 0.00e+00 0.0 1.7e+05 5.6e+03 0.0e+00  0  0  1  0  0   0  0 42  3  0     0
SFPack                 7 1.0 3.9058e-04 6.3 0.00e+00 0.0 0.0e+00 0.0e+00 0.0e+00  0  0  0  0  0   0  0  0  0  0     0
SFUnpack               7 1.0 4.4992e-04 5.7 0.00e+00 0.0 0.0e+00 0.0e+00 0.0e+00  0  0  0  0  0   0  0  0  0  0     0
VecNorm                1 1.0 8.5638e-04 18.6 2.11e+05 1.2 0.0e+00 0.0e+00 1.0e+00  0  0  0  0  0   0  1  0  0  2 475190
VecScale               1 1.0 6.5600e-05 1.5 1.06e+05 1.2 0.0e+00 0.0e+00 0.0e+00  0  0  0  0  0   0  1  0  0  0 3101730
VecSet                 5 1.0 5.7319e-04 7.4 0.00e+00 0.0 0.0e+00 0.0e+00 0.0e+00  0  0  0  0  0   0  0  0  0  0     0
VecScatterBegin        7 1.0 6.7425e-04 4.5 0.00e+00 0.0 2.0e+05 8.0e+03 0.0e+00  0  0  1  0  0   0  0 48  4  0     0
VecScatterEnd          7 1.0 4.8508e-03 2.1 0.00e+00 0.0 0.0e+00 0.0e+00 0.0e+00  0  0  0  0  0   0  0  0  0  0     0
VecNormalize           1 1.0 9.1004e-04 8.6 3.17e+05 1.2 0.0e+00 0.0e+00 1.0e+00  0  0  0  0  0   0  2  0  0  2 670758
MatAssemblyBegin       2 1.0 6.3009e-01 2.1 0.00e+00 0.0 4.2e+04 8.3e+05 0.0e+00  1  0  0  6  0   7  0 10 93  0     0
MatAssemblyEnd         2 1.0 1.7671e-01 1.7 7.13e+05 2.9 4.3e+04 9.7e+03 4.0e+00  0  0  0  0  0   2  3 11  1  7  6408

--- Event Stage 2: WarmUp solve with PCD-AMG

BuildTwoSided         18 1.0 1.8032e-02 2.5 0.00e+00 0.0 1.9e+05 4.0e+00 0.0e+00  0  0  1  0  0   0  0  1  0  0     0
BuildTwoSidedF        15 1.0 9.2400e-01 9.5 0.00e+00 0.0 2.7e+05 2.7e+05 0.0e+00  1  0  1 13  0   1  0  2 26  0     0
SFSetGraph            18 1.0 5.8330e-03 1.6 0.00e+00 0.0 0.0e+00 0.0e+00 0.0e+00  0  0  0  0  0   0  0  0  0  0     0
SFSetUp               18 1.0 2.7912e-02 1.3 0.00e+00 0.0 5.6e+05 3.0e+03 0.0e+00  0  0  2  0  0   0  0  4  1  0     0
SFPack               984 1.0 6.3148e-02 2.7 0.00e+00 0.0 0.0e+00 0.0e+00 0.0e+00  0  0  0  0  0   0  0  0  0  0     0
SFUnpack             984 1.0 3.6010e-03 9.4 1.25e+05 2.8 0.0e+00 0.0e+00 0.0e+00  0  0  0  0  0   0  0  0  0  0 54789
VecDot                18 1.0 2.8539e-02 9.2 3.80e+06 1.2 0.0e+00 0.0e+00 1.8e+01  0  0  0  0  1   0  0  0  0  2 256670
VecMDot              364 1.0 3.3769e-01 1.3 1.66e+08 1.2 0.0e+00 0.0e+00 3.6e+02  0  3  0  0 18   1  6  0  0 33 949098
VecNorm              169 1.0 8.5327e-02 4.2 2.42e+07 1.2 0.0e+00 0.0e+00 1.7e+02  0  0  0  0  8   0  1  0  0 16 547469
VecScale             504 1.0 7.3831e-03 1.5 1.33e+07 1.2 0.0e+00 0.0e+00 0.0e+00  0  0  0  0  0   0  0  0  0  0 3504197
VecCopy              127 1.0 4.9010e-03 1.8 0.00e+00 0.0 0.0e+00 0.0e+00 0.0e+00  0  0  0  0  0   0  0  0  0  0     0
VecSet               431 1.0 2.7954e-02 2.0 0.00e+00 0.0 0.0e+00 0.0e+00 0.0e+00  0  0  0  0  0   0  0  0  0  0     0
VecAXPY              143 1.0 4.8133e-03 1.2 6.64e+06 1.2 0.0e+00 0.0e+00 0.0e+00  0  0  0  0  0   0  0  0  0  0 2639659
VecWAXPY               2 1.0 1.1338e-03 2.7 2.11e+05 1.2 0.0e+00 0.0e+00 0.0e+00  0  0  0  0  0   0  0  0  0  0 358910
VecMAXPY             320 1.0 1.7161e-01 1.2 1.88e+08 1.2 0.0e+00 0.0e+00 0.0e+00  0  3  0  0  0   1  7  0  0  0 2115279
VecScatterBegin      984 1.0 1.5202e-01 1.8 0.00e+00 0.0 1.5e+07 1.3e+04 0.0e+00  0  0 48 35  0   0  0 95 72  0     0
VecScatterEnd        984 1.0 6.6832e-01 4.5 1.25e+05 2.8 0.0e+00 0.0e+00 0.0e+00  0  0  0  0  0   1  0  0  0  0   295
VecReduceArith         6 1.0 4.2820e-04 2.1 1.27e+06 1.2 0.0e+00 0.0e+00 0.0e+00  0  0  0  0  0   0  0  0  0  0 5702198
VecReduceComm          2 1.0 9.6224e-02 3201.1 0.00e+00 0.0 0.0e+00 0.0e+00 2.0e+00  0  0  0  0  0   0  0  0  0  0     0
VecNormalize         161 1.0 5.3743e-02 2.2 3.38e+07 1.2 0.0e+00 0.0e+00 1.6e+02  0  1  0  0  8   0  1  0  0 15 1212655
MatMult              378 1.0 3.5431e+00 1.2 2.30e+09 1.2 1.1e+07 1.6e+04 0.0e+00  5 41 35 31  0  11 83 69 64  0 1294268
MatSOR               109 1.0 1.4861e-01 3.9 3.15e+07 1.3 3.1e+06 1.4e+03 0.0e+00  0  1 10  1  0   0  1 20  2  0 394640
MatConvert             4 1.0 7.9761e-01 1.1 0.00e+00 0.0 0.0e+00 0.0e+00 6.0e+00  1  0  0  0  0   3  0  0  0  1     0
MatAssemblyBegin      61 1.0 1.2156e+00 2.0 0.00e+00 0.0 2.7e+05 2.7e+05 0.0e+00  1  0  1 13  0   3  0  2 26  0     0
MatAssemblyEnd        61 1.0 5.8507e-01 1.3 2.77e+06 2.9 3.9e+05 4.1e+03 4.0e+01  1  0  1  0  2   2  0  2  1  4  7546
MatGetRowIJ           12 1.0 1.0547e-04 17.4 0.00e+00 0.0 0.0e+00 0.0e+00 0.0e+00  0  0  0  0  0   0  0  0  0  0     0
MatCreateSubMat       10 1.0 7.7226e-01 1.0 0.00e+00 0.0 6.6e+05 1.9e+04 1.2e+02  1  0  2  2  6   2  0  4  5 11     0
MatZeroEntries         3 1.0 8.4040e-02 1.2 0.00e+00 0.0 0.0e+00 0.0e+00 0.0e+00  0  0  0  0  0   0  0  0  0  0     0
MatView               12 1.0 4.6972e-03 1.5 0.00e+00 0.0 0.0e+00 0.0e+00 1.4e+01  0  0  0  0  1   0  0  0  0  1     0
MatSetPreallCOO        6 1.0 4.0872e-01 1.2 0.00e+00 0.0 0.0e+00 0.0e+00 0.0e+00  1  0  0  0  0   1  0  0  0  0     0
MatSetValuesCOO        8 1.0 9.8051e-02 1.8 0.00e+00 0.0 0.0e+00 0.0e+00 0.0e+00  0  0  0  0  0   0  0  0  0  0     0
PCSetUp               12 1.0 5.4211e+00 1.0 1.35e+06 1.2 1.1e+06 1.7e+04 1.8e+02  8  0  3  3  9  18  0  7  6 16   486
PCApply                7 1.0 2.6433e+01 1.0 2.56e+09 1.2 1.5e+07 1.3e+04 1.0e+03 41 46 48 34 50  86 92 94 70 94 192465
KSPSolve_FS_0          7 1.0 2.5031e+01 1.0 2.54e+09 1.2 1.3e+07 1.3e+04 8.6e+02 38 45 42 31 42  81 91 83 65 79 201711
KSPSolve_FS_1          7 1.0 8.8767e-01 1.0 8.96e+06 1.2 1.3e+06 1.4e+03 9.7e+01  1  0  4  0  5   3  0  8  1  9 19250
KSPSolve_FS_Schu     109 1.0 1.4741e+00 1.1 4.98e+07 1.2 6.6e+06 1.5e+03 4.6e+02  2  1 21  2 23   5  2 42  4 43 63636
KSPSetUp              10 1.0 4.9514e-03 5.1 0.00e+00 0.0 0.0e+00 0.0e+00 0.0e+00  0  0  0  0  0   0  0  0  0  0     0
KSPSolve               2 1.0 2.6676e+01 1.0 2.73e+09 1.2 1.5e+07 1.3e+04 1.0e+03 41 49 49 35 51  86 98 95 72 96 203233
KSPGMRESOrthog       153 1.0 3.8214e-01 1.1 3.36e+08 1.2 0.0e+00 0.0e+00 1.6e+02  1  6  0  0  8   1 12  0  0 15 1697780
SNESSolve              1 1.0 3.0846e+01 1.0 2.79e+09 1.2 1.6e+07 1.7e+04 1.1e+03 47 50 51 48 52 100 100 100 100 99 179912
SNESSetUp              1 1.0 1.2072e-04 12.6 0.00e+00 0.0 0.0e+00 0.0e+00 0.0e+00  0  0  0  0  0   0  0  0  0  0     0
SNESFunctionEval       3 1.0 3.8373e-01 1.6 1.25e+05 2.8 6.4e+05 1.0e+04 1.8e+01  0  0  2  1  1   1  0  4  2  2   514
SNESJacobianEval       2 1.0 3.7078e+00 1.0 6.22e+07 1.2 9.9e+04 7.0e+05 0.0e+00  6  1  0 12  0  12  2  1 26  0 33462
SNESLineSearch         2 1.0 2.5316e-01 1.0 1.51e+06 1.2 3.4e+05 1.2e+04 2.0e+00  0  0  1  1  0   1  0  2  2  0 11772

--- Event Stage 3: Timed solve with PCD-AMG

BuildTwoSidedF        14 1.0 9.9347e-01 5.4 0.00e+00 0.0 1.8e+05 3.8e+05 0.0e+00  1  0  1 12  0   2  0  1 28  0     0
SFPack               969 1.0 5.9073e-02 2.6 0.00e+00 0.0 0.0e+00 0.0e+00 0.0e+00  0  0  0  0  0   0  0  0  0  0     0
SFUnpack             969 1.0 3.4344e-03 8.4 1.25e+05 2.8 0.0e+00 0.0e+00 0.0e+00  0  0  0  0  0   0  0  0  0  0 57447
VecDot                18 1.0 2.7560e-02 7.3 3.80e+06 1.2 0.0e+00 0.0e+00 1.8e+01  0  0  0  0  1   0  0  0  0  2 265788
VecMDot              364 1.0 3.2875e-01 1.3 1.66e+08 1.2 0.0e+00 0.0e+00 3.6e+02  0  3  0  0 18   1  6  0  0 40 974895
VecNorm              168 1.0 8.6360e-02 4.0 2.42e+07 1.2 0.0e+00 0.0e+00 1.7e+02  0  0  0  0  8   0  1  0  0 19 540741
VecScale             503 1.0 7.1991e-03 1.4 1.33e+07 1.2 0.0e+00 0.0e+00 0.0e+00  0  0  0  0  0   0  0  0  0  0 3592639
VecCopy              127 1.0 4.2488e-03 1.3 0.00e+00 0.0 0.0e+00 0.0e+00 0.0e+00  0  0  0  0  0   0  0  0  0  0     0
VecSet               420 1.0 2.7363e-02 1.9 0.00e+00 0.0 0.0e+00 0.0e+00 0.0e+00  0  0  0  0  0   0  0  0  0  0     0
VecAXPY              143 1.0 4.7830e-03 1.2 6.64e+06 1.2 0.0e+00 0.0e+00 0.0e+00  0  0  0  0  0   0  0  0  0  0 2656387
VecWAXPY               2 1.0 9.8363e-04 2.1 2.11e+05 1.2 0.0e+00 0.0e+00 0.0e+00  0  0  0  0  0   0  0  0  0  0 413720
VecMAXPY             320 1.0 1.7182e-01 1.2 1.88e+08 1.2 0.0e+00 0.0e+00 0.0e+00  0  3  0  0  0   1  7  0  0  0 2112692
VecScatterBegin      969 1.0 1.4512e-01 1.8 0.00e+00 0.0 1.4e+07 1.3e+04 0.0e+00  0  0 47 33  0   0  0 99 72  0     0
VecScatterEnd        969 1.0 6.4558e-01 5.1 1.25e+05 2.8 0.0e+00 0.0e+00 0.0e+00  0  0  0  0  0   1  0  0  0  0   306
VecReduceArith         6 1.0 5.1808e-04 2.5 1.27e+06 1.2 0.0e+00 0.0e+00 0.0e+00  0  0  0  0  0   0  0  0  0  0 4712884
VecReduceComm          2 1.0 9.4914e-02 3133.5 0.00e+00 0.0 0.0e+00 0.0e+00 2.0e+00  0  0  0  0  0   0  0  0  0  0     0
VecNormalize         160 1.0 5.2202e-02 2.1 3.38e+07 1.2 0.0e+00 0.0e+00 1.6e+02  0  1  0  0  8   0  1  0  0 18 1248306
MatMult              378 1.0 3.5309e+00 1.2 2.30e+09 1.2 1.1e+07 1.6e+04 0.0e+00  5 41 35 31  0  13 83 74 68  0 1298716
MatSOR               109 1.0 1.4655e-01 3.9 3.15e+07 1.3 3.1e+06 1.4e+03 0.0e+00  0  1 10  1  0   0  1 21  2  0 400119
MatConvert             2 1.0 9.7883e-04 5.4 0.00e+00 0.0 0.0e+00 0.0e+00 0.0e+00  0  0  0  0  0   0  0  0  0  0     0
MatAssemblyBegin      30 1.0 1.2960e+00 1.9 0.00e+00 0.0 1.8e+05 3.8e+05 0.0e+00  1  0  1 12  0   3  0  1 28  0     0
MatAssemblyEnd        30 1.0 2.4211e-01 2.7 2.76e+06 2.9 0.0e+00 0.0e+00 0.0e+00  0  0  0  0  0   1  0  0  0  0 18161
MatCreateSubMat        6 1.0 3.4704e-01 1.0 0.00e+00 0.0 0.0e+00 0.0e+00 4.0e+00  1  0  0  0  0   1  0  0  0  0     0
MatZeroEntries         4 1.0 8.4122e-02 1.2 0.00e+00 0.0 0.0e+00 0.0e+00 0.0e+00  0  0  0  0  0   0  0  0  0  0     0
MatView               12 1.0 2.7643e-03 2.3 0.00e+00 0.0 0.0e+00 0.0e+00 1.4e+01  0  0  0  0  1   0  0  0  0  2     0
MatSetValuesCOO        4 1.0 9.5547e-04 5.6 0.00e+00 0.0 0.0e+00 0.0e+00 0.0e+00  0  0  0  0  0   0  0  0  0  0     0
PCSetUp                6 1.0 7.1834e-01 1.0 6.99e+05 1.2 8.3e+04 7.4e+03 8.0e+00  1  0  0  0  0   3  0  1  0  1  1903
PCApply                7 1.0 2.1642e+01 1.0 2.56e+09 1.2 1.4e+07 1.3e+04 8.6e+02 33 46 45 31 42  83 92 94 68 95 234982
KSPSolve_FS_0          7 1.0 2.0918e+01 1.0 2.54e+09 1.2 1.2e+07 1.3e+04 7.6e+02 32 45 40 29 37  80 91 84 65 84 241284
KSPSolve_FS_1          7 1.0 3.5611e-01 1.0 8.96e+06 1.2 1.3e+06 1.4e+03 9.5e+01  1  0  4  0  5   1  0  9  1 11 47986
KSPSolve_FS_Schu     109 1.0 5.8730e-01 1.2 4.88e+07 1.2 6.2e+06 1.4e+03 4.4e+02  1  1 20  2 21   2  2 43  3 48 156386
KSPSetUp               6 1.0 2.0395e-05 15.0 0.00e+00 0.0 0.0e+00 0.0e+00 0.0e+00  0  0  0  0  0   0  0  0  0  0     0
KSPSolve               2 1.0 2.1880e+01 1.0 2.73e+09 1.2 1.4e+07 1.3e+04 8.8e+02 34 49 45 32 43  84 98 95 70 98 247690
KSPGMRESOrthog       153 1.0 3.7935e-01 1.1 3.36e+08 1.2 0.0e+00 0.0e+00 1.6e+02  1  6  0  0  8   1 12  0  0 18 1710241
SNESSolve              1 1.0 2.6117e+01 1.0 2.79e+09 1.2 1.5e+07 1.7e+04 8.9e+02 40 50 48 45 43 100 100 100 100 98 212441
SNESFunctionEval       3 1.0 3.7135e-01 1.6 1.25e+05 2.8 5.1e+05 1.2e+04 0.0e+00  0  0  2  1  0   1  0  3  2  0   531
SNESJacobianEval       2 1.0 3.7109e+00 1.0 6.22e+07 1.2 9.9e+04 7.0e+05 0.0e+00  6  1  0 12  0  14  2  1 27  0 33434
SNESLineSearch         2 1.0 2.4961e-01 1.0 1.51e+06 1.2 3.4e+05 1.2e+04 2.0e+00  0  0  1  1  0   1  0  2  2  0 11939
------------------------------------------------------------------------------------------------------------------------

Object Type          Creations   Destructions. Reports information only for process 0.

--- Event Stage 0: Main Stage

           Container     2              0
              Viewer     2              0
           Index Set    32             20
   IS L to G Mapping    30             27
   Star Forest Graph     6              1
              Vector     9              3
              Matrix    16             12
   Matrix Null Space     1              0
      Preconditioner     1              0
       Krylov Solver     1              0
                SNES     1              0
              DMSNES     1              0
      SNESLineSearch     1              0
    Distributed Mesh     1              0
     Discrete System     1              0
           Weak Form     1              0

--- Event Stage 1: PCMPI


--- Event Stage 2: WarmUp solve with PCD-AMG

           Container     6              0
           Index Set    94             58
   IS L to G Mapping    55             48
   Star Forest Graph    26              0
              Vector   387            255
              Matrix    81             31
   Matrix Null Space     1              0
      Preconditioner    12              1
       Krylov Solver     8              1
     DMKSP interface     1              0
    Distributed Mesh     4              0
     Discrete System     4              0
           Weak Form     4              0

--- Event Stage 3: Timed solve with PCD-AMG

           Index Set    12             12
   IS L to G Mapping    48             48
              Vector   218            218
              Matrix    24             24
========================================================================================================================
Average time to get PetscTime(): 1.0825e-06
Average time for MPI_Barrier(): 2.01422e-05
Average time for zero size MPI_Send(): 8.31923e-07
#PETSc Option Table entries:
-options_left # (source: code)
-rb_ksp_converged_reason # (source: code)
-rb_ksp_gmres_modifiedgramschmidt # (source: code)
-rb_ksp_max_it 1000 # (source: code)
-rb_ksp_monitor # (source: code)
-rb_ksp_type fgmres # (source: code)
-rb_pc_python_type fenicsx_pctools.WrappedPC # (source: code)
-rb_pc_type python # (source: code)
-rb_snes_converged_reason # (source: code)
-rb_snes_linesearch_type basic # (source: code)
-rb_snes_max_it 25 # (source: code)
-rb_snes_monitor # (source: code)
-rb_snes_rtol 1e-08 # (source: code)
-rb_snes_type newtonls # (source: code)
-rb_snes_view # (source: code)
-rb_wrapped_fieldsplit_0_ksp_converged_reason # (source: code)
-rb_wrapped_fieldsplit_0_ksp_rtol 0.01 # (source: code)
-rb_wrapped_fieldsplit_0_ksp_type gmres # (source: code)
-rb_wrapped_fieldsplit_0_pc_python_type fenicsx_pctools.WrappedPC # (source: code)
-rb_wrapped_fieldsplit_0_pc_type python # (source: code)
-rb_wrapped_fieldsplit_0_wrapped_fieldsplit_0_ksp_type preonly # (source: code)
-rb_wrapped_fieldsplit_0_wrapped_fieldsplit_0_pc_python_type fenicsx_pctools.WrappedPC # (source: code)
-rb_wrapped_fieldsplit_0_wrapped_fieldsplit_0_pc_type python # (source: code)
-rb_wrapped_fieldsplit_0_wrapped_fieldsplit_0_wrapped_pc_hypre_boomeramg_agg_nl 1 # (source: code)
-rb_wrapped_fieldsplit_0_wrapped_fieldsplit_0_wrapped_pc_hypre_boomeramg_agg_num_paths 2 # (source: code)
-rb_wrapped_fieldsplit_0_wrapped_fieldsplit_0_wrapped_pc_hypre_boomeramg_coarsen_type HMIS # (source: code)
-rb_wrapped_fieldsplit_0_wrapped_fieldsplit_0_wrapped_pc_hypre_boomeramg_interp_type ext+i # (source: code)
-rb_wrapped_fieldsplit_0_wrapped_fieldsplit_0_wrapped_pc_hypre_boomeramg_no_CF # (source: code)
-rb_wrapped_fieldsplit_0_wrapped_fieldsplit_0_wrapped_pc_hypre_boomeramg_P_max 4 # (source: code)
-rb_wrapped_fieldsplit_0_wrapped_fieldsplit_0_wrapped_pc_hypre_type boomeramg # (source: code)
-rb_wrapped_fieldsplit_0_wrapped_fieldsplit_0_wrapped_pc_type hypre # (source: code)
-rb_wrapped_fieldsplit_0_wrapped_fieldsplit_1_ksp_type preonly # (source: code)
-rb_wrapped_fieldsplit_0_wrapped_fieldsplit_1_pc_python_type fenicsx_pctools.PCDPC_vY # (source: code)
-rb_wrapped_fieldsplit_0_wrapped_fieldsplit_1_pc_type python # (source: code)
-rb_wrapped_fieldsplit_0_wrapped_fieldsplit_1_pcd_Ap_ksp_type preonly # (source: code)
-rb_wrapped_fieldsplit_0_wrapped_fieldsplit_1_pcd_Ap_pc_hypre_boomeramg_agg_nl 1 # (source: code)
-rb_wrapped_fieldsplit_0_wrapped_fieldsplit_1_pcd_Ap_pc_hypre_boomeramg_agg_num_paths 2 # (source: code)
-rb_wrapped_fieldsplit_0_wrapped_fieldsplit_1_pcd_Ap_pc_hypre_boomeramg_coarsen_type HMIS # (source: code)
-rb_wrapped_fieldsplit_0_wrapped_fieldsplit_1_pcd_Ap_pc_hypre_boomeramg_interp_type ext+i # (source: code)
-rb_wrapped_fieldsplit_0_wrapped_fieldsplit_1_pcd_Ap_pc_hypre_boomeramg_no_CF # (source: code)
-rb_wrapped_fieldsplit_0_wrapped_fieldsplit_1_pcd_Ap_pc_hypre_boomeramg_P_max 4 # (source: code)
-rb_wrapped_fieldsplit_0_wrapped_fieldsplit_1_pcd_Ap_pc_hypre_type boomeramg # (source: code)
-rb_wrapped_fieldsplit_0_wrapped_fieldsplit_1_pcd_Ap_pc_type hypre # (source: code)
-rb_wrapped_fieldsplit_0_wrapped_fieldsplit_1_pcd_Mp_ksp_max_it 2 # (source: code)
-rb_wrapped_fieldsplit_0_wrapped_fieldsplit_1_pcd_Mp_ksp_type richardson # (source: code)
-rb_wrapped_fieldsplit_0_wrapped_fieldsplit_1_pcd_Mp_pc_type sor # (source: code)
-rb_wrapped_fieldsplit_0_wrapped_pc_fieldsplit_schur_fact_type lower # (source: code)
-rb_wrapped_fieldsplit_0_wrapped_pc_fieldsplit_type schur # (source: code)
-rb_wrapped_fieldsplit_0_wrapped_pc_type fieldsplit # (source: code)
-rb_wrapped_fieldsplit_1_ksp_converged_reason # (source: code)
-rb_wrapped_fieldsplit_1_ksp_rtol 0.0001 # (source: code)
-rb_wrapped_fieldsplit_1_ksp_type gmres # (source: code)
-rb_wrapped_fieldsplit_1_pc_python_type fenicsx_pctools.WrappedPC # (source: code)
-rb_wrapped_fieldsplit_1_pc_type python # (source: code)
-rb_wrapped_fieldsplit_1_wrapped_pc_hypre_boomeramg_agg_nl 1 # (source: code)
-rb_wrapped_fieldsplit_1_wrapped_pc_hypre_boomeramg_agg_num_paths 2 # (source: code)
-rb_wrapped_fieldsplit_1_wrapped_pc_hypre_boomeramg_coarsen_type HMIS # (source: code)
-rb_wrapped_fieldsplit_1_wrapped_pc_hypre_boomeramg_interp_type ext+i # (source: code)
-rb_wrapped_fieldsplit_1_wrapped_pc_hypre_boomeramg_no_CF # (source: code)
-rb_wrapped_fieldsplit_1_wrapped_pc_hypre_boomeramg_P_max 4 # (source: code)
-rb_wrapped_fieldsplit_1_wrapped_pc_hypre_type boomeramg # (source: code)
-rb_wrapped_fieldsplit_1_wrapped_pc_type hypre # (source: code)
-rb_wrapped_pc_fieldsplit_type multiplicative # (source: code)
-rb_wrapped_pc_type fieldsplit # (source: code)
#End of PETSc Option Table entries
Compiled without FORTRAN kernels
Compiled with full precision matrices (default)
sizeof(short) 2 sizeof(int) 4 sizeof(long) 8 sizeof(void*) 8 sizeof(PetscScalar) 8 sizeof(PetscInt) 4
Configure options: --with-blaslapack-dir=/opt/apps/resif/aion/2020b/epyc/software/OpenBLAS/0.3.12-GCC-10.2.0/lib --COPTFLAGS="-O3 -march=znver2" --CXXOPTFLAGS="-O3 -march=znver2" --FOPTFLAGS="-O3 -march=znver2" --with-cc=mpicc --with-cxx=mpicxx --with-fc=mpif90 --with-make-np=16 --with-mpiexec=srun --download-metis --download-parmetis --download-scalapack --download-hypre --download-mumps --with-scalar-type=real --with-debugging=0 --with-shared-libraries --with-fortran-bindings=no --with-64-bit-indices=no --prefix=/scratch/users/jhale//fenicsx-aion-gompi-32-0.7.0-r1
-----------------------------------------
Libraries compiled on 2023-10-10 14:52:34 on aion-0250 
Machine characteristics: Linux-4.18.0-372.32.1.el8_6.x86_64-x86_64-with-glibc2.2.5
Using PETSc directory: /scratch/users/jhale/fenicsx-aion-gompi-32-0.7.0-r1
Using PETSc arch: 
-----------------------------------------

Using C compiler: mpicc  -fPIC -Wall -Wwrite-strings -Wno-unknown-pragmas -Wno-lto-type-mismatch -fstack-protector -fvisibility=hidden -O3 -march=znver2  
Using Fortran compiler: mpif90  -fPIC -Wall -ffree-line-length-none -ffree-line-length-0 -Wno-lto-type-mismatch -Wno-unused-dummy-argument -O3 -march=znver2    
-----------------------------------------

Using include paths: -I/scratch/users/jhale/fenicsx-aion-gompi-32-0.7.0-r1/include
-----------------------------------------

Using C linker: mpicc
Using Fortran linker: mpif90
Using libraries: -Wl,-rpath,/scratch/users/jhale/fenicsx-aion-gompi-32-0.7.0-r1/lib -L/scratch/users/jhale/fenicsx-aion-gompi-32-0.7.0-r1/lib -lpetsc -Wl,-rpath,/scratch/users/jhale/fenicsx-aion-gompi-32-0.7.0-r1/lib -L/scratch/users/jhale/fenicsx-aion-gompi-32-0.7.0-r1/lib -Wl,-rpath,/opt/apps/resif/aion/2020b/epyc/software/OpenBLAS/0.3.12-GCC-10.2.0/lib -L/opt/apps/resif/aion/2020b/epyc/software/OpenBLAS/0.3.12-GCC-10.2.0/lib -Wl,-rpath,/opt/apps/resif/aion/2020b/epyc/software/UCX/1.9.0-GCCcore-10.2.0/lib64 -L/opt/apps/resif/aion/2020b/epyc/software/UCX/1.9.0-GCCcore-10.2.0/lib64 -Wl,-rpath,/opt/apps/resif/aion/2020b/epyc/software/OpenMPI/4.0.5-GCC-10.2.0/lib -L/opt/apps/resif/aion/2020b/epyc/software/OpenMPI/4.0.5-GCC-10.2.0/lib -Wl,-rpath,/mnt/irisgpfs/apps/resif/aion/2020b/epyc/software/GCCcore/10.2.0/lib/gcc/x86_64-pc-linux-gnu/10.2.0 -L/mnt/irisgpfs/apps/resif/aion/2020b/epyc/software/GCCcore/10.2.0/lib/gcc/x86_64-pc-linux-gnu/10.2.0 -Wl,-rpath,/mnt/irisgpfs/apps/resif/aion/2020b/epyc/software/GCCcore/10.2.0/lib/gcc -L/mnt/irisgpfs/apps/resif/aion/2020b/epyc/software/GCCcore/10.2.0/lib/gcc -Wl,-rpath,/opt/apps/resif/aion/2020b/epyc/software/Bison/3.7.1-GCCcore-10.2.0/lib64 -L/opt/apps/resif/aion/2020b/epyc/software/Bison/3.7.1-GCCcore-10.2.0/lib64 -Wl,-rpath,/opt/apps/resif/aion/2020b/epyc/software/Boost/1.74.0-GCC-10.2.0/lib64 -L/opt/apps/resif/aion/2020b/epyc/software/Boost/1.74.0-GCC-10.2.0/lib64 -Wl,-rpath,/opt/apps/resif/aion/2020b/epyc/software/OpenBLAS/0.3.12-GCC-10.2.0/lib64 -L/opt/apps/resif/aion/2020b/epyc/software/OpenBLAS/0.3.12-GCC-10.2.0/lib64 -Wl,-rpath,/opt/apps/resif/aion/2020b/epyc/software/Python/3.8.6-GCCcore-10.2.0/lib64 -L/opt/apps/resif/aion/2020b/epyc/software/Python/3.8.6-GCCcore-10.2.0/lib64 -Wl,-rpath,/opt/apps/resif/aion/2020b/epyc/software/libffi/3.3-GCCcore-10.2.0/lib64 -L/opt/apps/resif/aion/2020b/epyc/software/libffi/3.3-GCCcore-10.2.0/lib64 -Wl,-rpath,/opt/apps/resif/aion/2020b/epyc/software/GMP/6.2.0-GCCcore-10.2.0/lib64 -L/opt/apps/resif/aion/2020b/epyc/software/GMP/6.2.0-GCCcore-10.2.0/lib64 -Wl,-rpath,/opt/apps/resif/aion/2020b/epyc/software/SQLite/3.33.0-GCCcore-10.2.0/lib64 -L/opt/apps/resif/aion/2020b/epyc/software/SQLite/3.33.0-GCCcore-10.2.0/lib64 -Wl,-rpath,/opt/apps/resif/aion/2020b/epyc/software/Tcl/8.6.10-GCCcore-10.2.0/lib64 -L/opt/apps/resif/aion/2020b/epyc/software/Tcl/8.6.10-GCCcore-10.2.0/lib64 -Wl,-rpath,/opt/apps/resif/aion/2020b/epyc/software/libreadline/8.0-GCCcore-10.2.0/lib64 -L/opt/apps/resif/aion/2020b/epyc/software/libreadline/8.0-GCCcore-10.2.0/lib64 -Wl,-rpath,/opt/apps/resif/aion/2020b/epyc/software/flex/2.6.4-GCCcore-10.2.0/lib64 -L/opt/apps/resif/aion/2020b/epyc/software/flex/2.6.4-GCCcore-10.2.0/lib64 -Wl,-rpath,/opt/apps/resif/aion/2020b/epyc/software/libarchive/3.4.3-GCCcore-10.2.0/lib64 -L/opt/apps/resif/aion/2020b/epyc/software/libarchive/3.4.3-GCCcore-10.2.0/lib64 -Wl,-rpath,/opt/apps/resif/aion/2020b/epyc/software/cURL/7.72.0-GCCcore-10.2.0/lib64 -L/opt/apps/resif/aion/2020b/epyc/software/cURL/7.72.0-GCCcore-10.2.0/lib64 -Wl,-rpath,/opt/apps/resif/aion/2020b/epyc/software/bzip2/1.0.8-GCCcore-10.2.0/lib64 -L/opt/apps/resif/aion/2020b/epyc/software/bzip2/1.0.8-GCCcore-10.2.0/lib64 -Wl,-rpath,/opt/apps/resif/aion/2020b/epyc/software/ncurses/6.2-GCCcore-10.2.0/lib64 -L/opt/apps/resif/aion/2020b/epyc/software/ncurses/6.2-GCCcore-10.2.0/lib64 -Wl,-rpath,/opt/apps/resif/aion/2020b/epyc/software/HDF5/1.10.7-gompi-2020b/lib64 -L/opt/apps/resif/aion/2020b/epyc/software/HDF5/1.10.7-gompi-2020b/lib64 -Wl,-rpath,/opt/apps/resif/aion/2020b/epyc/software/Szip/2.1.1-GCCcore-10.2.0/lib64 -L/opt/apps/resif/aion/2020b/epyc/software/Szip/2.1.1-GCCcore-10.2.0/lib64 -Wl,-rpath,/opt/apps/resif/aion/2020b/epyc/software/OpenMPI/4.0.5-GCC-10.2.0/lib64 -L/opt/apps/resif/aion/2020b/epyc/software/OpenMPI/4.0.5-GCC-10.2.0/lib64 -Wl,-rpath,/opt/apps/resif/aion/2020b/epyc/software/hwloc/2.2.0-GCCcore-10.2.0/lib64 -L/opt/apps/resif/aion/2020b/epyc/software/hwloc/2.2.0-GCCcore-10.2.0/lib64 -Wl,-rpath,/opt/apps/resif/aion/2020b/epyc/software/libpciaccess/0.16-GCCcore-10.2.0/lib64 -L/opt/apps/resif/aion/2020b/epyc/software/libpciaccess/0.16-GCCcore-10.2.0/lib64 -Wl,-rpath,/opt/apps/resif/aion/2020b/epyc/software/libxml2/2.9.10-GCCcore-10.2.0/lib64 -L/opt/apps/resif/aion/2020b/epyc/software/libxml2/2.9.10-GCCcore-10.2.0/lib64 -Wl,-rpath,/opt/apps/resif/aion/2020b/epyc/software/XZ/5.2.5-GCCcore-10.2.0/lib64 -L/opt/apps/resif/aion/2020b/epyc/software/XZ/5.2.5-GCCcore-10.2.0/lib64 -Wl,-rpath,/opt/apps/resif/aion/2020b/epyc/software/numactl/2.0.13-GCCcore-10.2.0/lib64 -L/opt/apps/resif/aion/2020b/epyc/software/numactl/2.0.13-GCCcore-10.2.0/lib64 -Wl,-rpath,/opt/apps/resif/aion/2020b/epyc/software/binutils/2.35-GCCcore-10.2.0/lib64 -L/opt/apps/resif/aion/2020b/epyc/software/binutils/2.35-GCCcore-10.2.0/lib64 -Wl,-rpath,/opt/apps/resif/aion/2020b/epyc/software/zlib/1.2.11-GCCcore-10.2.0/lib64 -L/opt/apps/resif/aion/2020b/epyc/software/zlib/1.2.11-GCCcore-10.2.0/lib64 -Wl,-rpath,/mnt/irisgpfs/apps/resif/aion/2020b/epyc/software/GCCcore/10.2.0/lib64 -L/mnt/irisgpfs/apps/resif/aion/2020b/epyc/software/GCCcore/10.2.0/lib64 -Wl,-rpath,/opt/apps/resif/aion/2020b/epyc/software/Bison/3.7.1-GCCcore-10.2.0/lib -L/opt/apps/resif/aion/2020b/epyc/software/Bison/3.7.1-GCCcore-10.2.0/lib -Wl,-rpath,/opt/apps/resif/aion/2020b/epyc/software/Boost/1.74.0-GCC-10.2.0/lib -L/opt/apps/resif/aion/2020b/epyc/software/Boost/1.74.0-GCC-10.2.0/lib -Wl,-rpath,/opt/apps/resif/aion/2020b/epyc/software/Python/3.8.6-GCCcore-10.2.0/lib -L/opt/apps/resif/aion/2020b/epyc/software/Python/3.8.6-GCCcore-10.2.0/lib -Wl,-rpath,/opt/apps/resif/aion/2020b/epyc/software/libffi/3.3-GCCcore-10.2.0/lib -L/opt/apps/resif/aion/2020b/epyc/software/libffi/3.3-GCCcore-10.2.0/lib -Wl,-rpath,/opt/apps/resif/aion/2020b/epyc/software/GMP/6.2.0-GCCcore-10.2.0/lib -L/opt/apps/resif/aion/2020b/epyc/software/GMP/6.2.0-GCCcore-10.2.0/lib -Wl,-rpath,/opt/apps/resif/aion/2020b/epyc/software/SQLite/3.33.0-GCCcore-10.2.0/lib -L/opt/apps/resif/aion/2020b/epyc/software/SQLite/3.33.0-GCCcore-10.2.0/lib -Wl,-rpath,/opt/apps/resif/aion/2020b/epyc/software/Tcl/8.6.10-GCCcore-10.2.0/lib -L/opt/apps/resif/aion/2020b/epyc/software/Tcl/8.6.10-GCCcore-10.2.0/lib -Wl,-rpath,/opt/apps/resif/aion/2020b/epyc/software/libreadline/8.0-GCCcore-10.2.0/lib -L/opt/apps/resif/aion/2020b/epyc/software/libreadline/8.0-GCCcore-10.2.0/lib -Wl,-rpath,/opt/apps/resif/aion/2020b/epyc/software/flex/2.6.4-GCCcore-10.2.0/lib -L/opt/apps/resif/aion/2020b/epyc/software/flex/2.6.4-GCCcore-10.2.0/lib -Wl,-rpath,/opt/apps/resif/aion/2020b/epyc/software/libarchive/3.4.3-GCCcore-10.2.0/lib -L/opt/apps/resif/aion/2020b/epyc/software/libarchive/3.4.3-GCCcore-10.2.0/lib -Wl,-rpath,/opt/apps/resif/aion/2020b/epyc/software/cURL/7.72.0-GCCcore-10.2.0/lib -L/opt/apps/resif/aion/2020b/epyc/software/cURL/7.72.0-GCCcore-10.2.0/lib -Wl,-rpath,/opt/apps/resif/aion/2020b/epyc/software/bzip2/1.0.8-GCCcore-10.2.0/lib -L/opt/apps/resif/aion/2020b/epyc/software/bzip2/1.0.8-GCCcore-10.2.0/lib -Wl,-rpath,/opt/apps/resif/aion/2020b/epyc/software/ncurses/6.2-GCCcore-10.2.0/lib -L/opt/apps/resif/aion/2020b/epyc/software/ncurses/6.2-GCCcore-10.2.0/lib -Wl,-rpath,/opt/apps/resif/aion/2020b/epyc/software/HDF5/1.10.7-gompi-2020b/lib -L/opt/apps/resif/aion/2020b/epyc/software/HDF5/1.10.7-gompi-2020b/lib -Wl,-rpath,/opt/apps/resif/aion/2020b/epyc/software/Szip/2.1.1-GCCcore-10.2.0/lib -L/opt/apps/resif/aion/2020b/epyc/software/Szip/2.1.1-GCCcore-10.2.0/lib -Wl,-rpath,/opt/apps/resif/aion/2020b/epyc/software/UCX/1.9.0-GCCcore-10.2.0/lib -L/opt/apps/resif/aion/2020b/epyc/software/UCX/1.9.0-GCCcore-10.2.0/lib -Wl,-rpath,/opt/apps/resif/aion/2020b/epyc/software/hwloc/2.2.0-GCCcore-10.2.0/lib -L/opt/apps/resif/aion/2020b/epyc/software/hwloc/2.2.0-GCCcore-10.2.0/lib -Wl,-rpath,/opt/apps/resif/aion/2020b/epyc/software/libpciaccess/0.16-GCCcore-10.2.0/lib -L/opt/apps/resif/aion/2020b/epyc/software/libpciaccess/0.16-GCCcore-10.2.0/lib -Wl,-rpath,/opt/apps/resif/aion/2020b/epyc/software/libxml2/2.9.10-GCCcore-10.2.0/lib -L/opt/apps/resif/aion/2020b/epyc/software/libxml2/2.9.10-GCCcore-10.2.0/lib -Wl,-rpath,/opt/apps/resif/aion/2020b/epyc/software/XZ/5.2.5-GCCcore-10.2.0/lib -L/opt/apps/resif/aion/2020b/epyc/software/XZ/5.2.5-GCCcore-10.2.0/lib -Wl,-rpath,/opt/apps/resif/aion/2020b/epyc/software/numactl/2.0.13-GCCcore-10.2.0/lib -L/opt/apps/resif/aion/2020b/epyc/software/numactl/2.0.13-GCCcore-10.2.0/lib -Wl,-rpath,/opt/apps/resif/aion/2020b/epyc/software/binutils/2.35-GCCcore-10.2.0/lib -L/opt/apps/resif/aion/2020b/epyc/software/binutils/2.35-GCCcore-10.2.0/lib -Wl,-rpath,/opt/apps/resif/aion/2020b/epyc/software/zlib/1.2.11-GCCcore-10.2.0/lib -L/opt/apps/resif/aion/2020b/epyc/software/zlib/1.2.11-GCCcore-10.2.0/lib -Wl,-rpath,/mnt/irisgpfs/apps/resif/aion/2020b/epyc/software/GCCcore/10.2.0/lib -L/mnt/irisgpfs/apps/resif/aion/2020b/epyc/software/GCCcore/10.2.0/lib -lHYPRE -ldmumps -lmumps_common -lpord -lpthread -lscalapack -lopenblas -lpthread -lparmetis -lmetis -lm -ldl -lmpi_usempif08 -lmpi_usempi_ignore_tkr -lmpi_mpifh -lmpi -lgfortran -lm -lgfortran -lm -lgcc_s -lquadmath -lstdc++ -lquadmath -ldl
-----------------------------------------

