****************************************************************************************************************************************************************
***                                WIDEN YOUR WINDOW TO 160 CHARACTERS.  Use 'enscript -r -fCourier9' to print this document                                 ***
****************************************************************************************************************************************************************

------------------------------------------------------------------ PETSc Performance Summary: ------------------------------------------------------------------

Unknown Name on a  named aion-0008 with 4096 processors, by jhale Thu Oct 12 09:57:50 2023
Using Petsc Release Version 3.20.0, unknown 

                         Max       Max/Min     Avg       Total
Time (sec):           7.054e+01     1.000   7.052e+01
Objects:              0.000e+00     0.000   0.000e+00
Flops:                5.666e+09     1.238   5.465e+09  2.238e+13
Flops/sec:            8.035e+07     1.238   7.749e+07  3.174e+11
MPI Msg Count:        2.613e+04     6.191   1.503e+04  6.155e+07
MPI Msg Len (bytes):  3.816e+08     3.259   1.829e+04  1.126e+12
MPI Reductions:       2.007e+03     1.000

Flop counting convention: 1 flop = 1 real number operation of type (multiply/divide/add/subtract)
                            e.g., VecAXPY() for real vectors of length N --> 2N flops
                            and VecAXPY() for complex vectors of length N --> 8N flops

Summary of Stages:   ----- Time ------  ----- Flop ------  --- Messages ---  -- Message Lengths --  -- Reductions --
                        Avg     %Total     Avg     %Total    Count   %Total     Avg         %Total    Count   %Total
 0:      Main Stage: 1.6376e+01  23.2%  8.1171e+10   0.4%  8.427e+05   1.4%  8.993e+04        6.7%  5.400e+01   2.7%
 2: WarmUp solve with PCD-AMG: 3.0846e+01  43.7%  1.1151e+13  49.8%  3.142e+07  51.0%  1.725e+04       48.1%  1.059e+03  52.8%
 3: Timed solve with PCD-AMG: 1.9735e+01  28.0%  1.1150e+13  49.8%  2.929e+07  47.6%  1.734e+04       45.1%  8.760e+02  43.6%

------------------------------------------------------------------------------------------------------------------------
See the 'Profiling' chapter of the users' manual for details on interpreting output.
Phase summary info:
   Count: number of times phase was executed
   Time and Flop: Max - maximum over all processors
                  Ratio - ratio of maximum to minimum over all processors
   Mess: number of messages sent
   AvgLen: average message length (bytes)
   Reduct: number of global reductions
   Global: entire computation
   Stage: stages of a computation. Set stages with PetscLogStagePush() and PetscLogStagePop().
      %T - percent time in this phase         %F - percent flop in this phase
      %M - percent messages in this phase     %L - percent message lengths in this phase
      %R - percent reductions in this phase
   Total Mflop/s: 10e-6 * (sum of flop over all processors)/(max time over all processors)
------------------------------------------------------------------------------------------------------------------------
Event                Count      Time (sec)     Flop                              --- Global ---  --- Stage ----  Total
                   Max Ratio  Max     Ratio   Max  Ratio  Mess   AvgLen  Reduct  %T %F %M %L %R  %T %F %M %L %R Mflop/s
------------------------------------------------------------------------------------------------------------------------

--- Event Stage 0: Main Stage

BuildTwoSided          4 1.0 8.3706e-03 13.2 0.00e+00 0.0 1.2e+05 4.0e+00 0.0e+00  0  0  0  0  0   0  0 14  0  0     0
BuildTwoSidedF         2 1.0 4.3259e-01 4.5 0.00e+00 0.0 8.6e+04 8.2e+05 0.0e+00  0  0  0  6  0   1  0 10 93  0     0
SFSetGraph             4 1.0 2.2454e-03 3.7 0.00e+00 0.0 0.0e+00 0.0e+00 0.0e+00  0  0  0  0  0   0  0  0  0  0     0
SFSetUp                4 1.0 1.1427e-02 1.9 0.00e+00 0.0 3.5e+05 5.6e+03 0.0e+00  0  0  1  0  0   0  0 42  3  0     0
SFPack                 7 1.0 3.4727e-04 6.4 0.00e+00 0.0 0.0e+00 0.0e+00 0.0e+00  0  0  0  0  0   0  0  0  0  0     0
SFUnpack               7 1.0 2.9987e-04 5.0 0.00e+00 0.0 0.0e+00 0.0e+00 0.0e+00  0  0  0  0  0   0  0  0  0  0     0
VecNorm                1 1.0 4.4584e-03 101.2 2.13e+05 1.3 0.0e+00 0.0e+00 1.0e+00  0  0  0  0  0   0  1  0  0  2 183421
VecScale               1 1.0 6.7770e-05 1.5 1.07e+05 1.3 0.0e+00 0.0e+00 0.0e+00  0  0  0  0  0   0  1  0  0  0 6033363
VecSet                 5 1.0 2.8725e-04 3.9 0.00e+00 0.0 0.0e+00 0.0e+00 0.0e+00  0  0  0  0  0   0  0  0  0  0     0
VecScatterBegin        7 1.0 5.4615e-04 3.7 0.00e+00 0.0 4.1e+05 7.9e+03 0.0e+00  0  0  1  0  0   0  0 48  4  0     0
VecScatterEnd          7 1.0 3.6097e-03 2.4 0.00e+00 0.0 0.0e+00 0.0e+00 0.0e+00  0  0  0  0  0   0  0  0  0  0     0
VecNormalize           1 1.0 4.5204e-03 47.2 3.20e+05 1.3 0.0e+00 0.0e+00 1.0e+00  0  0  0  0  0   0  2  0  0  2 271354
MatAssemblyBegin       2 1.0 6.1535e-01 2.2 0.00e+00 0.0 8.6e+04 8.2e+05 0.0e+00  1  0  0  6  0   2  0 10 93  0     0
MatAssemblyEnd         2 1.0 1.7864e-01 1.8 7.76e+05 3.2 8.9e+04 9.6e+03 4.0e+00  0  0  0  0  0   1  3 11  1  7 12842

--- Event Stage 2: WarmUp solve with PCD-AMG

BuildTwoSided         18 1.0 3.4597e-02 2.1 0.00e+00 0.0 3.8e+05 4.0e+00 0.0e+00  0  0  1  0  0   0  0  1  0  0     0
BuildTwoSidedF        15 1.0 7.8526e-01 8.6 0.00e+00 0.0 5.4e+05 2.7e+05 0.0e+00  0  0  1 13  0   1  0  2 27  0     0
SFSetGraph            18 1.0 6.3734e-03 1.8 0.00e+00 0.0 0.0e+00 0.0e+00 0.0e+00  0  0  0  0  0   0  0  0  0  0     0
SFSetUp               18 1.0 4.2281e-02 1.5 0.00e+00 0.0 1.1e+06 3.0e+03 0.0e+00  0  0  2  0  0   0  0  4  1  0     0
SFPack               957 1.0 3.6375e-02 2.9 0.00e+00 0.0 0.0e+00 0.0e+00 0.0e+00  0  0  0  0  0   0  0  0  0  0     0
SFUnpack             957 1.0 3.0889e-03 10.2 1.35e+05 3.3 0.0e+00 0.0e+00 0.0e+00  0  0  0  0  0   0  0  0  0  0 129553
VecDot                16 1.0 1.3646e-02 3.8 3.41e+06 1.3 0.0e+00 0.0e+00 1.6e+01  0  0  0  0  1   0  0  0  0  2 958824
VecMDot              353 1.0 2.6342e-01 1.5 1.92e+08 1.3 0.0e+00 0.0e+00 3.5e+02  0  3  0  0 18   1  7  0  0 33 2803043
VecNorm              159 1.0 9.3253e-02 3.6 2.37e+07 1.3 0.0e+00 0.0e+00 1.6e+02  0  0  0  0  8   0  1  0  0 15 978660
VecScale             487 1.0 5.3730e-03 1.6 1.30e+07 1.3 0.0e+00 0.0e+00 0.0e+00  0  0  0  0  0   0  0  0  0  0 9415684
VecCopy              123 1.0 2.1673e-03 1.5 0.00e+00 0.0 0.0e+00 0.0e+00 0.0e+00  0  0  0  0  0   0  0  0  0  0     0
VecSet               413 1.0 1.3415e-02 1.5 0.00e+00 0.0 0.0e+00 0.0e+00 0.0e+00  0  0  0  0  0   0  0  0  0  0     0
VecAXPY              137 1.0 3.5685e-03 1.7 6.04e+06 1.3 0.0e+00 0.0e+00 0.0e+00  0  0  0  0  0   0  0  0  0  0 6448138
VecWAXPY               2 1.0 8.3852e-04 3.1 2.13e+05 1.3 0.0e+00 0.0e+00 0.0e+00  0  0  0  0  0   0  0  0  0  0 975241
VecMAXPY             337 1.0 1.0145e-01 1.3 2.14e+08 1.3 0.0e+00 0.0e+00 0.0e+00  0  4  0  0  0   0  7  0  0  0 8111319
VecScatterBegin      957 1.0 8.5373e-02 1.6 0.00e+00 0.0 3.0e+07 1.3e+04 0.0e+00  0  0 48 34  0   0  0 94 72  0     0
VecScatterEnd        957 1.0 5.3535e-01 6.5 1.35e+05 3.3 0.0e+00 0.0e+00 0.0e+00  0  0  0  0  0   1  0  0  0  0   747
VecReduceArith         6 1.0 4.2286e-04 2.1 1.28e+06 1.3 0.0e+00 0.0e+00 0.0e+00  0  0  0  0  0   0  0  0  0  0 11603243
VecReduceComm          2 1.0 9.6209e-02 43.8 0.00e+00 0.0 0.0e+00 0.0e+00 2.0e+00  0  0  0  0  0   0  0  0  0  0     0
VecNormalize         152 1.0 4.8117e-02 1.9 3.34e+07 1.3 0.0e+00 0.0e+00 1.5e+02  0  1  0  0  8   0  1  0  0 14 2665958
MatMult              365 1.0 1.9993e+00 1.1 2.27e+09 1.2 2.1e+07 1.6e+04 0.0e+00  3 40 35 31  0   6 81 68 63  0 4519770
MatSOR               107 1.0 1.5278e-01 1.8 3.14e+07 1.3 6.3e+06 1.4e+03 0.0e+00  0  1 10  1  0   0  1 20  2  0 756926
MatConvert             4 1.0 6.6276e-01 1.0 0.00e+00 0.0 0.0e+00 0.0e+00 6.0e+00  1  0  0  0  0   2  0  0  0  1     0
MatAssemblyBegin      61 1.0 1.1869e+00 2.2 0.00e+00 0.0 5.4e+05 2.7e+05 0.0e+00  1  0  1 13  0   2  0  2 27  0     0
MatAssemblyEnd        61 1.0 6.0290e-01 1.4 3.02e+06 3.2 7.9e+05 4.0e+03 4.0e+01  1  0  1  0  2   2  0  3  1  4 14835
MatGetRowIJ           12 1.0 1.3589e-03 277.3 0.00e+00 0.0 0.0e+00 0.0e+00 0.0e+00  0  0  0  0  0   0  0  0  0  0     0
MatCreateSubMat       10 1.0 6.5071e-01 1.0 0.00e+00 0.0 1.4e+06 1.9e+04 1.2e+02  1  0  2  2  6   2  0  4  5 11     0
MatZeroEntries         3 1.0 4.4670e-02 1.3 0.00e+00 0.0 0.0e+00 0.0e+00 0.0e+00  0  0  0  0  0   0  0  0  0  0     0
MatView               12 1.0 1.3868e-02 1.9 0.00e+00 0.0 0.0e+00 0.0e+00 1.4e+01  0  0  0  0  1   0  0  0  0  1     0
MatSetPreallCOO        6 1.0 3.5719e-01 1.3 0.00e+00 0.0 0.0e+00 0.0e+00 0.0e+00  0  0  0  0  0   1  0  0  0  0     0
MatSetValuesCOO        8 1.0 5.0281e-02 1.3 0.00e+00 0.0 0.0e+00 0.0e+00 0.0e+00  0  0  0  0  0   0  0  0  0  0     0
PCSetUp               12 1.0 1.2585e+01 1.0 1.37e+06 1.3 2.2e+06 1.6e+04 1.8e+02 18  0  4  3  9  41  0  7  7 17   421
PCApply                6 1.0 2.6727e+01 1.0 2.61e+09 1.2 2.9e+07 1.3e+04 1.0e+03 38 46 48 33 50  87 93 94 70 94 385968
KSPSolve_FS_0          6 1.0 2.3861e+01 1.0 2.60e+09 1.2 2.6e+07 1.3e+04 8.5e+02 34 46 43 31 42  77 92 84 65 80 429558
KSPSolve_FS_1          6 1.0 2.4346e+00 1.0 7.83e+06 1.3 2.2e+06 1.4e+03 8.4e+01  3  0  4  0  4   8  0  7  1  8 12177
KSPSolve_FS_Schu     107 1.0 5.1500e+00 1.0 4.98e+07 1.3 1.3e+07 1.5e+03 4.6e+02  7  1 21  2 23  17  2 42  4 43 36112
KSPSetUp              10 1.0 3.0177e-03 1.9 0.00e+00 0.0 0.0e+00 0.0e+00 0.0e+00  0  0  0  0  0   0  0  0  0  0     0
KSPSolve               2 1.0 2.6852e+01 1.0 2.76e+09 1.2 3.0e+07 1.3e+04 1.0e+03 38 49 48 34 51  87 98 95 71 96 405666
KSPGMRESOrthog       145 1.0 2.3427e-01 1.1 3.87e+08 1.3 0.0e+00 0.0e+00 1.6e+02  0  7  0  0  8   1 13  0  0 15 6357502
SNESSolve              1 1.0 3.0830e+01 1.0 2.82e+09 1.2 3.1e+07 1.7e+04 1.0e+03 44 50 51 48 52 100 100 100 100 99 361690
SNESSetUp              1 1.0 6.9500e-04 73.0 0.00e+00 0.0 0.0e+00 0.0e+00 0.0e+00  0  0  0  0  0   0  0  0  0  0     0
SNESFunctionEval       3 1.0 3.5674e-01 1.9 1.35e+05 3.3 1.3e+06 1.0e+04 1.8e+01  0  0  2  1  1   1  0  4  2  2  1122
SNESJacobianEval       2 1.0 3.5691e+00 1.0 6.30e+07 1.2 2.0e+05 7.2e+05 0.0e+00  5  1  0 13  0  12  2  1 26  0 69952
SNESLineSearch         2 1.0 2.1848e-01 1.0 1.52e+06 1.2 7.0e+05 1.2e+04 2.0e+00  0  0  1  1  0   1  0  2  2  0 27421

--- Event Stage 3: Timed solve with PCD-AMG

BuildTwoSidedF        14 1.0 9.5989e-01 5.7 0.00e+00 0.0 3.7e+05 3.9e+05 0.0e+00  1  0  1 13  0   2  0  1 28  0     0
SFPack               944 1.0 3.3245e-02 3.3 0.00e+00 0.0 0.0e+00 0.0e+00 0.0e+00  0  0  0  0  0   0  0  0  0  0     0
SFUnpack             944 1.0 2.8685e-03 9.5 1.35e+05 3.3 0.0e+00 0.0e+00 0.0e+00  0  0  0  0  0   0  0  0  0  0 139504
VecDot                16 1.0 2.1355e-02 2.1 3.41e+06 1.3 0.0e+00 0.0e+00 1.6e+01  0  0  0  0  1   0  0  0  0  2 612697
VecMDot              355 1.0 3.0349e-01 1.4 1.92e+08 1.3 0.0e+00 0.0e+00 3.6e+02  0  3  0  0 18   1  7  0  0 41 2434364
VecNorm              160 1.0 1.0395e-01 3.6 2.38e+07 1.3 0.0e+00 0.0e+00 1.6e+02  0  0  0  0  8   0  1  0  0 18 878271
VecScale             488 1.0 5.6280e-03 1.6 1.30e+07 1.3 0.0e+00 0.0e+00 0.0e+00  0  0  0  0  0   0  0  0  0  0 8991780
VecCopy              123 1.0 2.2868e-03 1.6 0.00e+00 0.0 0.0e+00 0.0e+00 0.0e+00  0  0  0  0  0   0  0  0  0  0     0
VecSet               404 1.0 1.2800e-02 1.4 0.00e+00 0.0 0.0e+00 0.0e+00 0.0e+00  0  0  0  0  0   0  0  0  0  0     0
VecAXPY              137 1.0 3.2134e-03 1.3 6.04e+06 1.3 0.0e+00 0.0e+00 0.0e+00  0  0  0  0  0   0  0  0  0  0 7160716
VecWAXPY               2 1.0 4.9281e-04 1.6 2.13e+05 1.3 0.0e+00 0.0e+00 0.0e+00  0  0  0  0  0   0  0  0  0  0 1659386
VecMAXPY             339 1.0 1.0132e-01 1.3 2.14e+08 1.3 0.0e+00 0.0e+00 0.0e+00  0  4  0  0  0   0  7  0  0  0 8127115
VecScatterBegin      944 1.0 7.7279e-02 1.6 0.00e+00 0.0 2.9e+07 1.3e+04 0.0e+00  0  0 47 32  0   0  0 99 72  0     0
VecScatterEnd        944 1.0 4.7875e-01 7.8 1.35e+05 3.3 0.0e+00 0.0e+00 0.0e+00  0  0  0  0  0   1  0  0  0  0   836
VecReduceArith         6 1.0 4.5457e-04 2.2 1.28e+06 1.3 0.0e+00 0.0e+00 0.0e+00  0  0  0  0  0   0  0  0  0  0 10793845
VecReduceComm          2 1.0 9.5031e-02 2968.8 0.00e+00 0.0 0.0e+00 0.0e+00 2.0e+00  0  0  0  0  0   0  0  0  0  0     0
VecNormalize         153 1.0 5.1546e-02 1.7 3.34e+07 1.3 0.0e+00 0.0e+00 1.5e+02  0  1  0  0  8   0  1  0  0 17 2490142
MatMult              367 1.0 1.9871e+00 1.1 2.27e+09 1.2 2.2e+07 1.6e+04 0.0e+00  3 40 35 31  0  10 81 74 68  0 4547948
MatSOR               107 1.0 9.6415e-02 3.0 3.14e+07 1.3 6.3e+06 1.4e+03 0.0e+00  0  1 10  1  0   0  1 21  2  0 1199282
MatConvert             2 1.0 5.2223e-04 2.9 0.00e+00 0.0 0.0e+00 0.0e+00 0.0e+00  0  0  0  0  0   0  0  0  0  0     0
MatAssemblyBegin      30 1.0 1.3543e+00 2.2 0.00e+00 0.0 3.7e+05 3.9e+05 0.0e+00  1  0  1 13  0   4  0  1 28  0     0
MatAssemblyEnd        30 1.0 2.5485e-01 3.4 3.01e+06 3.2 0.0e+00 0.0e+00 0.0e+00  0  0  0  0  0   1  0  0  0  0 34953
MatCreateSubMat        6 1.0 2.6422e-01 1.0 0.00e+00 0.0 0.0e+00 0.0e+00 4.0e+00  0  0  0  0  0   1  0  0  0  0     0
MatZeroEntries         4 1.0 4.1737e-02 1.3 0.00e+00 0.0 0.0e+00 0.0e+00 0.0e+00  0  0  0  0  0   0  0  0  0  0     0
MatView               12 1.0 2.4989e-03 2.2 0.00e+00 0.0 0.0e+00 0.0e+00 1.4e+01  0  0  0  0  1   0  0  0  0  2     0
MatSetValuesCOO        4 1.0 5.0830e-04 3.0 0.00e+00 0.0 0.0e+00 0.0e+00 0.0e+00  0  0  0  0  0   0  0  0  0  0     0
PCSetUp                6 1.0 1.2374e+00 1.0 7.10e+05 1.3 1.7e+05 7.3e+03 8.0e+00  2  0  0  0  0   6  0  1  0  1  2223
PCApply                6 1.0 1.5498e+01 1.0 2.61e+09 1.2 2.8e+07 1.2e+04 8.4e+02 22 46 45 30 42  79 92 94 67 96 665519
KSPSolve_FS_0          6 1.0 1.4196e+01 1.0 2.59e+09 1.2 2.5e+07 1.3e+04 7.4e+02 20 46 40 29 37  72 92 85 65 85 721729
KSPSolve_FS_1          6 1.0 1.0260e+00 1.0 8.35e+06 1.3 2.3e+06 1.4e+03 8.6e+01  1  0  4  0  4   5  0  8  1 10 30798
KSPSolve_FS_Schu     107 1.0 5.7592e-01 1.1 4.88e+07 1.3 1.3e+07 1.4e+03 4.3e+02  1  1 20  2 21   3  2 43  3 49 316080
KSPSetUp               6 1.0 1.3272e-05 12.2 0.00e+00 0.0 0.0e+00 0.0e+00 0.0e+00  0  0  0  0  0   0  0  0  0  0     0
KSPSolve               2 1.0 1.5627e+01 1.0 2.76e+09 1.2 2.8e+07 1.3e+04 8.6e+02 22 49 45 31 43  79 98 95 69 98 696931
KSPGMRESOrthog       147 1.0 2.6179e-01 1.1 3.88e+08 1.3 0.0e+00 0.0e+00 1.6e+02  0  7  0  0  8   1 13  0  0 18 5692636
SNESSolve              1 1.0 1.9730e+01 1.0 2.82e+09 1.2 2.9e+07 1.7e+04 8.6e+02 28 50 48 45 43 100 100 100 100 98 565150
SNESFunctionEval       3 1.0 3.2116e-01 1.8 1.35e+05 3.3 1.0e+06 1.2e+04 0.0e+00  0  0  2  1  0   1  0  4  3  0  1246
SNESJacobianEval       2 1.0 3.6864e+00 1.0 6.30e+07 1.2 2.0e+05 7.2e+05 0.0e+00  5  1  0 13  0  19  2  1 28  0 67725
SNESLineSearch         2 1.0 2.1612e-01 1.0 1.52e+06 1.2 7.0e+05 1.2e+04 2.0e+00  0  0  1  1  0   1  0  2  2  0 27721
------------------------------------------------------------------------------------------------------------------------

Object Type          Creations   Destructions. Reports information only for process 0.

--- Event Stage 0: Main Stage

           Container     2              0
              Viewer     2              0
           Index Set    32             20
   IS L to G Mapping    30             27
   Star Forest Graph     6              1
              Vector     9              3
              Matrix    16             12
   Matrix Null Space     1              0
      Preconditioner     1              0
       Krylov Solver     1              0
                SNES     1              0
              DMSNES     1              0
      SNESLineSearch     1              0
    Distributed Mesh     1              0
     Discrete System     1              0
           Weak Form     1              0

--- Event Stage 1: PCMPI


--- Event Stage 2: WarmUp solve with PCD-AMG

           Container     6              0
           Index Set    94             58
   IS L to G Mapping    55             48
   Star Forest Graph    26              0
              Vector   383            251
              Matrix    81             31
   Matrix Null Space     1              0
      Preconditioner    12              1
       Krylov Solver     8              1
     DMKSP interface     1              0
    Distributed Mesh     4              0
     Discrete System     4              0
           Weak Form     4              0

--- Event Stage 3: Timed solve with PCD-AMG

           Index Set    12             12
   IS L to G Mapping    48             48
              Vector   214            214
              Matrix    24             24
========================================================================================================================
Average time to get PetscTime(): 3.3e-08
Average time for MPI_Barrier(): 2.1092e-05
Average time for zero size MPI_Send(): 8.5696e-07
#PETSc Option Table entries:
-options_left # (source: code)
-rb_ksp_converged_reason # (source: code)
-rb_ksp_gmres_modifiedgramschmidt # (source: code)
-rb_ksp_max_it 1000 # (source: code)
-rb_ksp_monitor # (source: code)
-rb_ksp_type fgmres # (source: code)
-rb_pc_python_type fenicsx_pctools.WrappedPC # (source: code)
-rb_pc_type python # (source: code)
-rb_snes_converged_reason # (source: code)
-rb_snes_linesearch_type basic # (source: code)
-rb_snes_max_it 25 # (source: code)
-rb_snes_monitor # (source: code)
-rb_snes_rtol 1e-08 # (source: code)
-rb_snes_type newtonls # (source: code)
-rb_snes_view # (source: code)
-rb_wrapped_fieldsplit_0_ksp_converged_reason # (source: code)
-rb_wrapped_fieldsplit_0_ksp_rtol 0.01 # (source: code)
-rb_wrapped_fieldsplit_0_ksp_type gmres # (source: code)
-rb_wrapped_fieldsplit_0_pc_python_type fenicsx_pctools.WrappedPC # (source: code)
-rb_wrapped_fieldsplit_0_pc_type python # (source: code)
-rb_wrapped_fieldsplit_0_wrapped_fieldsplit_0_ksp_type preonly # (source: code)
-rb_wrapped_fieldsplit_0_wrapped_fieldsplit_0_pc_python_type fenicsx_pctools.WrappedPC # (source: code)
-rb_wrapped_fieldsplit_0_wrapped_fieldsplit_0_pc_type python # (source: code)
-rb_wrapped_fieldsplit_0_wrapped_fieldsplit_0_wrapped_pc_hypre_boomeramg_agg_nl 1 # (source: code)
-rb_wrapped_fieldsplit_0_wrapped_fieldsplit_0_wrapped_pc_hypre_boomeramg_agg_num_paths 2 # (source: code)
-rb_wrapped_fieldsplit_0_wrapped_fieldsplit_0_wrapped_pc_hypre_boomeramg_coarsen_type HMIS # (source: code)
-rb_wrapped_fieldsplit_0_wrapped_fieldsplit_0_wrapped_pc_hypre_boomeramg_interp_type ext+i # (source: code)
-rb_wrapped_fieldsplit_0_wrapped_fieldsplit_0_wrapped_pc_hypre_boomeramg_no_CF # (source: code)
-rb_wrapped_fieldsplit_0_wrapped_fieldsplit_0_wrapped_pc_hypre_boomeramg_P_max 4 # (source: code)
-rb_wrapped_fieldsplit_0_wrapped_fieldsplit_0_wrapped_pc_hypre_type boomeramg # (source: code)
-rb_wrapped_fieldsplit_0_wrapped_fieldsplit_0_wrapped_pc_type hypre # (source: code)
-rb_wrapped_fieldsplit_0_wrapped_fieldsplit_1_ksp_type preonly # (source: code)
-rb_wrapped_fieldsplit_0_wrapped_fieldsplit_1_pc_python_type fenicsx_pctools.PCDPC_vY # (source: code)
-rb_wrapped_fieldsplit_0_wrapped_fieldsplit_1_pc_type python # (source: code)
-rb_wrapped_fieldsplit_0_wrapped_fieldsplit_1_pcd_Ap_ksp_type preonly # (source: code)
-rb_wrapped_fieldsplit_0_wrapped_fieldsplit_1_pcd_Ap_pc_hypre_boomeramg_agg_nl 1 # (source: code)
-rb_wrapped_fieldsplit_0_wrapped_fieldsplit_1_pcd_Ap_pc_hypre_boomeramg_agg_num_paths 2 # (source: code)
-rb_wrapped_fieldsplit_0_wrapped_fieldsplit_1_pcd_Ap_pc_hypre_boomeramg_coarsen_type HMIS # (source: code)
-rb_wrapped_fieldsplit_0_wrapped_fieldsplit_1_pcd_Ap_pc_hypre_boomeramg_interp_type ext+i # (source: code)
-rb_wrapped_fieldsplit_0_wrapped_fieldsplit_1_pcd_Ap_pc_hypre_boomeramg_no_CF # (source: code)
-rb_wrapped_fieldsplit_0_wrapped_fieldsplit_1_pcd_Ap_pc_hypre_boomeramg_P_max 4 # (source: code)
-rb_wrapped_fieldsplit_0_wrapped_fieldsplit_1_pcd_Ap_pc_hypre_type boomeramg # (source: code)
-rb_wrapped_fieldsplit_0_wrapped_fieldsplit_1_pcd_Ap_pc_type hypre # (source: code)
-rb_wrapped_fieldsplit_0_wrapped_fieldsplit_1_pcd_Mp_ksp_max_it 2 # (source: code)
-rb_wrapped_fieldsplit_0_wrapped_fieldsplit_1_pcd_Mp_ksp_type richardson # (source: code)
-rb_wrapped_fieldsplit_0_wrapped_fieldsplit_1_pcd_Mp_pc_type sor # (source: code)
-rb_wrapped_fieldsplit_0_wrapped_pc_fieldsplit_schur_fact_type lower # (source: code)
-rb_wrapped_fieldsplit_0_wrapped_pc_fieldsplit_type schur # (source: code)
-rb_wrapped_fieldsplit_0_wrapped_pc_type fieldsplit # (source: code)
-rb_wrapped_fieldsplit_1_ksp_converged_reason # (source: code)
-rb_wrapped_fieldsplit_1_ksp_rtol 0.0001 # (source: code)
-rb_wrapped_fieldsplit_1_ksp_type gmres # (source: code)
-rb_wrapped_fieldsplit_1_pc_python_type fenicsx_pctools.WrappedPC # (source: code)
-rb_wrapped_fieldsplit_1_pc_type python # (source: code)
-rb_wrapped_fieldsplit_1_wrapped_pc_hypre_boomeramg_agg_nl 1 # (source: code)
-rb_wrapped_fieldsplit_1_wrapped_pc_hypre_boomeramg_agg_num_paths 2 # (source: code)
-rb_wrapped_fieldsplit_1_wrapped_pc_hypre_boomeramg_coarsen_type HMIS # (source: code)
-rb_wrapped_fieldsplit_1_wrapped_pc_hypre_boomeramg_interp_type ext+i # (source: code)
-rb_wrapped_fieldsplit_1_wrapped_pc_hypre_boomeramg_no_CF # (source: code)
-rb_wrapped_fieldsplit_1_wrapped_pc_hypre_boomeramg_P_max 4 # (source: code)
-rb_wrapped_fieldsplit_1_wrapped_pc_hypre_type boomeramg # (source: code)
-rb_wrapped_fieldsplit_1_wrapped_pc_type hypre # (source: code)
-rb_wrapped_pc_fieldsplit_type multiplicative # (source: code)
-rb_wrapped_pc_type fieldsplit # (source: code)
#End of PETSc Option Table entries
Compiled without FORTRAN kernels
Compiled with full precision matrices (default)
sizeof(short) 2 sizeof(int) 4 sizeof(long) 8 sizeof(void*) 8 sizeof(PetscScalar) 8 sizeof(PetscInt) 4
Configure options: --with-blaslapack-dir=/opt/apps/resif/aion/2020b/epyc/software/OpenBLAS/0.3.12-GCC-10.2.0/lib --COPTFLAGS="-O3 -march=znver2" --CXXOPTFLAGS="-O3 -march=znver2" --FOPTFLAGS="-O3 -march=znver2" --with-cc=mpicc --with-cxx=mpicxx --with-fc=mpif90 --with-make-np=16 --with-mpiexec=srun --download-metis --download-parmetis --download-scalapack --download-hypre --download-mumps --with-scalar-type=real --with-debugging=0 --with-shared-libraries --with-fortran-bindings=no --with-64-bit-indices=no --prefix=/scratch/users/jhale//fenicsx-aion-gompi-32-0.7.0-r1
-----------------------------------------
Libraries compiled on 2023-10-10 14:52:34 on aion-0250 
Machine characteristics: Linux-4.18.0-372.32.1.el8_6.x86_64-x86_64-with-glibc2.2.5
Using PETSc directory: /scratch/users/jhale/fenicsx-aion-gompi-32-0.7.0-r1
Using PETSc arch: 
-----------------------------------------

Using C compiler: mpicc  -fPIC -Wall -Wwrite-strings -Wno-unknown-pragmas -Wno-lto-type-mismatch -fstack-protector -fvisibility=hidden -O3 -march=znver2  
Using Fortran compiler: mpif90  -fPIC -Wall -ffree-line-length-none -ffree-line-length-0 -Wno-lto-type-mismatch -Wno-unused-dummy-argument -O3 -march=znver2    
-----------------------------------------

Using include paths: -I/scratch/users/jhale/fenicsx-aion-gompi-32-0.7.0-r1/include
-----------------------------------------

Using C linker: mpicc
Using Fortran linker: mpif90
Using libraries: -Wl,-rpath,/scratch/users/jhale/fenicsx-aion-gompi-32-0.7.0-r1/lib -L/scratch/users/jhale/fenicsx-aion-gompi-32-0.7.0-r1/lib -lpetsc -Wl,-rpath,/scratch/users/jhale/fenicsx-aion-gompi-32-0.7.0-r1/lib -L/scratch/users/jhale/fenicsx-aion-gompi-32-0.7.0-r1/lib -Wl,-rpath,/opt/apps/resif/aion/2020b/epyc/software/OpenBLAS/0.3.12-GCC-10.2.0/lib -L/opt/apps/resif/aion/2020b/epyc/software/OpenBLAS/0.3.12-GCC-10.2.0/lib -Wl,-rpath,/opt/apps/resif/aion/2020b/epyc/software/UCX/1.9.0-GCCcore-10.2.0/lib64 -L/opt/apps/resif/aion/2020b/epyc/software/UCX/1.9.0-GCCcore-10.2.0/lib64 -Wl,-rpath,/opt/apps/resif/aion/2020b/epyc/software/OpenMPI/4.0.5-GCC-10.2.0/lib -L/opt/apps/resif/aion/2020b/epyc/software/OpenMPI/4.0.5-GCC-10.2.0/lib -Wl,-rpath,/mnt/irisgpfs/apps/resif/aion/2020b/epyc/software/GCCcore/10.2.0/lib/gcc/x86_64-pc-linux-gnu/10.2.0 -L/mnt/irisgpfs/apps/resif/aion/2020b/epyc/software/GCCcore/10.2.0/lib/gcc/x86_64-pc-linux-gnu/10.2.0 -Wl,-rpath,/mnt/irisgpfs/apps/resif/aion/2020b/epyc/software/GCCcore/10.2.0/lib/gcc -L/mnt/irisgpfs/apps/resif/aion/2020b/epyc/software/GCCcore/10.2.0/lib/gcc -Wl,-rpath,/opt/apps/resif/aion/2020b/epyc/software/Bison/3.7.1-GCCcore-10.2.0/lib64 -L/opt/apps/resif/aion/2020b/epyc/software/Bison/3.7.1-GCCcore-10.2.0/lib64 -Wl,-rpath,/opt/apps/resif/aion/2020b/epyc/software/Boost/1.74.0-GCC-10.2.0/lib64 -L/opt/apps/resif/aion/2020b/epyc/software/Boost/1.74.0-GCC-10.2.0/lib64 -Wl,-rpath,/opt/apps/resif/aion/2020b/epyc/software/OpenBLAS/0.3.12-GCC-10.2.0/lib64 -L/opt/apps/resif/aion/2020b/epyc/software/OpenBLAS/0.3.12-GCC-10.2.0/lib64 -Wl,-rpath,/opt/apps/resif/aion/2020b/epyc/software/Python/3.8.6-GCCcore-10.2.0/lib64 -L/opt/apps/resif/aion/2020b/epyc/software/Python/3.8.6-GCCcore-10.2.0/lib64 -Wl,-rpath,/opt/apps/resif/aion/2020b/epyc/software/libffi/3.3-GCCcore-10.2.0/lib64 -L/opt/apps/resif/aion/2020b/epyc/software/libffi/3.3-GCCcore-10.2.0/lib64 -Wl,-rpath,/opt/apps/resif/aion/2020b/epyc/software/GMP/6.2.0-GCCcore-10.2.0/lib64 -L/opt/apps/resif/aion/2020b/epyc/software/GMP/6.2.0-GCCcore-10.2.0/lib64 -Wl,-rpath,/opt/apps/resif/aion/2020b/epyc/software/SQLite/3.33.0-GCCcore-10.2.0/lib64 -L/opt/apps/resif/aion/2020b/epyc/software/SQLite/3.33.0-GCCcore-10.2.0/lib64 -Wl,-rpath,/opt/apps/resif/aion/2020b/epyc/software/Tcl/8.6.10-GCCcore-10.2.0/lib64 -L/opt/apps/resif/aion/2020b/epyc/software/Tcl/8.6.10-GCCcore-10.2.0/lib64 -Wl,-rpath,/opt/apps/resif/aion/2020b/epyc/software/libreadline/8.0-GCCcore-10.2.0/lib64 -L/opt/apps/resif/aion/2020b/epyc/software/libreadline/8.0-GCCcore-10.2.0/lib64 -Wl,-rpath,/opt/apps/resif/aion/2020b/epyc/software/flex/2.6.4-GCCcore-10.2.0/lib64 -L/opt/apps/resif/aion/2020b/epyc/software/flex/2.6.4-GCCcore-10.2.0/lib64 -Wl,-rpath,/opt/apps/resif/aion/2020b/epyc/software/libarchive/3.4.3-GCCcore-10.2.0/lib64 -L/opt/apps/resif/aion/2020b/epyc/software/libarchive/3.4.3-GCCcore-10.2.0/lib64 -Wl,-rpath,/opt/apps/resif/aion/2020b/epyc/software/cURL/7.72.0-GCCcore-10.2.0/lib64 -L/opt/apps/resif/aion/2020b/epyc/software/cURL/7.72.0-GCCcore-10.2.0/lib64 -Wl,-rpath,/opt/apps/resif/aion/2020b/epyc/software/bzip2/1.0.8-GCCcore-10.2.0/lib64 -L/opt/apps/resif/aion/2020b/epyc/software/bzip2/1.0.8-GCCcore-10.2.0/lib64 -Wl,-rpath,/opt/apps/resif/aion/2020b/epyc/software/ncurses/6.2-GCCcore-10.2.0/lib64 -L/opt/apps/resif/aion/2020b/epyc/software/ncurses/6.2-GCCcore-10.2.0/lib64 -Wl,-rpath,/opt/apps/resif/aion/2020b/epyc/software/HDF5/1.10.7-gompi-2020b/lib64 -L/opt/apps/resif/aion/2020b/epyc/software/HDF5/1.10.7-gompi-2020b/lib64 -Wl,-rpath,/opt/apps/resif/aion/2020b/epyc/software/Szip/2.1.1-GCCcore-10.2.0/lib64 -L/opt/apps/resif/aion/2020b/epyc/software/Szip/2.1.1-GCCcore-10.2.0/lib64 -Wl,-rpath,/opt/apps/resif/aion/2020b/epyc/software/OpenMPI/4.0.5-GCC-10.2.0/lib64 -L/opt/apps/resif/aion/2020b/epyc/software/OpenMPI/4.0.5-GCC-10.2.0/lib64 -Wl,-rpath,/opt/apps/resif/aion/2020b/epyc/software/hwloc/2.2.0-GCCcore-10.2.0/lib64 -L/opt/apps/resif/aion/2020b/epyc/software/hwloc/2.2.0-GCCcore-10.2.0/lib64 -Wl,-rpath,/opt/apps/resif/aion/2020b/epyc/software/libpciaccess/0.16-GCCcore-10.2.0/lib64 -L/opt/apps/resif/aion/2020b/epyc/software/libpciaccess/0.16-GCCcore-10.2.0/lib64 -Wl,-rpath,/opt/apps/resif/aion/2020b/epyc/software/libxml2/2.9.10-GCCcore-10.2.0/lib64 -L/opt/apps/resif/aion/2020b/epyc/software/libxml2/2.9.10-GCCcore-10.2.0/lib64 -Wl,-rpath,/opt/apps/resif/aion/2020b/epyc/software/XZ/5.2.5-GCCcore-10.2.0/lib64 -L/opt/apps/resif/aion/2020b/epyc/software/XZ/5.2.5-GCCcore-10.2.0/lib64 -Wl,-rpath,/opt/apps/resif/aion/2020b/epyc/software/numactl/2.0.13-GCCcore-10.2.0/lib64 -L/opt/apps/resif/aion/2020b/epyc/software/numactl/2.0.13-GCCcore-10.2.0/lib64 -Wl,-rpath,/opt/apps/resif/aion/2020b/epyc/software/binutils/2.35-GCCcore-10.2.0/lib64 -L/opt/apps/resif/aion/2020b/epyc/software/binutils/2.35-GCCcore-10.2.0/lib64 -Wl,-rpath,/opt/apps/resif/aion/2020b/epyc/software/zlib/1.2.11-GCCcore-10.2.0/lib64 -L/opt/apps/resif/aion/2020b/epyc/software/zlib/1.2.11-GCCcore-10.2.0/lib64 -Wl,-rpath,/mnt/irisgpfs/apps/resif/aion/2020b/epyc/software/GCCcore/10.2.0/lib64 -L/mnt/irisgpfs/apps/resif/aion/2020b/epyc/software/GCCcore/10.2.0/lib64 -Wl,-rpath,/opt/apps/resif/aion/2020b/epyc/software/Bison/3.7.1-GCCcore-10.2.0/lib -L/opt/apps/resif/aion/2020b/epyc/software/Bison/3.7.1-GCCcore-10.2.0/lib -Wl,-rpath,/opt/apps/resif/aion/2020b/epyc/software/Boost/1.74.0-GCC-10.2.0/lib -L/opt/apps/resif/aion/2020b/epyc/software/Boost/1.74.0-GCC-10.2.0/lib -Wl,-rpath,/opt/apps/resif/aion/2020b/epyc/software/Python/3.8.6-GCCcore-10.2.0/lib -L/opt/apps/resif/aion/2020b/epyc/software/Python/3.8.6-GCCcore-10.2.0/lib -Wl,-rpath,/opt/apps/resif/aion/2020b/epyc/software/libffi/3.3-GCCcore-10.2.0/lib -L/opt/apps/resif/aion/2020b/epyc/software/libffi/3.3-GCCcore-10.2.0/lib -Wl,-rpath,/opt/apps/resif/aion/2020b/epyc/software/GMP/6.2.0-GCCcore-10.2.0/lib -L/opt/apps/resif/aion/2020b/epyc/software/GMP/6.2.0-GCCcore-10.2.0/lib -Wl,-rpath,/opt/apps/resif/aion/2020b/epyc/software/SQLite/3.33.0-GCCcore-10.2.0/lib -L/opt/apps/resif/aion/2020b/epyc/software/SQLite/3.33.0-GCCcore-10.2.0/lib -Wl,-rpath,/opt/apps/resif/aion/2020b/epyc/software/Tcl/8.6.10-GCCcore-10.2.0/lib -L/opt/apps/resif/aion/2020b/epyc/software/Tcl/8.6.10-GCCcore-10.2.0/lib -Wl,-rpath,/opt/apps/resif/aion/2020b/epyc/software/libreadline/8.0-GCCcore-10.2.0/lib -L/opt/apps/resif/aion/2020b/epyc/software/libreadline/8.0-GCCcore-10.2.0/lib -Wl,-rpath,/opt/apps/resif/aion/2020b/epyc/software/flex/2.6.4-GCCcore-10.2.0/lib -L/opt/apps/resif/aion/2020b/epyc/software/flex/2.6.4-GCCcore-10.2.0/lib -Wl,-rpath,/opt/apps/resif/aion/2020b/epyc/software/libarchive/3.4.3-GCCcore-10.2.0/lib -L/opt/apps/resif/aion/2020b/epyc/software/libarchive/3.4.3-GCCcore-10.2.0/lib -Wl,-rpath,/opt/apps/resif/aion/2020b/epyc/software/cURL/7.72.0-GCCcore-10.2.0/lib -L/opt/apps/resif/aion/2020b/epyc/software/cURL/7.72.0-GCCcore-10.2.0/lib -Wl,-rpath,/opt/apps/resif/aion/2020b/epyc/software/bzip2/1.0.8-GCCcore-10.2.0/lib -L/opt/apps/resif/aion/2020b/epyc/software/bzip2/1.0.8-GCCcore-10.2.0/lib -Wl,-rpath,/opt/apps/resif/aion/2020b/epyc/software/ncurses/6.2-GCCcore-10.2.0/lib -L/opt/apps/resif/aion/2020b/epyc/software/ncurses/6.2-GCCcore-10.2.0/lib -Wl,-rpath,/opt/apps/resif/aion/2020b/epyc/software/HDF5/1.10.7-gompi-2020b/lib -L/opt/apps/resif/aion/2020b/epyc/software/HDF5/1.10.7-gompi-2020b/lib -Wl,-rpath,/opt/apps/resif/aion/2020b/epyc/software/Szip/2.1.1-GCCcore-10.2.0/lib -L/opt/apps/resif/aion/2020b/epyc/software/Szip/2.1.1-GCCcore-10.2.0/lib -Wl,-rpath,/opt/apps/resif/aion/2020b/epyc/software/UCX/1.9.0-GCCcore-10.2.0/lib -L/opt/apps/resif/aion/2020b/epyc/software/UCX/1.9.0-GCCcore-10.2.0/lib -Wl,-rpath,/opt/apps/resif/aion/2020b/epyc/software/hwloc/2.2.0-GCCcore-10.2.0/lib -L/opt/apps/resif/aion/2020b/epyc/software/hwloc/2.2.0-GCCcore-10.2.0/lib -Wl,-rpath,/opt/apps/resif/aion/2020b/epyc/software/libpciaccess/0.16-GCCcore-10.2.0/lib -L/opt/apps/resif/aion/2020b/epyc/software/libpciaccess/0.16-GCCcore-10.2.0/lib -Wl,-rpath,/opt/apps/resif/aion/2020b/epyc/software/libxml2/2.9.10-GCCcore-10.2.0/lib -L/opt/apps/resif/aion/2020b/epyc/software/libxml2/2.9.10-GCCcore-10.2.0/lib -Wl,-rpath,/opt/apps/resif/aion/2020b/epyc/software/XZ/5.2.5-GCCcore-10.2.0/lib -L/opt/apps/resif/aion/2020b/epyc/software/XZ/5.2.5-GCCcore-10.2.0/lib -Wl,-rpath,/opt/apps/resif/aion/2020b/epyc/software/numactl/2.0.13-GCCcore-10.2.0/lib -L/opt/apps/resif/aion/2020b/epyc/software/numactl/2.0.13-GCCcore-10.2.0/lib -Wl,-rpath,/opt/apps/resif/aion/2020b/epyc/software/binutils/2.35-GCCcore-10.2.0/lib -L/opt/apps/resif/aion/2020b/epyc/software/binutils/2.35-GCCcore-10.2.0/lib -Wl,-rpath,/opt/apps/resif/aion/2020b/epyc/software/zlib/1.2.11-GCCcore-10.2.0/lib -L/opt/apps/resif/aion/2020b/epyc/software/zlib/1.2.11-GCCcore-10.2.0/lib -Wl,-rpath,/mnt/irisgpfs/apps/resif/aion/2020b/epyc/software/GCCcore/10.2.0/lib -L/mnt/irisgpfs/apps/resif/aion/2020b/epyc/software/GCCcore/10.2.0/lib -lHYPRE -ldmumps -lmumps_common -lpord -lpthread -lscalapack -lopenblas -lpthread -lparmetis -lmetis -lm -ldl -lmpi_usempif08 -lmpi_usempi_ignore_tkr -lmpi_mpifh -lmpi -lgfortran -lm -lgfortran -lm -lgcc_s -lquadmath -lstdc++ -lquadmath -ldl
-----------------------------------------

