****************************************************************************************************************************************************************
***                                WIDEN YOUR WINDOW TO 160 CHARACTERS.  Use 'enscript -r -fCourier9' to print this document                                 ***
****************************************************************************************************************************************************************

------------------------------------------------------------------ PETSc Performance Summary: ------------------------------------------------------------------

Unknown Name on a  named aion-0001 with 5120 processors, by jhale Thu Oct 12 14:10:41 2023
Using Petsc Release Version 3.20.0, unknown 

                         Max       Max/Min     Avg       Total
Time (sec):           7.160e+01     1.000   7.158e+01
Objects:              0.000e+00     0.000   0.000e+00
Flops:                4.521e+09     1.225   4.374e+09  2.239e+13
Flops/sec:            6.316e+07     1.225   6.110e+07  3.128e+11
MPI Msg Count:        2.049e+04     7.885   1.245e+04  6.373e+07
MPI Msg Len (bytes):  3.281e+08     3.004   1.942e+04  1.238e+12
MPI Reductions:       1.663e+03     1.000

Flop counting convention: 1 flop = 1 real number operation of type (multiply/divide/add/subtract)
                            e.g., VecAXPY() for real vectors of length N --> 2N flops
                            and VecAXPY() for complex vectors of length N --> 8N flops

Summary of Stages:   ----- Time ------  ----- Flop ------  --- Messages ---  -- Message Lengths --  -- Reductions --
                        Avg     %Total     Avg     %Total    Count   %Total     Avg         %Total    Count   %Total
 0:      Main Stage: 1.7285e+01  24.1%  1.0226e+11   0.5%  1.065e+06   1.7%  8.972e+04        7.7%  5.400e+01   3.2%
 2: WarmUp solve with PCD-AMG: 3.2437e+01  45.3%  1.1147e+13  49.8%  3.275e+07  51.4%  1.810e+04       47.9%  8.890e+02  53.5%
 3: Timed solve with PCD-AMG: 1.6293e+01  22.8%  1.1144e+13  49.8%  2.991e+07  46.9%  1.837e+04       44.4%  7.020e+02  42.2%

------------------------------------------------------------------------------------------------------------------------
See the 'Profiling' chapter of the users' manual for details on interpreting output.
Phase summary info:
   Count: number of times phase was executed
   Time and Flop: Max - maximum over all processors
                  Ratio - ratio of maximum to minimum over all processors
   Mess: number of messages sent
   AvgLen: average message length (bytes)
   Reduct: number of global reductions
   Global: entire computation
   Stage: stages of a computation. Set stages with PetscLogStagePush() and PetscLogStagePop().
      %T - percent time in this phase         %F - percent flop in this phase
      %M - percent messages in this phase     %L - percent message lengths in this phase
      %R - percent reductions in this phase
   Total Mflop/s: 10e-6 * (sum of flop over all processors)/(max time over all processors)
------------------------------------------------------------------------------------------------------------------------
Event                Count      Time (sec)     Flop                              --- Global ---  --- Stage ----  Total
                   Max Ratio  Max     Ratio   Max  Ratio  Mess   AvgLen  Reduct  %T %F %M %L %R  %T %F %M %L %R Mflop/s
------------------------------------------------------------------------------------------------------------------------

--- Event Stage 0: Main Stage

BuildTwoSided          4 1.0 1.0654e-02 3.7 0.00e+00 0.0 1.5e+05 4.0e+00 0.0e+00  0  0  0  0  0   0  0 14  0  0     0
BuildTwoSidedF         2 1.0 4.1038e-01 5.3 0.00e+00 0.0 1.1e+05 8.2e+05 0.0e+00  0  0  0  7  0   1  0 10 93  0     0
SFSetGraph             4 1.0 2.2235e-03 3.5 0.00e+00 0.0 0.0e+00 0.0e+00 0.0e+00  0  0  0  0  0   0  0  0  0  0     0
SFSetUp                4 1.0 1.5071e-02 1.8 0.00e+00 0.0 4.4e+05 5.5e+03 0.0e+00  0  0  1  0  0   0  0 42  3  0     0
SFPack                 7 1.0 3.2932e-04 4.9 0.00e+00 0.0 0.0e+00 0.0e+00 0.0e+00  0  0  0  0  0   0  0  0  0  0     0
SFUnpack               7 1.0 2.9198e-04 5.4 0.00e+00 0.0 0.0e+00 0.0e+00 0.0e+00  0  0  0  0  0   0  0  0  0  0     0
VecNorm                1 1.0 7.0584e-03 166.8 2.13e+05 1.3 0.0e+00 0.0e+00 1.0e+00  0  0  0  0  0   0  1  0  0  2 145875
VecScale               1 1.0 8.9340e-05 2.0 1.07e+05 1.3 0.0e+00 0.0e+00 0.0e+00  0  0  0  0  0   0  1  0  0  0 5762551
VecSet                 5 1.0 8.6875e-04 11.4 0.00e+00 0.0 0.0e+00 0.0e+00 0.0e+00  0  0  0  0  0   0  0  0  0  0     0
VecScatterBegin        7 1.0 5.1963e-04 3.7 0.00e+00 0.0 5.1e+05 7.9e+03 0.0e+00  0  0  1  0  0   0  0 48  4  0     0
VecScatterEnd          7 1.0 4.6352e-03 3.4 0.00e+00 0.0 0.0e+00 0.0e+00 0.0e+00  0  0  0  0  0   0  0  0  0  0     0
VecNormalize           1 1.0 7.1195e-03 73.5 3.20e+05 1.3 0.0e+00 0.0e+00 1.0e+00  0  0  0  0  0   0  2  0  0  2 216936
MatAssemblyBegin       2 1.0 5.9355e-01 2.1 0.00e+00 0.0 1.1e+05 8.2e+05 0.0e+00  1  0  0  7  0   2  0 10 93  0     0
MatAssemblyEnd         2 1.0 1.8067e-01 1.8 7.60e+05 3.0 1.1e+05 9.5e+03 4.0e+00  0  0  0  0  0   1  3 11  1  7 16006

--- Event Stage 2: WarmUp solve with PCD-AMG

BuildTwoSided         18 1.0 3.7497e-02 2.1 0.00e+00 0.0 4.8e+05 4.0e+00 0.0e+00  0  0  1  0  0   0  0  1  0  0     0
BuildTwoSidedF        15 1.0 8.2629e-01 7.1 0.00e+00 0.0 6.8e+05 2.7e+05 0.0e+00  0  0  1 15  0   1  0  2 31  0     0
SFSetGraph            18 1.0 7.2385e-03 2.0 0.00e+00 0.0 0.0e+00 0.0e+00 0.0e+00  0  0  0  0  0   0  0  0  0  0     0
SFSetUp               18 1.0 4.6409e-02 1.5 0.00e+00 0.0 1.4e+06 3.0e+03 0.0e+00  0  0  2  0  0   0  0  4  1  0     0
SFPack               771 1.0 3.2685e-02 2.8 0.00e+00 0.0 0.0e+00 0.0e+00 0.0e+00  0  0  0  0  0   0  0  0  0  0     0
SFUnpack             771 1.0 2.7314e-03 8.3 1.34e+05 3.1 0.0e+00 0.0e+00 0.0e+00  0  0  0  0  0   0  0  0  0  0 184914
VecDot                11 1.0 1.1878e-02 4.6 2.35e+06 1.3 0.0e+00 0.0e+00 1.1e+01  0  0  0  0  1   0  0  0  0  1 953509
VecMDot              283 1.0 2.2049e-01 1.5 1.45e+08 1.3 0.0e+00 0.0e+00 2.8e+02  0  3  0  0 17   1  6  0  0 32 3164528
VecNorm              130 1.0 9.1011e-02 3.3 1.90e+07 1.3 0.0e+00 0.0e+00 1.3e+02  0  0  0  0  8   0  1  0  0 15 1009400
VecScale             391 1.0 4.4744e-03 1.5 1.05e+07 1.2 0.0e+00 0.0e+00 0.0e+00  0  0  0  0  0   0  0  0  0  0 11398861
VecCopy               99 1.0 2.0906e-03 1.8 0.00e+00 0.0 0.0e+00 0.0e+00 0.0e+00  0  0  0  0  0   0  0  0  0  0     0
VecSet               336 1.0 1.1717e-02 1.5 0.00e+00 0.0 0.0e+00 0.0e+00 0.0e+00  0  0  0  0  0   0  0  0  0  0     0
VecAXPY              108 1.0 2.3255e-03 1.4 4.58e+06 1.3 0.0e+00 0.0e+00 0.0e+00  0  0  0  0  0   0  0  0  0  0 9424767
VecWAXPY               2 1.0 5.5801e-04 2.8 2.13e+05 1.3 0.0e+00 0.0e+00 0.0e+00  0  0  0  0  0   0  0  0  0  0 1845213
VecMAXPY             265 1.0 7.9090e-02 1.3 1.62e+08 1.3 0.0e+00 0.0e+00 0.0e+00  0  3  0  0  0   0  7  0  0  0 9890077
VecScatterBegin      771 1.0 7.6051e-02 1.9 0.00e+00 0.0 3.1e+07 1.3e+04 0.0e+00  0  0 48 32  0   0  0 93 67  0     0
VecScatterEnd        771 1.0 4.7402e-01 6.1 1.34e+05 3.1 0.0e+00 0.0e+00 0.0e+00  0  0  0  0  0   1  0  0  0  0  1066
VecReduceArith         6 1.0 4.5322e-04 2.2 1.28e+06 1.3 0.0e+00 0.0e+00 0.0e+00  0  0  0  0  0   0  0  0  0  0 13631004
VecReduceComm          2 1.0 9.7969e-02 2910.6 0.00e+00 0.0 0.0e+00 0.0e+00 2.0e+00  0  0  0  0  0   0  0  0  0  0     0
VecNormalize         124 1.0 4.3589e-02 1.6 2.66e+07 1.3 0.0e+00 0.0e+00 1.2e+02  0  1  0  0  7   0  1  0  0 14 2947840
MatMult              293 1.0 1.6013e+00 1.1 1.82e+09 1.2 2.2e+07 1.6e+04 0.0e+00  2 40 34 28  0   5 81 67 58  0 5650276
MatSOR                85 1.0 1.4969e-01 1.8 2.50e+07 1.3 6.3e+06 1.4e+03 0.0e+00  0  1 10  1  0   0  1 19  1  0 772717
MatConvert             4 1.0 7.5567e-01 1.1 0.00e+00 0.0 0.0e+00 0.0e+00 6.0e+00  1  0  0  0  0   2  0  0  0  1     0
MatAssemblyBegin      61 1.0 1.2033e+00 2.4 0.00e+00 0.0 6.8e+05 2.7e+05 0.0e+00  1  0  1 15  0   2  0  2 31  0     0
MatAssemblyEnd        61 1.0 6.4247e-01 1.3 2.97e+06 3.0 1.0e+06 4.0e+03 4.0e+01  1  0  2  0  2   2  0  3  1  4 17548
MatGetRowIJ           12 1.0 2.6826e-03 518.9 0.00e+00 0.0 0.0e+00 0.0e+00 0.0e+00  0  0  0  0  0   0  0  0  0  0     0
MatCreateSubMat       10 1.0 6.5407e-01 1.0 0.00e+00 0.0 1.7e+06 1.9e+04 1.2e+02  1  0  3  3  7   2  0  5  6 13     0
MatZeroEntries         3 1.0 4.1782e-02 1.2 0.00e+00 0.0 0.0e+00 0.0e+00 0.0e+00  0  0  0  0  0   0  0  0  0  0     0
MatView               12 1.0 8.9867e-03 1.6 0.00e+00 0.0 0.0e+00 0.0e+00 1.4e+01  0  0  0  0  1   0  0  0  0  2     0
MatSetPreallCOO        6 1.0 3.5722e-01 1.3 0.00e+00 0.0 0.0e+00 0.0e+00 0.0e+00  0  0  0  0  0   1  0  0  0  0     0
MatSetValuesCOO        8 1.0 5.0394e-02 1.2 0.00e+00 0.0 0.0e+00 0.0e+00 0.0e+00  0  0  0  0  0   0  0  0  0  0     0
PCSetUp               12 1.0 1.6823e+01 1.0 1.37e+06 1.3 2.7e+06 1.6e+04 1.8e+02 23  0  4  4 11  52  0  8  7 20   397
PCApply                5 1.0 2.8260e+01 1.0 2.06e+09 1.2 3.0e+07 1.3e+04 8.3e+02 39 46 48 31 50  87 92 93 65 94 361676
KSPSolve_FS_0          5 1.0 2.4448e+01 1.0 2.05e+09 1.2 2.7e+07 1.3e+04 7.0e+02 34 45 42 29 42  75 91 82 60 79 415158
KSPSolve_FS_1          5 1.0 3.3778e+00 1.0 6.91e+06 1.3 2.5e+06 1.4e+03 7.3e+01  5  0  4  0  4  10  0  7  1  8  9693
KSPSolve_FS_Schu      85 1.0 5.1964e+00 1.0 3.99e+07 1.3 1.3e+07 1.5e+03 3.7e+02  7  1 21  2 22  16  2 41  3 41 35945
KSPSetUp              10 1.0 4.3205e-03 2.8 0.00e+00 0.0 0.0e+00 0.0e+00 0.0e+00  0  0  0  0  0   0  0  0  0  0     0
KSPSolve               2 1.0 2.8364e+01 1.0 2.19e+09 1.2 3.1e+07 1.3e+04 8.5e+02 40 48 48 32 51  87 97 94 67 96 381550
KSPGMRESOrthog       118 1.0 1.9047e-01 1.1 2.91e+08 1.3 0.0e+00 0.0e+00 1.2e+02  0  6  0  0  7   1 13  0  0 14 7374602
SNESSolve              1 1.0 3.2437e+01 1.0 2.25e+09 1.2 3.3e+07 1.8e+04 8.8e+02 45 50 51 48 53 100 100 100 100 98 343661
SNESSetUp              1 1.0 6.7122e-04 66.6 0.00e+00 0.0 0.0e+00 0.0e+00 0.0e+00  0  0  0  0  0   0  0  0  0  0     0
SNESFunctionEval       3 1.0 3.7577e-01 1.8 1.34e+05 3.1 1.7e+06 1.0e+04 1.8e+01  0  0  3  1  1   1  0  5  3  2  1344
SNESJacobianEval       2 1.0 3.6496e+00 1.0 6.33e+07 1.2 2.5e+05 7.2e+05 0.0e+00  5  1  0 14  0  11  3  1 30  0 86172
SNESLineSearch         2 1.0 2.2173e-01 1.0 1.53e+06 1.2 8.8e+05 1.2e+04 2.0e+00  0  0  1  1  0   1  0  3  2  0 34024

--- Event Stage 3: Timed solve with PCD-AMG

BuildTwoSidedF        14 1.0 9.0501e-01 5.9 0.00e+00 0.0 4.6e+05 3.9e+05 0.0e+00  1  0  1 15  0   2  0  2 33  0     0
SFPack               756 1.0 2.8230e-02 2.7 0.00e+00 0.0 0.0e+00 0.0e+00 0.0e+00  0  0  0  0  0   0  0  0  0  0     0
SFUnpack             756 1.0 2.5615e-03 8.1 1.34e+05 3.1 0.0e+00 0.0e+00 0.0e+00  0  0  0  0  0   0  0  0  0  0 197176
VecDot                11 1.0 1.5143e-02 2.6 2.35e+06 1.3 0.0e+00 0.0e+00 1.1e+01  0  0  0  0  1   0  0  0  0  2 747921
VecMDot              283 1.0 2.3742e-01 1.5 1.45e+08 1.3 0.0e+00 0.0e+00 2.8e+02  0  3  0  0 17   1  6  0  0 40 2938871
VecNorm              129 1.0 8.8013e-02 3.3 1.90e+07 1.3 0.0e+00 0.0e+00 1.3e+02  0  0  0  0  8   0  1  0  0 18 1043338
VecScale             390 1.0 5.5077e-03 1.9 1.05e+07 1.2 0.0e+00 0.0e+00 0.0e+00  0  0  0  0  0   0  0  0  0  0 9256837
VecCopy               99 1.0 3.4964e-03 2.6 0.00e+00 0.0 0.0e+00 0.0e+00 0.0e+00  0  0  0  0  0   0  0  0  0  0     0
VecSet               325 1.0 1.5227e-02 2.1 0.00e+00 0.0 0.0e+00 0.0e+00 0.0e+00  0  0  0  0  0   0  0  0  0  0     0
VecAXPY              108 1.0 2.3804e-03 1.3 4.58e+06 1.3 0.0e+00 0.0e+00 0.0e+00  0  0  0  0  0   0  0  0  0  0 9207287
VecWAXPY               2 1.0 5.0504e-04 1.8 2.13e+05 1.3 0.0e+00 0.0e+00 0.0e+00  0  0  0  0  0   0  0  0  0  0 2038754
VecMAXPY             265 1.0 7.7195e-02 1.3 1.62e+08 1.3 0.0e+00 0.0e+00 0.0e+00  0  3  0  0  0   0  7  0  0  0 10132756
VecScatterBegin      756 1.0 6.4041e-02 1.7 0.00e+00 0.0 2.9e+07 1.3e+04 0.0e+00  0  0 46 30  0   0  0 98 67  0     0
VecScatterEnd        756 1.0 4.2436e-01 7.6 1.34e+05 3.1 0.0e+00 0.0e+00 0.0e+00  0  0  0  0  0   1  0  0  0  0  1190
VecReduceArith         6 1.0 4.2249e-04 2.0 1.28e+06 1.3 0.0e+00 0.0e+00 0.0e+00  0  0  0  0  0   0  0  0  0  0 14622558
VecReduceComm          2 1.0 9.6842e-02 2350.0 0.00e+00 0.0 0.0e+00 0.0e+00 2.0e+00  0  0  0  0  0   0  0  0  0  0     0
VecNormalize         123 1.0 4.6399e-02 1.8 2.66e+07 1.3 0.0e+00 0.0e+00 1.2e+02  0  1  0  0  7   0  1  0  0 18 2768917
MatMult              293 1.0 1.6039e+00 1.1 1.82e+09 1.2 2.2e+07 1.6e+04 0.0e+00  2 40 34 28  0   9 81 73 63  0 5641236
MatSOR                85 1.0 7.3155e-02 3.1 2.50e+07 1.3 6.3e+06 1.4e+03 0.0e+00  0  1 10  1  0   0  1 21  2  0 1580884
MatConvert             2 1.0 1.6801e-03 9.4 0.00e+00 0.0 0.0e+00 0.0e+00 0.0e+00  0  0  0  0  0   0  0  0  0  0     0
MatAssemblyBegin      30 1.0 1.2818e+00 2.2 0.00e+00 0.0 4.6e+05 3.9e+05 0.0e+00  1  0  1 15  0   5  0  2 33  0     0
MatAssemblyEnd        30 1.0 2.5097e-01 3.1 2.96e+06 3.0 0.0e+00 0.0e+00 0.0e+00  0  0  0  0  0   1  0  0  0  0 44739
MatCreateSubMat        6 1.0 2.6988e-01 1.0 0.00e+00 0.0 0.0e+00 0.0e+00 4.0e+00  0  0  0  0  0   2  0  0  0  1     0
MatZeroEntries         4 1.0 4.2648e-02 1.3 0.00e+00 0.0 0.0e+00 0.0e+00 0.0e+00  0  0  0  0  0   0  0  0  0  0     0
MatView               12 1.0 4.8340e-03 1.4 0.00e+00 0.0 0.0e+00 0.0e+00 1.4e+01  0  0  0  0  1   0  0  0  0  2     0
MatSetValuesCOO        4 1.0 1.6633e-03 9.8 0.00e+00 0.0 0.0e+00 0.0e+00 0.0e+00  0  0  0  0  0   0  0  0  0  0     0
PCSetUp                6 1.0 6.2625e-01 1.0 7.13e+05 1.3 2.2e+05 7.3e+03 8.0e+00  1  0  0  0  0   4  0  1  0  1  5532
PCApply                5 1.0 1.2091e+01 1.0 2.06e+09 1.2 2.8e+07 1.2e+04 6.7e+02 17 46 44 28 40  74 92 93 62 95 844920
KSPSolve_FS_0          5 1.0 1.1396e+01 1.0 2.05e+09 1.2 2.5e+07 1.3e+04 5.9e+02 16 45 39 27 35  70 91 83 60 84 890183
KSPSolve_FS_1          5 1.0 4.1129e-01 1.0 6.91e+06 1.3 2.5e+06 1.4e+03 7.1e+01  1  0  4  0  4   3  0  8  1 10 79608
KSPSolve_FS_Schu      85 1.0 4.1812e-01 1.2 3.89e+07 1.3 1.3e+07 1.4e+03 3.4e+02  1  1 20  1 20   2  2 42  3 48 434859
KSPSetUp               6 1.0 1.4980e-05 13.9 0.00e+00 0.0 0.0e+00 0.0e+00 0.0e+00  0  0  0  0  0   0  0  0  0  0     0
KSPSolve               2 1.0 1.2196e+01 1.0 2.18e+09 1.2 2.8e+07 1.3e+04 6.8e+02 17 48 44 29 41  75 97 94 64 98 886951
KSPGMRESOrthog       118 1.0 2.1065e-01 1.2 2.91e+08 1.3 0.0e+00 0.0e+00 1.2e+02  0  6  0  0  7   1 13  0  0 18 6667941
SNESSolve              1 1.0 1.6285e+01 1.0 2.25e+09 1.2 3.0e+07 1.8e+04 6.9e+02 23 50 47 44 41 100 100 100 100 98 684336
SNESFunctionEval       3 1.0 3.2492e-01 1.8 1.34e+05 3.1 1.3e+06 1.2e+04 0.0e+00  0  0  2  1  0   1  0  4  3  0  1554
SNESJacobianEval       2 1.0 3.6637e+00 1.0 6.33e+07 1.2 2.5e+05 7.2e+05 0.0e+00  5  1  0 14  0  22  3  1 32  0 85841
SNESLineSearch         2 1.0 2.1861e-01 1.0 1.53e+06 1.2 8.8e+05 1.2e+04 2.0e+00  0  0  1  1  0   1  0  3  2  0 34510
------------------------------------------------------------------------------------------------------------------------

Object Type          Creations   Destructions. Reports information only for process 0.

--- Event Stage 0: Main Stage

           Container     2              0
              Viewer     2              0
           Index Set    32             20
   IS L to G Mapping    30             27
   Star Forest Graph     6              1
              Vector     9              3
              Matrix    16             12
   Matrix Null Space     1              0
      Preconditioner     1              0
       Krylov Solver     1              0
                SNES     1              0
              DMSNES     1              0
      SNESLineSearch     1              0
    Distributed Mesh     1              0
     Discrete System     1              0
           Weak Form     1              0

--- Event Stage 1: PCMPI


--- Event Stage 2: WarmUp solve with PCD-AMG

           Container     6              0
           Index Set    94             58
   IS L to G Mapping    55             48
   Star Forest Graph    26              0
              Vector   339            207
              Matrix    81             31
   Matrix Null Space     1              0
      Preconditioner    12              1
       Krylov Solver     8              1
     DMKSP interface     1              0
    Distributed Mesh     4              0
     Discrete System     4              0
           Weak Form     4              0

--- Event Stage 3: Timed solve with PCD-AMG

           Index Set    12             12
   IS L to G Mapping    48             48
              Vector   170            170
              Matrix    24             24
========================================================================================================================
Average time to get PetscTime(): 3.3e-08
Average time for MPI_Barrier(): 2.3516e-05
Average time for zero size MPI_Send(): 6.407e-07
#PETSc Option Table entries:
-options_left # (source: code)
-rb_ksp_converged_reason # (source: code)
-rb_ksp_gmres_modifiedgramschmidt # (source: code)
-rb_ksp_max_it 1000 # (source: code)
-rb_ksp_monitor # (source: code)
-rb_ksp_type fgmres # (source: code)
-rb_pc_python_type fenicsx_pctools.WrappedPC # (source: code)
-rb_pc_type python # (source: code)
-rb_snes_converged_reason # (source: code)
-rb_snes_linesearch_type basic # (source: code)
-rb_snes_max_it 25 # (source: code)
-rb_snes_monitor # (source: code)
-rb_snes_rtol 1e-08 # (source: code)
-rb_snes_type newtonls # (source: code)
-rb_snes_view # (source: code)
-rb_wrapped_fieldsplit_0_ksp_converged_reason # (source: code)
-rb_wrapped_fieldsplit_0_ksp_rtol 0.01 # (source: code)
-rb_wrapped_fieldsplit_0_ksp_type gmres # (source: code)
-rb_wrapped_fieldsplit_0_pc_python_type fenicsx_pctools.WrappedPC # (source: code)
-rb_wrapped_fieldsplit_0_pc_type python # (source: code)
-rb_wrapped_fieldsplit_0_wrapped_fieldsplit_0_ksp_type preonly # (source: code)
-rb_wrapped_fieldsplit_0_wrapped_fieldsplit_0_pc_python_type fenicsx_pctools.WrappedPC # (source: code)
-rb_wrapped_fieldsplit_0_wrapped_fieldsplit_0_pc_type python # (source: code)
-rb_wrapped_fieldsplit_0_wrapped_fieldsplit_0_wrapped_pc_hypre_boomeramg_agg_nl 1 # (source: code)
-rb_wrapped_fieldsplit_0_wrapped_fieldsplit_0_wrapped_pc_hypre_boomeramg_agg_num_paths 2 # (source: code)
-rb_wrapped_fieldsplit_0_wrapped_fieldsplit_0_wrapped_pc_hypre_boomeramg_coarsen_type HMIS # (source: code)
-rb_wrapped_fieldsplit_0_wrapped_fieldsplit_0_wrapped_pc_hypre_boomeramg_interp_type ext+i # (source: code)
-rb_wrapped_fieldsplit_0_wrapped_fieldsplit_0_wrapped_pc_hypre_boomeramg_no_CF # (source: code)
-rb_wrapped_fieldsplit_0_wrapped_fieldsplit_0_wrapped_pc_hypre_boomeramg_P_max 4 # (source: code)
-rb_wrapped_fieldsplit_0_wrapped_fieldsplit_0_wrapped_pc_hypre_type boomeramg # (source: code)
-rb_wrapped_fieldsplit_0_wrapped_fieldsplit_0_wrapped_pc_type hypre # (source: code)
-rb_wrapped_fieldsplit_0_wrapped_fieldsplit_1_ksp_type preonly # (source: code)
-rb_wrapped_fieldsplit_0_wrapped_fieldsplit_1_pc_python_type fenicsx_pctools.PCDPC_vY # (source: code)
-rb_wrapped_fieldsplit_0_wrapped_fieldsplit_1_pc_type python # (source: code)
-rb_wrapped_fieldsplit_0_wrapped_fieldsplit_1_pcd_Ap_ksp_type preonly # (source: code)
-rb_wrapped_fieldsplit_0_wrapped_fieldsplit_1_pcd_Ap_pc_hypre_boomeramg_agg_nl 1 # (source: code)
-rb_wrapped_fieldsplit_0_wrapped_fieldsplit_1_pcd_Ap_pc_hypre_boomeramg_agg_num_paths 2 # (source: code)
-rb_wrapped_fieldsplit_0_wrapped_fieldsplit_1_pcd_Ap_pc_hypre_boomeramg_coarsen_type HMIS # (source: code)
-rb_wrapped_fieldsplit_0_wrapped_fieldsplit_1_pcd_Ap_pc_hypre_boomeramg_interp_type ext+i # (source: code)
-rb_wrapped_fieldsplit_0_wrapped_fieldsplit_1_pcd_Ap_pc_hypre_boomeramg_no_CF # (source: code)
-rb_wrapped_fieldsplit_0_wrapped_fieldsplit_1_pcd_Ap_pc_hypre_boomeramg_P_max 4 # (source: code)
-rb_wrapped_fieldsplit_0_wrapped_fieldsplit_1_pcd_Ap_pc_hypre_type boomeramg # (source: code)
-rb_wrapped_fieldsplit_0_wrapped_fieldsplit_1_pcd_Ap_pc_type hypre # (source: code)
-rb_wrapped_fieldsplit_0_wrapped_fieldsplit_1_pcd_Mp_ksp_max_it 2 # (source: code)
-rb_wrapped_fieldsplit_0_wrapped_fieldsplit_1_pcd_Mp_ksp_type richardson # (source: code)
-rb_wrapped_fieldsplit_0_wrapped_fieldsplit_1_pcd_Mp_pc_type sor # (source: code)
-rb_wrapped_fieldsplit_0_wrapped_pc_fieldsplit_schur_fact_type lower # (source: code)
-rb_wrapped_fieldsplit_0_wrapped_pc_fieldsplit_type schur # (source: code)
-rb_wrapped_fieldsplit_0_wrapped_pc_type fieldsplit # (source: code)
-rb_wrapped_fieldsplit_1_ksp_converged_reason # (source: code)
-rb_wrapped_fieldsplit_1_ksp_rtol 0.0001 # (source: code)
-rb_wrapped_fieldsplit_1_ksp_type gmres # (source: code)
-rb_wrapped_fieldsplit_1_pc_python_type fenicsx_pctools.WrappedPC # (source: code)
-rb_wrapped_fieldsplit_1_pc_type python # (source: code)
-rb_wrapped_fieldsplit_1_wrapped_pc_hypre_boomeramg_agg_nl 1 # (source: code)
-rb_wrapped_fieldsplit_1_wrapped_pc_hypre_boomeramg_agg_num_paths 2 # (source: code)
-rb_wrapped_fieldsplit_1_wrapped_pc_hypre_boomeramg_coarsen_type HMIS # (source: code)
-rb_wrapped_fieldsplit_1_wrapped_pc_hypre_boomeramg_interp_type ext+i # (source: code)
-rb_wrapped_fieldsplit_1_wrapped_pc_hypre_boomeramg_no_CF # (source: code)
-rb_wrapped_fieldsplit_1_wrapped_pc_hypre_boomeramg_P_max 4 # (source: code)
-rb_wrapped_fieldsplit_1_wrapped_pc_hypre_type boomeramg # (source: code)
-rb_wrapped_fieldsplit_1_wrapped_pc_type hypre # (source: code)
-rb_wrapped_pc_fieldsplit_type multiplicative # (source: code)
-rb_wrapped_pc_type fieldsplit # (source: code)
#End of PETSc Option Table entries
Compiled without FORTRAN kernels
Compiled with full precision matrices (default)
sizeof(short) 2 sizeof(int) 4 sizeof(long) 8 sizeof(void*) 8 sizeof(PetscScalar) 8 sizeof(PetscInt) 4
Configure options: --with-blaslapack-dir=/opt/apps/resif/aion/2020b/epyc/software/OpenBLAS/0.3.12-GCC-10.2.0/lib --COPTFLAGS="-O3 -march=znver2" --CXXOPTFLAGS="-O3 -march=znver2" --FOPTFLAGS="-O3 -march=znver2" --with-cc=mpicc --with-cxx=mpicxx --with-fc=mpif90 --with-make-np=16 --with-mpiexec=srun --download-metis --download-parmetis --download-scalapack --download-hypre --download-mumps --with-scalar-type=real --with-debugging=0 --with-shared-libraries --with-fortran-bindings=no --with-64-bit-indices=no --prefix=/scratch/users/jhale//fenicsx-aion-gompi-32-0.7.0-r1
-----------------------------------------
Libraries compiled on 2023-10-10 14:52:34 on aion-0250 
Machine characteristics: Linux-4.18.0-372.32.1.el8_6.x86_64-x86_64-with-glibc2.2.5
Using PETSc directory: /scratch/users/jhale/fenicsx-aion-gompi-32-0.7.0-r1
Using PETSc arch: 
-----------------------------------------

Using C compiler: mpicc  -fPIC -Wall -Wwrite-strings -Wno-unknown-pragmas -Wno-lto-type-mismatch -fstack-protector -fvisibility=hidden -O3 -march=znver2  
Using Fortran compiler: mpif90  -fPIC -Wall -ffree-line-length-none -ffree-line-length-0 -Wno-lto-type-mismatch -Wno-unused-dummy-argument -O3 -march=znver2    
-----------------------------------------

Using include paths: -I/scratch/users/jhale/fenicsx-aion-gompi-32-0.7.0-r1/include
-----------------------------------------

Using C linker: mpicc
Using Fortran linker: mpif90
Using libraries: -Wl,-rpath,/scratch/users/jhale/fenicsx-aion-gompi-32-0.7.0-r1/lib -L/scratch/users/jhale/fenicsx-aion-gompi-32-0.7.0-r1/lib -lpetsc -Wl,-rpath,/scratch/users/jhale/fenicsx-aion-gompi-32-0.7.0-r1/lib -L/scratch/users/jhale/fenicsx-aion-gompi-32-0.7.0-r1/lib -Wl,-rpath,/opt/apps/resif/aion/2020b/epyc/software/OpenBLAS/0.3.12-GCC-10.2.0/lib -L/opt/apps/resif/aion/2020b/epyc/software/OpenBLAS/0.3.12-GCC-10.2.0/lib -Wl,-rpath,/opt/apps/resif/aion/2020b/epyc/software/UCX/1.9.0-GCCcore-10.2.0/lib64 -L/opt/apps/resif/aion/2020b/epyc/software/UCX/1.9.0-GCCcore-10.2.0/lib64 -Wl,-rpath,/opt/apps/resif/aion/2020b/epyc/software/OpenMPI/4.0.5-GCC-10.2.0/lib -L/opt/apps/resif/aion/2020b/epyc/software/OpenMPI/4.0.5-GCC-10.2.0/lib -Wl,-rpath,/mnt/irisgpfs/apps/resif/aion/2020b/epyc/software/GCCcore/10.2.0/lib/gcc/x86_64-pc-linux-gnu/10.2.0 -L/mnt/irisgpfs/apps/resif/aion/2020b/epyc/software/GCCcore/10.2.0/lib/gcc/x86_64-pc-linux-gnu/10.2.0 -Wl,-rpath,/mnt/irisgpfs/apps/resif/aion/2020b/epyc/software/GCCcore/10.2.0/lib/gcc -L/mnt/irisgpfs/apps/resif/aion/2020b/epyc/software/GCCcore/10.2.0/lib/gcc -Wl,-rpath,/opt/apps/resif/aion/2020b/epyc/software/Bison/3.7.1-GCCcore-10.2.0/lib64 -L/opt/apps/resif/aion/2020b/epyc/software/Bison/3.7.1-GCCcore-10.2.0/lib64 -Wl,-rpath,/opt/apps/resif/aion/2020b/epyc/software/Boost/1.74.0-GCC-10.2.0/lib64 -L/opt/apps/resif/aion/2020b/epyc/software/Boost/1.74.0-GCC-10.2.0/lib64 -Wl,-rpath,/opt/apps/resif/aion/2020b/epyc/software/OpenBLAS/0.3.12-GCC-10.2.0/lib64 -L/opt/apps/resif/aion/2020b/epyc/software/OpenBLAS/0.3.12-GCC-10.2.0/lib64 -Wl,-rpath,/opt/apps/resif/aion/2020b/epyc/software/Python/3.8.6-GCCcore-10.2.0/lib64 -L/opt/apps/resif/aion/2020b/epyc/software/Python/3.8.6-GCCcore-10.2.0/lib64 -Wl,-rpath,/opt/apps/resif/aion/2020b/epyc/software/libffi/3.3-GCCcore-10.2.0/lib64 -L/opt/apps/resif/aion/2020b/epyc/software/libffi/3.3-GCCcore-10.2.0/lib64 -Wl,-rpath,/opt/apps/resif/aion/2020b/epyc/software/GMP/6.2.0-GCCcore-10.2.0/lib64 -L/opt/apps/resif/aion/2020b/epyc/software/GMP/6.2.0-GCCcore-10.2.0/lib64 -Wl,-rpath,/opt/apps/resif/aion/2020b/epyc/software/SQLite/3.33.0-GCCcore-10.2.0/lib64 -L/opt/apps/resif/aion/2020b/epyc/software/SQLite/3.33.0-GCCcore-10.2.0/lib64 -Wl,-rpath,/opt/apps/resif/aion/2020b/epyc/software/Tcl/8.6.10-GCCcore-10.2.0/lib64 -L/opt/apps/resif/aion/2020b/epyc/software/Tcl/8.6.10-GCCcore-10.2.0/lib64 -Wl,-rpath,/opt/apps/resif/aion/2020b/epyc/software/libreadline/8.0-GCCcore-10.2.0/lib64 -L/opt/apps/resif/aion/2020b/epyc/software/libreadline/8.0-GCCcore-10.2.0/lib64 -Wl,-rpath,/opt/apps/resif/aion/2020b/epyc/software/flex/2.6.4-GCCcore-10.2.0/lib64 -L/opt/apps/resif/aion/2020b/epyc/software/flex/2.6.4-GCCcore-10.2.0/lib64 -Wl,-rpath,/opt/apps/resif/aion/2020b/epyc/software/libarchive/3.4.3-GCCcore-10.2.0/lib64 -L/opt/apps/resif/aion/2020b/epyc/software/libarchive/3.4.3-GCCcore-10.2.0/lib64 -Wl,-rpath,/opt/apps/resif/aion/2020b/epyc/software/cURL/7.72.0-GCCcore-10.2.0/lib64 -L/opt/apps/resif/aion/2020b/epyc/software/cURL/7.72.0-GCCcore-10.2.0/lib64 -Wl,-rpath,/opt/apps/resif/aion/2020b/epyc/software/bzip2/1.0.8-GCCcore-10.2.0/lib64 -L/opt/apps/resif/aion/2020b/epyc/software/bzip2/1.0.8-GCCcore-10.2.0/lib64 -Wl,-rpath,/opt/apps/resif/aion/2020b/epyc/software/ncurses/6.2-GCCcore-10.2.0/lib64 -L/opt/apps/resif/aion/2020b/epyc/software/ncurses/6.2-GCCcore-10.2.0/lib64 -Wl,-rpath,/opt/apps/resif/aion/2020b/epyc/software/HDF5/1.10.7-gompi-2020b/lib64 -L/opt/apps/resif/aion/2020b/epyc/software/HDF5/1.10.7-gompi-2020b/lib64 -Wl,-rpath,/opt/apps/resif/aion/2020b/epyc/software/Szip/2.1.1-GCCcore-10.2.0/lib64 -L/opt/apps/resif/aion/2020b/epyc/software/Szip/2.1.1-GCCcore-10.2.0/lib64 -Wl,-rpath,/opt/apps/resif/aion/2020b/epyc/software/OpenMPI/4.0.5-GCC-10.2.0/lib64 -L/opt/apps/resif/aion/2020b/epyc/software/OpenMPI/4.0.5-GCC-10.2.0/lib64 -Wl,-rpath,/opt/apps/resif/aion/2020b/epyc/software/hwloc/2.2.0-GCCcore-10.2.0/lib64 -L/opt/apps/resif/aion/2020b/epyc/software/hwloc/2.2.0-GCCcore-10.2.0/lib64 -Wl,-rpath,/opt/apps/resif/aion/2020b/epyc/software/libpciaccess/0.16-GCCcore-10.2.0/lib64 -L/opt/apps/resif/aion/2020b/epyc/software/libpciaccess/0.16-GCCcore-10.2.0/lib64 -Wl,-rpath,/opt/apps/resif/aion/2020b/epyc/software/libxml2/2.9.10-GCCcore-10.2.0/lib64 -L/opt/apps/resif/aion/2020b/epyc/software/libxml2/2.9.10-GCCcore-10.2.0/lib64 -Wl,-rpath,/opt/apps/resif/aion/2020b/epyc/software/XZ/5.2.5-GCCcore-10.2.0/lib64 -L/opt/apps/resif/aion/2020b/epyc/software/XZ/5.2.5-GCCcore-10.2.0/lib64 -Wl,-rpath,/opt/apps/resif/aion/2020b/epyc/software/numactl/2.0.13-GCCcore-10.2.0/lib64 -L/opt/apps/resif/aion/2020b/epyc/software/numactl/2.0.13-GCCcore-10.2.0/lib64 -Wl,-rpath,/opt/apps/resif/aion/2020b/epyc/software/binutils/2.35-GCCcore-10.2.0/lib64 -L/opt/apps/resif/aion/2020b/epyc/software/binutils/2.35-GCCcore-10.2.0/lib64 -Wl,-rpath,/opt/apps/resif/aion/2020b/epyc/software/zlib/1.2.11-GCCcore-10.2.0/lib64 -L/opt/apps/resif/aion/2020b/epyc/software/zlib/1.2.11-GCCcore-10.2.0/lib64 -Wl,-rpath,/mnt/irisgpfs/apps/resif/aion/2020b/epyc/software/GCCcore/10.2.0/lib64 -L/mnt/irisgpfs/apps/resif/aion/2020b/epyc/software/GCCcore/10.2.0/lib64 -Wl,-rpath,/opt/apps/resif/aion/2020b/epyc/software/Bison/3.7.1-GCCcore-10.2.0/lib -L/opt/apps/resif/aion/2020b/epyc/software/Bison/3.7.1-GCCcore-10.2.0/lib -Wl,-rpath,/opt/apps/resif/aion/2020b/epyc/software/Boost/1.74.0-GCC-10.2.0/lib -L/opt/apps/resif/aion/2020b/epyc/software/Boost/1.74.0-GCC-10.2.0/lib -Wl,-rpath,/opt/apps/resif/aion/2020b/epyc/software/Python/3.8.6-GCCcore-10.2.0/lib -L/opt/apps/resif/aion/2020b/epyc/software/Python/3.8.6-GCCcore-10.2.0/lib -Wl,-rpath,/opt/apps/resif/aion/2020b/epyc/software/libffi/3.3-GCCcore-10.2.0/lib -L/opt/apps/resif/aion/2020b/epyc/software/libffi/3.3-GCCcore-10.2.0/lib -Wl,-rpath,/opt/apps/resif/aion/2020b/epyc/software/GMP/6.2.0-GCCcore-10.2.0/lib -L/opt/apps/resif/aion/2020b/epyc/software/GMP/6.2.0-GCCcore-10.2.0/lib -Wl,-rpath,/opt/apps/resif/aion/2020b/epyc/software/SQLite/3.33.0-GCCcore-10.2.0/lib -L/opt/apps/resif/aion/2020b/epyc/software/SQLite/3.33.0-GCCcore-10.2.0/lib -Wl,-rpath,/opt/apps/resif/aion/2020b/epyc/software/Tcl/8.6.10-GCCcore-10.2.0/lib -L/opt/apps/resif/aion/2020b/epyc/software/Tcl/8.6.10-GCCcore-10.2.0/lib -Wl,-rpath,/opt/apps/resif/aion/2020b/epyc/software/libreadline/8.0-GCCcore-10.2.0/lib -L/opt/apps/resif/aion/2020b/epyc/software/libreadline/8.0-GCCcore-10.2.0/lib -Wl,-rpath,/opt/apps/resif/aion/2020b/epyc/software/flex/2.6.4-GCCcore-10.2.0/lib -L/opt/apps/resif/aion/2020b/epyc/software/flex/2.6.4-GCCcore-10.2.0/lib -Wl,-rpath,/opt/apps/resif/aion/2020b/epyc/software/libarchive/3.4.3-GCCcore-10.2.0/lib -L/opt/apps/resif/aion/2020b/epyc/software/libarchive/3.4.3-GCCcore-10.2.0/lib -Wl,-rpath,/opt/apps/resif/aion/2020b/epyc/software/cURL/7.72.0-GCCcore-10.2.0/lib -L/opt/apps/resif/aion/2020b/epyc/software/cURL/7.72.0-GCCcore-10.2.0/lib -Wl,-rpath,/opt/apps/resif/aion/2020b/epyc/software/bzip2/1.0.8-GCCcore-10.2.0/lib -L/opt/apps/resif/aion/2020b/epyc/software/bzip2/1.0.8-GCCcore-10.2.0/lib -Wl,-rpath,/opt/apps/resif/aion/2020b/epyc/software/ncurses/6.2-GCCcore-10.2.0/lib -L/opt/apps/resif/aion/2020b/epyc/software/ncurses/6.2-GCCcore-10.2.0/lib -Wl,-rpath,/opt/apps/resif/aion/2020b/epyc/software/HDF5/1.10.7-gompi-2020b/lib -L/opt/apps/resif/aion/2020b/epyc/software/HDF5/1.10.7-gompi-2020b/lib -Wl,-rpath,/opt/apps/resif/aion/2020b/epyc/software/Szip/2.1.1-GCCcore-10.2.0/lib -L/opt/apps/resif/aion/2020b/epyc/software/Szip/2.1.1-GCCcore-10.2.0/lib -Wl,-rpath,/opt/apps/resif/aion/2020b/epyc/software/UCX/1.9.0-GCCcore-10.2.0/lib -L/opt/apps/resif/aion/2020b/epyc/software/UCX/1.9.0-GCCcore-10.2.0/lib -Wl,-rpath,/opt/apps/resif/aion/2020b/epyc/software/hwloc/2.2.0-GCCcore-10.2.0/lib -L/opt/apps/resif/aion/2020b/epyc/software/hwloc/2.2.0-GCCcore-10.2.0/lib -Wl,-rpath,/opt/apps/resif/aion/2020b/epyc/software/libpciaccess/0.16-GCCcore-10.2.0/lib -L/opt/apps/resif/aion/2020b/epyc/software/libpciaccess/0.16-GCCcore-10.2.0/lib -Wl,-rpath,/opt/apps/resif/aion/2020b/epyc/software/libxml2/2.9.10-GCCcore-10.2.0/lib -L/opt/apps/resif/aion/2020b/epyc/software/libxml2/2.9.10-GCCcore-10.2.0/lib -Wl,-rpath,/opt/apps/resif/aion/2020b/epyc/software/XZ/5.2.5-GCCcore-10.2.0/lib -L/opt/apps/resif/aion/2020b/epyc/software/XZ/5.2.5-GCCcore-10.2.0/lib -Wl,-rpath,/opt/apps/resif/aion/2020b/epyc/software/numactl/2.0.13-GCCcore-10.2.0/lib -L/opt/apps/resif/aion/2020b/epyc/software/numactl/2.0.13-GCCcore-10.2.0/lib -Wl,-rpath,/opt/apps/resif/aion/2020b/epyc/software/binutils/2.35-GCCcore-10.2.0/lib -L/opt/apps/resif/aion/2020b/epyc/software/binutils/2.35-GCCcore-10.2.0/lib -Wl,-rpath,/opt/apps/resif/aion/2020b/epyc/software/zlib/1.2.11-GCCcore-10.2.0/lib -L/opt/apps/resif/aion/2020b/epyc/software/zlib/1.2.11-GCCcore-10.2.0/lib -Wl,-rpath,/mnt/irisgpfs/apps/resif/aion/2020b/epyc/software/GCCcore/10.2.0/lib -L/mnt/irisgpfs/apps/resif/aion/2020b/epyc/software/GCCcore/10.2.0/lib -lHYPRE -ldmumps -lmumps_common -lpord -lpthread -lscalapack -lopenblas -lpthread -lparmetis -lmetis -lm -ldl -lmpi_usempif08 -lmpi_usempi_ignore_tkr -lmpi_mpifh -lmpi -lgfortran -lm -lgfortran -lm -lgcc_s -lquadmath -lstdc++ -lquadmath -ldl
-----------------------------------------

