****************************************************************************************************************************************************************
***                                WIDEN YOUR WINDOW TO 160 CHARACTERS.  Use 'enscript -r -fCourier9' to print this document                                 ***
****************************************************************************************************************************************************************

------------------------------------------------------------------ PETSc Performance Summary: ------------------------------------------------------------------

Unknown Name on a  named aion-0077 with 128 processors, by jhale Wed Oct 11 13:05:11 2023
Using Petsc Release Version 3.20.0, unknown 

                         Max       Max/Min     Avg       Total
Time (sec):           4.527e+01     1.000   4.527e+01
Objects:              0.000e+00     0.000   0.000e+00
Flops:                6.304e+09     1.081   6.127e+09  7.842e+11
Flops/sec:            1.392e+08     1.081   1.353e+08  1.732e+10
MPI Msg Count:        2.212e+04     4.462   1.362e+04  1.743e+06
MPI Msg Len (bytes):  3.552e+08     2.576   1.919e+04  3.346e+10
MPI Reductions:       2.366e+03     1.000

Flop counting convention: 1 flop = 1 real number operation of type (multiply/divide/add/subtract)
                            e.g., VecAXPY() for real vectors of length N --> 2N flops
                            and VecAXPY() for complex vectors of length N --> 8N flops

Summary of Stages:   ----- Time ------  ----- Flop ------  --- Messages ---  -- Message Lengths --  -- Reductions --
                        Avg     %Total     Avg     %Total    Count   %Total     Avg         %Total    Count   %Total
 0:      Main Stage: 4.5827e+00  10.1%  2.4791e+09   0.3%  2.390e+04   1.4%  8.512e+04        6.1%  6.000e+01   2.5%
 2: WarmUp solve with PCD-AMG: 2.1080e+01  46.6%  3.9092e+11  49.8%  8.923e+05  51.2%  1.813e+04       48.4%  1.247e+03  52.7%
 3: Timed solve with PCD-AMG: 1.8958e+01  41.9%  3.9085e+11  49.8%  8.272e+05  47.4%  1.842e+04       45.6%  1.041e+03  44.0%

------------------------------------------------------------------------------------------------------------------------
See the 'Profiling' chapter of the users' manual for details on interpreting output.
Phase summary info:
   Count: number of times phase was executed
   Time and Flop: Max - maximum over all processors
                  Ratio - ratio of maximum to minimum over all processors
   Mess: number of messages sent
   AvgLen: average message length (bytes)
   Reduct: number of global reductions
   Global: entire computation
   Stage: stages of a computation. Set stages with PetscLogStagePush() and PetscLogStagePop().
      %T - percent time in this phase         %F - percent flop in this phase
      %M - percent messages in this phase     %L - percent message lengths in this phase
      %R - percent reductions in this phase
   Total Mflop/s: 10e-6 * (sum of flop over all processors)/(max time over all processors)
------------------------------------------------------------------------------------------------------------------------
Event                Count      Time (sec)     Flop                              --- Global ---  --- Stage ----  Total
                   Max Ratio  Max     Ratio   Max  Ratio  Mess   AvgLen  Reduct  %T %F %M %L %R  %T %F %M %L %R Mflop/s
------------------------------------------------------------------------------------------------------------------------

--- Event Stage 0: Main Stage

BuildTwoSided          6 1.0 2.4419e-01 29.4 0.00e+00 0.0 7.0e+03 4.0e+00 6.0e+00  0  0  0  0  0   2  0 29  0 10     0
BuildTwoSidedF         2 1.0 2.4100e-01 23.4 0.00e+00 0.0 2.8e+03 6.8e+05 2.0e+00  0  0  0  6  0   2  0 12 93  3     0
SFSetGraph             4 1.0 1.8686e-03 2.2 0.00e+00 0.0 0.0e+00 0.0e+00 0.0e+00  0  0  0  0  0   0  0  0  0  0     0
SFSetUp                4 1.0 8.2361e-03 1.4 0.00e+00 0.0 1.1e+04 4.6e+03 4.0e+00  0  0  1  0  0   0  0 47  3  7     0
SFPack                 7 1.0 2.4372e-04 3.2 0.00e+00 0.0 0.0e+00 0.0e+00 0.0e+00  0  0  0  0  0   0  0  0  0  0     0
SFUnpack               7 1.0 2.5054e-04 3.5 0.00e+00 0.0 0.0e+00 0.0e+00 0.0e+00  0  0  0  0  0   0  0  0  0  0     0
VecNorm                1 1.0 1.9633e-03 47.5 2.07e+05 1.1 0.0e+00 0.0e+00 1.0e+00  0  0  0  0  0   0  1  0  0  2 12831
VecScale               1 1.0 6.1360e-05 1.3 1.03e+05 1.1 0.0e+00 0.0e+00 0.0e+00  0  0  0  0  0   0  1  0  0  0 205276
VecSet                 5 1.0 2.2573e-04 2.8 0.00e+00 0.0 0.0e+00 0.0e+00 0.0e+00  0  0  0  0  0   0  0  0  0  0     0
VecScatterBegin        7 1.0 4.7010e-04 2.8 0.00e+00 0.0 9.8e+03 8.7e+03 0.0e+00  0  0  1  0  0   0  0 41  4  0     0
VecScatterEnd          7 1.0 1.7589e-03 2.4 0.00e+00 0.0 0.0e+00 0.0e+00 0.0e+00  0  0  0  0  0   0  0  0  0  0     0
VecNormalize           1 1.0 2.0243e-03 20.8 3.10e+05 1.1 0.0e+00 0.0e+00 1.0e+00  0  0  0  0  0   0  2  0  0  2 18667
MatAssemblyBegin       2 1.0 3.6015e-01 1.6 0.00e+00 0.0 2.8e+03 6.8e+05 2.0e+00  1  0  0  6  0   6  0 12 93  3     0
MatAssemblyEnd         2 1.0 1.5741e-01 1.7 6.47e+05 2.5 2.8e+03 8.0e+03 5.0e+00  0  0  0  0  0   3  2 12  1  8   391

--- Event Stage 2: WarmUp solve with PCD-AMG

BuildTwoSided         33 1.0 5.5251e-01 28.7 0.00e+00 0.0 2.8e+04 4.0e+00 3.3e+01  1  0  2  0  1   1  0  3  0  3     0
BuildTwoSidedF        15 1.0 5.4572e-01 14.9 0.00e+00 0.0 1.9e+04 2.0e+05 1.5e+01  1  0  1 12  1   1  0  2 24  1     0
SFSetGraph            18 1.0 5.3600e-03 1.5 0.00e+00 0.0 0.0e+00 0.0e+00 0.0e+00  0  0  0  0  0   0  0  0  0  0     0
SFSetUp               18 1.0 1.7547e-02 1.2 0.00e+00 0.0 3.7e+04 2.5e+03 1.8e+01  0  0  2  0  1   0  0  4  1  1     0
SFPack              1122 1.0 3.6693e-02 2.2 0.00e+00 0.0 0.0e+00 0.0e+00 0.0e+00  0  0  0  0  0   0  0  0  0  0     0
SFUnpack            1122 1.0 1.5030e-03 4.3 1.14e+05 2.5 0.0e+00 0.0e+00 0.0e+00  0  0  0  0  0   0  0  0  0  0  7150
VecDot                21 1.0 1.4647e-02 5.0 4.34e+06 1.1 0.0e+00 0.0e+00 2.1e+01  0  0  0  0  1   0  0  0  0  2 36118
VecMDot              416 1.0 1.4779e-01 1.2 1.89e+08 1.1 0.0e+00 0.0e+00 4.2e+02  0  3  0  0 18   1  6  0  0 33 155979
VecNorm              192 1.0 4.2774e-02 3.1 2.71e+07 1.1 0.0e+00 0.0e+00 1.9e+02  0  0  0  0  8   0  1  0  0 15 77374
VecScale             576 1.0 5.2978e-03 1.2 1.49e+07 1.1 0.0e+00 0.0e+00 0.0e+00  0  0  0  0  0   0  0  0  0  0 345079
VecCopy              145 1.0 2.2351e-03 1.2 0.00e+00 0.0 0.0e+00 0.0e+00 0.0e+00  0  0  0  0  0   0  0  0  0  0     0
VecSet               490 1.0 1.4606e-02 1.4 0.00e+00 0.0 0.0e+00 0.0e+00 0.0e+00  0  0  0  0  0   0  0  0  0  0     0
VecAXPY              164 1.0 3.3368e-03 1.4 7.45e+06 1.1 0.0e+00 0.0e+00 0.0e+00  0  0  0  0  0   0  0  0  0  0 270975
VecWAXPY               2 1.0 5.0635e-04 1.9 2.07e+05 1.1 0.0e+00 0.0e+00 0.0e+00  0  0  0  0  0   0  0  0  0  0 49751
VecMAXPY             340 1.0 9.9288e-02 1.1 2.13e+08 1.1 0.0e+00 0.0e+00 0.0e+00  0  3  0  0  0   0  7  0  0  0 262282
VecScatterBegin     1122 1.0 8.9133e-02 1.6 0.00e+00 0.0 8.3e+05 1.4e+04 0.0e+00  0  0 48 36  0   0  0 94 74  0     0
VecScatterEnd       1122 1.0 3.3743e-01 4.8 1.14e+05 2.5 0.0e+00 0.0e+00 0.0e+00  0  0  0  0  0   1  0  0  0  0    32
VecReduceArith         6 1.0 4.0539e-04 1.9 1.24e+06 1.1 0.0e+00 0.0e+00 0.0e+00  0  0  0  0  0   0  0  0  0  0 372845
VecReduceComm          2 1.0 4.4055e-02 1897.9 0.00e+00 0.0 0.0e+00 0.0e+00 2.0e+00  0  0  0  0  0   0  0  0  0  0     0
VecNormalize         183 1.0 2.5400e-02 1.5 3.79e+07 1.1 0.0e+00 0.0e+00 1.8e+02  0  1  0  0  8   0  1  0  0 15 182020
MatMult              432 1.0 2.2438e+00 1.1 2.59e+09 1.1 6.1e+05 1.8e+04 0.0e+00  5 41 35 32  0  10 83 69 67  0 144004
MatSOR               125 1.0 5.4633e-02 1.5 3.54e+07 1.2 1.8e+05 1.5e+03 0.0e+00  0  1 10  1  0   0  1 20  2  0 76839
MatConvert             4 1.0 6.3297e-01 1.1 0.00e+00 0.0 0.0e+00 0.0e+00 6.0e+00  1  0  0  0  0   3  0  0  0  0     0
MatAssemblyBegin      61 1.0 7.4888e-01 1.5 0.00e+00 0.0 1.9e+04 2.0e+05 1.5e+01  1  0  1 12  1   3  0  2 24  1     0
MatAssemblyEnd        61 1.0 5.1005e-01 1.4 2.54e+06 2.5 2.5e+04 3.3e+03 5.0e+01  1  0  1  0  2   2  0  3  1  4   471
MatGetRowIJ           12 1.0 6.6493e-04 118.7 0.00e+00 0.0 0.0e+00 0.0e+00 0.0e+00  0  0  0  0  0   0  0  0  0  0     0
MatCreateSubMat       10 1.0 5.5091e-01 1.0 0.00e+00 0.0 3.7e+04 1.9e+04 1.3e+02  1  0  2  2  5   3  0  4  4 10     0
MatZeroEntries         3 1.0 3.9770e-02 1.1 0.00e+00 0.0 0.0e+00 0.0e+00 0.0e+00  0  0  0  0  0   0  0  0  0  0     0
MatView               12 1.0 4.5306e-03 1.5 0.00e+00 0.0 0.0e+00 0.0e+00 1.4e+01  0  0  0  0  1   0  0  0  0  1     0
MatSetPreallCOO        6 1.0 3.3948e-01 1.1 0.00e+00 0.0 0.0e+00 0.0e+00 0.0e+00  1  0  0  0  0   2  0  0  0  0     0
MatSetValuesCOO        8 1.0 4.8455e-02 1.1 0.00e+00 0.0 0.0e+00 0.0e+00 0.0e+00  0  0  0  0  0   0  0  0  0  0     0
PCSetUp               12 1.0 2.4999e+00 1.0 1.32e+06 1.1 6.2e+04 1.6e+04 2.0e+02  6  0  4  3  9  12  0  7  6 16    65
PCApply                8 1.0 1.7115e+01 1.0 2.89e+09 1.1 8.4e+05 1.4e+04 1.2e+03 38 46 48 35 49  81 92 94 72 94 21009
KSPSolve_FS_0          8 1.0 1.6601e+01 1.0 2.87e+09 1.1 7.4e+05 1.5e+04 9.9e+02 37 46 42 32 42  79 91 83 67 79 21498
KSPSolve_FS_1          8 1.0 1.5212e-01 1.0 9.73e+06 1.1 6.9e+04 1.5e+03 1.1e+02  0  0  4  0  5   1  0  8  1  9  7715
KSPSolve_FS_Schu     125 1.0 6.9237e-01 1.1 5.55e+07 1.1 3.7e+05 1.6e+03 5.4e+02  1  1 21  2 23   3  2 42  4 43  9610
KSPSetUp              10 1.0 2.3060e-03 1.5 0.00e+00 0.0 0.0e+00 0.0e+00 0.0e+00  0  0  0  0  0   0  0  0  0  0     0
KSPSolve               2 1.0 1.7272e+01 1.0 3.08e+09 1.1 8.5e+05 1.4e+04 1.2e+03 38 49 49 36 51  82 98 95 74 96 22177
KSPGMRESOrthog       174 1.0 2.1367e-01 1.1 3.82e+08 1.1 0.0e+00 0.0e+00 1.9e+02  0  6  0  0  8   1 12  0  0 15 218415
SNESSolve              1 1.0 2.1074e+01 1.0 3.14e+09 1.1 8.9e+05 1.8e+04 1.2e+03 47 50 51 48 52 100 100 100 100 99 18550
SNESSetUp              1 1.0 5.8985e-04 57.4 0.00e+00 0.0 0.0e+00 0.0e+00 0.0e+00  0  0  0  0  0   0  0  0  0  0     0
SNESFunctionEval       3 1.0 3.4261e-01 1.3 1.14e+05 2.5 3.4e+04 1.0e+04 2.1e+01  1  0  2  1  1   2  0  4  2  2    31
SNESJacobianEval       2 1.0 3.4137e+00 1.0 6.11e+07 1.1 8.0e+03 4.8e+05 4.0e+00  8  1  0 11  0  16  2  1 23  0  2234
SNESLineSearch         2 1.0 2.0795e-01 1.0 1.48e+06 1.1 1.7e+04 1.4e+04 2.0e+00  0  0  1  1  0   1  0  2  1  0   882

--- Event Stage 3: Timed solve with PCD-AMG

BuildTwoSided         14 1.0 5.6891e-01 23.4 0.00e+00 0.0 6.8e+03 4.0e+00 1.4e+01  1  0  0  0  1   1  0  1  0  1     0
BuildTwoSidedF        14 1.0 5.6920e-01 11.4 0.00e+00 0.0 1.4e+04 2.8e+05 1.4e+01  1  0  1 11  1   1  0  2 25  1     0
SFPack              1107 1.0 3.4365e-02 2.1 0.00e+00 0.0 0.0e+00 0.0e+00 0.0e+00  0  0  0  0  0   0  0  0  0  0     0
SFUnpack            1107 1.0 1.2582e-03 3.7 1.14e+05 2.5 0.0e+00 0.0e+00 0.0e+00  0  0  0  0  0   0  0  0  0  0  8542
VecDot                21 1.0 1.5630e-02 5.3 4.34e+06 1.1 0.0e+00 0.0e+00 2.1e+01  0  0  0  0  1   0  0  0  0  2 33847
VecMDot              416 1.0 1.4891e-01 1.2 1.89e+08 1.1 0.0e+00 0.0e+00 4.2e+02  0  3  0  0 18   1  6  0  0 40 154801
VecNorm              191 1.0 3.8370e-02 4.0 2.71e+07 1.1 0.0e+00 0.0e+00 1.9e+02  0  0  0  0  8   0  1  0  0 18 86228
VecScale             575 1.0 5.3027e-03 1.2 1.49e+07 1.1 0.0e+00 0.0e+00 0.0e+00  0  0  0  0  0   0  0  0  0  0 344667
VecCopy              145 1.0 2.5830e-03 1.4 0.00e+00 0.0 0.0e+00 0.0e+00 0.0e+00  0  0  0  0  0   0  0  0  0  0     0
VecSet               479 1.0 1.4086e-02 1.4 0.00e+00 0.0 0.0e+00 0.0e+00 0.0e+00  0  0  0  0  0   0  0  0  0  0     0
VecAXPY              164 1.0 3.5714e-03 1.4 7.45e+06 1.1 0.0e+00 0.0e+00 0.0e+00  0  0  0  0  0   0  0  0  0  0 253175
VecWAXPY               2 1.0 5.5380e-04 1.4 2.07e+05 1.1 0.0e+00 0.0e+00 0.0e+00  0  0  0  0  0   0  0  0  0  0 45488
VecMAXPY             340 1.0 9.9274e-02 1.1 2.13e+08 1.1 0.0e+00 0.0e+00 0.0e+00  0  3  0  0  0   0  7  0  0  0 262318
VecScatterBegin     1107 1.0 8.3132e-02 1.6 0.00e+00 0.0 8.1e+05 1.4e+04 0.0e+00  0  0 47 34  0   0  0 98 75  0     0
VecScatterEnd       1107 1.0 3.3513e-01 6.0 1.14e+05 2.5 0.0e+00 0.0e+00 0.0e+00  0  0  0  0  0   1  0  0  0  0    32
VecReduceArith         6 1.0 3.9861e-04 1.9 1.24e+06 1.1 0.0e+00 0.0e+00 0.0e+00  0  0  0  0  0   0  0  0  0  0 379187
VecReduceComm          2 1.0 4.3896e-02 2042.6 0.00e+00 0.0 0.0e+00 0.0e+00 2.0e+00  0  0  0  0  0   0  0  0  0  0     0
VecNormalize         182 1.0 2.1991e-02 1.7 3.79e+07 1.1 0.0e+00 0.0e+00 1.8e+02  0  1  0  0  8   0  1  0  0 17 210217
MatMult              432 1.0 2.2432e+00 1.1 2.59e+09 1.1 6.1e+05 1.8e+04 0.0e+00  5 41 35 32  0  11 83 74 71  0 144045
MatSOR               125 1.0 5.4388e-02 1.5 3.54e+07 1.2 1.8e+05 1.5e+03 0.0e+00  0  1 10  1  0   0  1 21  2  0 77176
MatConvert             2 1.0 4.8858e-04 2.7 0.00e+00 0.0 0.0e+00 0.0e+00 0.0e+00  0  0  0  0  0   0  0  0  0  0     0
MatAssemblyBegin      30 1.0 7.4535e-01 1.5 0.00e+00 0.0 1.4e+04 2.8e+05 1.4e+01  1  0  1 11  1   3  0  2 25  1     0
MatAssemblyEnd        30 1.0 2.6397e-01 2.1 2.53e+06 2.5 0.0e+00 0.0e+00 0.0e+00  0  0  0  0  0   1  0  0  0  0   906
MatCreateSubMat        6 1.0 2.4672e-01 1.0 0.00e+00 0.0 0.0e+00 0.0e+00 1.0e+01  1  0  0  0  0   1  0  0  0  1     0
MatZeroEntries         4 1.0 3.9616e-02 1.1 0.00e+00 0.0 0.0e+00 0.0e+00 0.0e+00  0  0  0  0  0   0  0  0  0  0     0
MatView               12 1.0 2.5426e-03 2.2 0.00e+00 0.0 0.0e+00 0.0e+00 1.4e+01  0  0  0  0  1   0  0  0  0  1     0
MatSetValuesCOO        4 1.0 4.7442e-04 2.8 0.00e+00 0.0 0.0e+00 0.0e+00 0.0e+00  0  0  0  0  0   0  0  0  0  0     0
PCSetUp                6 1.0 4.2659e-01 1.0 6.86e+05 1.1 5.6e+03 6.0e+03 1.8e+01  1  0  0  0  1   2  0  1  0  2   198
PCApply                8 1.0 1.4968e+01 1.0 2.89e+09 1.1 7.8e+05 1.4e+04 9.9e+02 33 46 45 32 42  79 92 94 70 95 24015
KSPSolve_FS_0          8 1.0 1.4553e+01 1.0 2.87e+09 1.1 7.0e+05 1.5e+04 8.7e+02 32 45 40 31 37  77 91 84 68 83 24515
KSPSolve_FS_1          8 1.0 1.5250e-01 1.0 9.73e+06 1.1 6.9e+04 1.5e+03 1.1e+02  0  0  4  0  4   1  0  8  1 10  7696
KSPSolve_FS_Schu     125 1.0 2.7692e-01 1.1 5.45e+07 1.1 3.5e+05 1.5e+03 5.0e+02  1  1 20  2 21   1  2 43  4 48 23590
KSPSetUp               6 1.0 8.1500e-06 6.8 0.00e+00 0.0 0.0e+00 0.0e+00 0.0e+00  0  0  0  0  0   0  0  0  0  0     0
KSPSolve               2 1.0 1.5124e+01 1.0 3.08e+09 1.1 7.9e+05 1.4e+04 1.0e+03 33 49 45 33 43  80 98 95 73 98 25319
KSPGMRESOrthog       174 1.0 2.1678e-01 1.1 3.82e+08 1.1 0.0e+00 0.0e+00 1.9e+02  0  6  0  0  8   1 12  0  0 18 215288
SNESSolve              1 1.0 1.8953e+01 1.0 3.14e+09 1.1 8.3e+05 1.8e+04 1.0e+03 42 50 47 46 43 100 100 100 100 99 20622
SNESFunctionEval       3 1.0 3.1122e-01 1.3 1.14e+05 2.5 2.5e+04 1.4e+04 0.0e+00  1  0  1  1  0   2  0  3  2  0    35
SNESJacobianEval       2 1.0 3.4185e+00 1.0 6.11e+07 1.1 8.0e+03 4.8e+05 4.0e+00  8  1  0 11  0  18  2  1 25  0  2231
SNESLineSearch         2 1.0 2.0974e-01 1.0 1.48e+06 1.1 1.7e+04 1.4e+04 2.0e+00  0  0  1  1  0   1  0  2  2  0   875
------------------------------------------------------------------------------------------------------------------------

Object Type          Creations   Destructions. Reports information only for process 0.

--- Event Stage 0: Main Stage

           Container     2              0
              Viewer     2              0
           Index Set    32             20
   IS L to G Mapping    30             27
   Star Forest Graph     6              1
              Vector     9              3
              Matrix    16             12
   Matrix Null Space     1              0
      Preconditioner     1              0
       Krylov Solver     1              0
                SNES     1              0
              DMSNES     1              0
      SNESLineSearch     1              0
    Distributed Mesh     1              0
     Discrete System     1              0
           Weak Form     1              0

--- Event Stage 1: PCMPI


--- Event Stage 2: WarmUp solve with PCD-AMG

           Container     6              0
           Index Set    94             58
   IS L to G Mapping    55             48
   Star Forest Graph    26              0
              Vector   419            287
              Matrix    81             31
   Matrix Null Space     1              0
      Preconditioner    12              1
       Krylov Solver     8              1
     DMKSP interface     1              0
    Distributed Mesh     4              0
     Discrete System     4              0
           Weak Form     4              0

--- Event Stage 3: Timed solve with PCD-AMG

           Index Set    12             12
   IS L to G Mapping    48             48
              Vector   250            250
              Matrix    24             24
========================================================================================================================
Average time to get PetscTime(): 3.3e-08
Average time for MPI_Barrier(): 7.336e-06
Average time for zero size MPI_Send(): 8.01563e-07
#PETSc Option Table entries:
-options_left # (source: code)
-rb_ksp_converged_reason # (source: code)
-rb_ksp_gmres_modifiedgramschmidt # (source: code)
-rb_ksp_max_it 1000 # (source: code)
-rb_ksp_monitor # (source: code)
-rb_ksp_type fgmres # (source: code)
-rb_pc_python_type fenicsx_pctools.WrappedPC # (source: code)
-rb_pc_type python # (source: code)
-rb_snes_converged_reason # (source: code)
-rb_snes_linesearch_type basic # (source: code)
-rb_snes_max_it 25 # (source: code)
-rb_snes_monitor # (source: code)
-rb_snes_rtol 1e-08 # (source: code)
-rb_snes_type newtonls # (source: code)
-rb_snes_view # (source: code)
-rb_wrapped_fieldsplit_0_ksp_converged_reason # (source: code)
-rb_wrapped_fieldsplit_0_ksp_rtol 0.01 # (source: code)
-rb_wrapped_fieldsplit_0_ksp_type gmres # (source: code)
-rb_wrapped_fieldsplit_0_pc_python_type fenicsx_pctools.WrappedPC # (source: code)
-rb_wrapped_fieldsplit_0_pc_type python # (source: code)
-rb_wrapped_fieldsplit_0_wrapped_fieldsplit_0_ksp_type preonly # (source: code)
-rb_wrapped_fieldsplit_0_wrapped_fieldsplit_0_pc_python_type fenicsx_pctools.WrappedPC # (source: code)
-rb_wrapped_fieldsplit_0_wrapped_fieldsplit_0_pc_type python # (source: code)
-rb_wrapped_fieldsplit_0_wrapped_fieldsplit_0_wrapped_pc_hypre_boomeramg_agg_nl 1 # (source: code)
-rb_wrapped_fieldsplit_0_wrapped_fieldsplit_0_wrapped_pc_hypre_boomeramg_agg_num_paths 2 # (source: code)
-rb_wrapped_fieldsplit_0_wrapped_fieldsplit_0_wrapped_pc_hypre_boomeramg_coarsen_type HMIS # (source: code)
-rb_wrapped_fieldsplit_0_wrapped_fieldsplit_0_wrapped_pc_hypre_boomeramg_interp_type ext+i # (source: code)
-rb_wrapped_fieldsplit_0_wrapped_fieldsplit_0_wrapped_pc_hypre_boomeramg_no_CF # (source: code)
-rb_wrapped_fieldsplit_0_wrapped_fieldsplit_0_wrapped_pc_hypre_boomeramg_P_max 4 # (source: code)
-rb_wrapped_fieldsplit_0_wrapped_fieldsplit_0_wrapped_pc_hypre_type boomeramg # (source: code)
-rb_wrapped_fieldsplit_0_wrapped_fieldsplit_0_wrapped_pc_type hypre # (source: code)
-rb_wrapped_fieldsplit_0_wrapped_fieldsplit_1_ksp_type preonly # (source: code)
-rb_wrapped_fieldsplit_0_wrapped_fieldsplit_1_pc_python_type fenicsx_pctools.PCDPC_vY # (source: code)
-rb_wrapped_fieldsplit_0_wrapped_fieldsplit_1_pc_type python # (source: code)
-rb_wrapped_fieldsplit_0_wrapped_fieldsplit_1_pcd_Ap_ksp_type preonly # (source: code)
-rb_wrapped_fieldsplit_0_wrapped_fieldsplit_1_pcd_Ap_pc_hypre_boomeramg_agg_nl 1 # (source: code)
-rb_wrapped_fieldsplit_0_wrapped_fieldsplit_1_pcd_Ap_pc_hypre_boomeramg_agg_num_paths 2 # (source: code)
-rb_wrapped_fieldsplit_0_wrapped_fieldsplit_1_pcd_Ap_pc_hypre_boomeramg_coarsen_type HMIS # (source: code)
-rb_wrapped_fieldsplit_0_wrapped_fieldsplit_1_pcd_Ap_pc_hypre_boomeramg_interp_type ext+i # (source: code)
-rb_wrapped_fieldsplit_0_wrapped_fieldsplit_1_pcd_Ap_pc_hypre_boomeramg_no_CF # (source: code)
-rb_wrapped_fieldsplit_0_wrapped_fieldsplit_1_pcd_Ap_pc_hypre_boomeramg_P_max 4 # (source: code)
-rb_wrapped_fieldsplit_0_wrapped_fieldsplit_1_pcd_Ap_pc_hypre_type boomeramg # (source: code)
-rb_wrapped_fieldsplit_0_wrapped_fieldsplit_1_pcd_Ap_pc_type hypre # (source: code)
-rb_wrapped_fieldsplit_0_wrapped_fieldsplit_1_pcd_Mp_ksp_max_it 2 # (source: code)
-rb_wrapped_fieldsplit_0_wrapped_fieldsplit_1_pcd_Mp_ksp_type richardson # (source: code)
-rb_wrapped_fieldsplit_0_wrapped_fieldsplit_1_pcd_Mp_pc_type sor # (source: code)
-rb_wrapped_fieldsplit_0_wrapped_pc_fieldsplit_schur_fact_type lower # (source: code)
-rb_wrapped_fieldsplit_0_wrapped_pc_fieldsplit_type schur # (source: code)
-rb_wrapped_fieldsplit_0_wrapped_pc_type fieldsplit # (source: code)
-rb_wrapped_fieldsplit_1_ksp_converged_reason # (source: code)
-rb_wrapped_fieldsplit_1_ksp_rtol 0.0001 # (source: code)
-rb_wrapped_fieldsplit_1_ksp_type gmres # (source: code)
-rb_wrapped_fieldsplit_1_pc_python_type fenicsx_pctools.WrappedPC # (source: code)
-rb_wrapped_fieldsplit_1_pc_type python # (source: code)
-rb_wrapped_fieldsplit_1_wrapped_pc_hypre_boomeramg_agg_nl 1 # (source: code)
-rb_wrapped_fieldsplit_1_wrapped_pc_hypre_boomeramg_agg_num_paths 2 # (source: code)
-rb_wrapped_fieldsplit_1_wrapped_pc_hypre_boomeramg_coarsen_type HMIS # (source: code)
-rb_wrapped_fieldsplit_1_wrapped_pc_hypre_boomeramg_interp_type ext+i # (source: code)
-rb_wrapped_fieldsplit_1_wrapped_pc_hypre_boomeramg_no_CF # (source: code)
-rb_wrapped_fieldsplit_1_wrapped_pc_hypre_boomeramg_P_max 4 # (source: code)
-rb_wrapped_fieldsplit_1_wrapped_pc_hypre_type boomeramg # (source: code)
-rb_wrapped_fieldsplit_1_wrapped_pc_type hypre # (source: code)
-rb_wrapped_pc_fieldsplit_type multiplicative # (source: code)
-rb_wrapped_pc_type fieldsplit # (source: code)
#End of PETSc Option Table entries
Compiled without FORTRAN kernels
Compiled with full precision matrices (default)
sizeof(short) 2 sizeof(int) 4 sizeof(long) 8 sizeof(void*) 8 sizeof(PetscScalar) 8 sizeof(PetscInt) 4
Configure options: --with-blaslapack-dir=/opt/apps/resif/aion/2020b/epyc/software/OpenBLAS/0.3.12-GCC-10.2.0/lib --COPTFLAGS="-O3 -march=znver2" --CXXOPTFLAGS="-O3 -march=znver2" --FOPTFLAGS="-O3 -march=znver2" --with-cc=mpicc --with-cxx=mpicxx --with-fc=mpif90 --with-make-np=16 --with-mpiexec=srun --download-metis --download-parmetis --download-scalapack --download-hypre --download-mumps --with-scalar-type=real --with-debugging=0 --with-shared-libraries --with-fortran-bindings=no --with-64-bit-indices=no --prefix=/scratch/users/jhale//fenicsx-aion-gompi-32-0.7.0-r1
-----------------------------------------
Libraries compiled on 2023-10-10 14:52:34 on aion-0250 
Machine characteristics: Linux-4.18.0-372.32.1.el8_6.x86_64-x86_64-with-glibc2.2.5
Using PETSc directory: /scratch/users/jhale/fenicsx-aion-gompi-32-0.7.0-r1
Using PETSc arch: 
-----------------------------------------

Using C compiler: mpicc  -fPIC -Wall -Wwrite-strings -Wno-unknown-pragmas -Wno-lto-type-mismatch -fstack-protector -fvisibility=hidden -O3 -march=znver2  
Using Fortran compiler: mpif90  -fPIC -Wall -ffree-line-length-none -ffree-line-length-0 -Wno-lto-type-mismatch -Wno-unused-dummy-argument -O3 -march=znver2    
-----------------------------------------

Using include paths: -I/scratch/users/jhale/fenicsx-aion-gompi-32-0.7.0-r1/include
-----------------------------------------

Using C linker: mpicc
Using Fortran linker: mpif90
Using libraries: -Wl,-rpath,/scratch/users/jhale/fenicsx-aion-gompi-32-0.7.0-r1/lib -L/scratch/users/jhale/fenicsx-aion-gompi-32-0.7.0-r1/lib -lpetsc -Wl,-rpath,/scratch/users/jhale/fenicsx-aion-gompi-32-0.7.0-r1/lib -L/scratch/users/jhale/fenicsx-aion-gompi-32-0.7.0-r1/lib -Wl,-rpath,/opt/apps/resif/aion/2020b/epyc/software/OpenBLAS/0.3.12-GCC-10.2.0/lib -L/opt/apps/resif/aion/2020b/epyc/software/OpenBLAS/0.3.12-GCC-10.2.0/lib -Wl,-rpath,/opt/apps/resif/aion/2020b/epyc/software/UCX/1.9.0-GCCcore-10.2.0/lib64 -L/opt/apps/resif/aion/2020b/epyc/software/UCX/1.9.0-GCCcore-10.2.0/lib64 -Wl,-rpath,/opt/apps/resif/aion/2020b/epyc/software/OpenMPI/4.0.5-GCC-10.2.0/lib -L/opt/apps/resif/aion/2020b/epyc/software/OpenMPI/4.0.5-GCC-10.2.0/lib -Wl,-rpath,/mnt/irisgpfs/apps/resif/aion/2020b/epyc/software/GCCcore/10.2.0/lib/gcc/x86_64-pc-linux-gnu/10.2.0 -L/mnt/irisgpfs/apps/resif/aion/2020b/epyc/software/GCCcore/10.2.0/lib/gcc/x86_64-pc-linux-gnu/10.2.0 -Wl,-rpath,/mnt/irisgpfs/apps/resif/aion/2020b/epyc/software/GCCcore/10.2.0/lib/gcc -L/mnt/irisgpfs/apps/resif/aion/2020b/epyc/software/GCCcore/10.2.0/lib/gcc -Wl,-rpath,/opt/apps/resif/aion/2020b/epyc/software/Bison/3.7.1-GCCcore-10.2.0/lib64 -L/opt/apps/resif/aion/2020b/epyc/software/Bison/3.7.1-GCCcore-10.2.0/lib64 -Wl,-rpath,/opt/apps/resif/aion/2020b/epyc/software/Boost/1.74.0-GCC-10.2.0/lib64 -L/opt/apps/resif/aion/2020b/epyc/software/Boost/1.74.0-GCC-10.2.0/lib64 -Wl,-rpath,/opt/apps/resif/aion/2020b/epyc/software/OpenBLAS/0.3.12-GCC-10.2.0/lib64 -L/opt/apps/resif/aion/2020b/epyc/software/OpenBLAS/0.3.12-GCC-10.2.0/lib64 -Wl,-rpath,/opt/apps/resif/aion/2020b/epyc/software/Python/3.8.6-GCCcore-10.2.0/lib64 -L/opt/apps/resif/aion/2020b/epyc/software/Python/3.8.6-GCCcore-10.2.0/lib64 -Wl,-rpath,/opt/apps/resif/aion/2020b/epyc/software/libffi/3.3-GCCcore-10.2.0/lib64 -L/opt/apps/resif/aion/2020b/epyc/software/libffi/3.3-GCCcore-10.2.0/lib64 -Wl,-rpath,/opt/apps/resif/aion/2020b/epyc/software/GMP/6.2.0-GCCcore-10.2.0/lib64 -L/opt/apps/resif/aion/2020b/epyc/software/GMP/6.2.0-GCCcore-10.2.0/lib64 -Wl,-rpath,/opt/apps/resif/aion/2020b/epyc/software/SQLite/3.33.0-GCCcore-10.2.0/lib64 -L/opt/apps/resif/aion/2020b/epyc/software/SQLite/3.33.0-GCCcore-10.2.0/lib64 -Wl,-rpath,/opt/apps/resif/aion/2020b/epyc/software/Tcl/8.6.10-GCCcore-10.2.0/lib64 -L/opt/apps/resif/aion/2020b/epyc/software/Tcl/8.6.10-GCCcore-10.2.0/lib64 -Wl,-rpath,/opt/apps/resif/aion/2020b/epyc/software/libreadline/8.0-GCCcore-10.2.0/lib64 -L/opt/apps/resif/aion/2020b/epyc/software/libreadline/8.0-GCCcore-10.2.0/lib64 -Wl,-rpath,/opt/apps/resif/aion/2020b/epyc/software/flex/2.6.4-GCCcore-10.2.0/lib64 -L/opt/apps/resif/aion/2020b/epyc/software/flex/2.6.4-GCCcore-10.2.0/lib64 -Wl,-rpath,/opt/apps/resif/aion/2020b/epyc/software/libarchive/3.4.3-GCCcore-10.2.0/lib64 -L/opt/apps/resif/aion/2020b/epyc/software/libarchive/3.4.3-GCCcore-10.2.0/lib64 -Wl,-rpath,/opt/apps/resif/aion/2020b/epyc/software/cURL/7.72.0-GCCcore-10.2.0/lib64 -L/opt/apps/resif/aion/2020b/epyc/software/cURL/7.72.0-GCCcore-10.2.0/lib64 -Wl,-rpath,/opt/apps/resif/aion/2020b/epyc/software/bzip2/1.0.8-GCCcore-10.2.0/lib64 -L/opt/apps/resif/aion/2020b/epyc/software/bzip2/1.0.8-GCCcore-10.2.0/lib64 -Wl,-rpath,/opt/apps/resif/aion/2020b/epyc/software/ncurses/6.2-GCCcore-10.2.0/lib64 -L/opt/apps/resif/aion/2020b/epyc/software/ncurses/6.2-GCCcore-10.2.0/lib64 -Wl,-rpath,/opt/apps/resif/aion/2020b/epyc/software/HDF5/1.10.7-gompi-2020b/lib64 -L/opt/apps/resif/aion/2020b/epyc/software/HDF5/1.10.7-gompi-2020b/lib64 -Wl,-rpath,/opt/apps/resif/aion/2020b/epyc/software/Szip/2.1.1-GCCcore-10.2.0/lib64 -L/opt/apps/resif/aion/2020b/epyc/software/Szip/2.1.1-GCCcore-10.2.0/lib64 -Wl,-rpath,/opt/apps/resif/aion/2020b/epyc/software/OpenMPI/4.0.5-GCC-10.2.0/lib64 -L/opt/apps/resif/aion/2020b/epyc/software/OpenMPI/4.0.5-GCC-10.2.0/lib64 -Wl,-rpath,/opt/apps/resif/aion/2020b/epyc/software/hwloc/2.2.0-GCCcore-10.2.0/lib64 -L/opt/apps/resif/aion/2020b/epyc/software/hwloc/2.2.0-GCCcore-10.2.0/lib64 -Wl,-rpath,/opt/apps/resif/aion/2020b/epyc/software/libpciaccess/0.16-GCCcore-10.2.0/lib64 -L/opt/apps/resif/aion/2020b/epyc/software/libpciaccess/0.16-GCCcore-10.2.0/lib64 -Wl,-rpath,/opt/apps/resif/aion/2020b/epyc/software/libxml2/2.9.10-GCCcore-10.2.0/lib64 -L/opt/apps/resif/aion/2020b/epyc/software/libxml2/2.9.10-GCCcore-10.2.0/lib64 -Wl,-rpath,/opt/apps/resif/aion/2020b/epyc/software/XZ/5.2.5-GCCcore-10.2.0/lib64 -L/opt/apps/resif/aion/2020b/epyc/software/XZ/5.2.5-GCCcore-10.2.0/lib64 -Wl,-rpath,/opt/apps/resif/aion/2020b/epyc/software/numactl/2.0.13-GCCcore-10.2.0/lib64 -L/opt/apps/resif/aion/2020b/epyc/software/numactl/2.0.13-GCCcore-10.2.0/lib64 -Wl,-rpath,/opt/apps/resif/aion/2020b/epyc/software/binutils/2.35-GCCcore-10.2.0/lib64 -L/opt/apps/resif/aion/2020b/epyc/software/binutils/2.35-GCCcore-10.2.0/lib64 -Wl,-rpath,/opt/apps/resif/aion/2020b/epyc/software/zlib/1.2.11-GCCcore-10.2.0/lib64 -L/opt/apps/resif/aion/2020b/epyc/software/zlib/1.2.11-GCCcore-10.2.0/lib64 -Wl,-rpath,/mnt/irisgpfs/apps/resif/aion/2020b/epyc/software/GCCcore/10.2.0/lib64 -L/mnt/irisgpfs/apps/resif/aion/2020b/epyc/software/GCCcore/10.2.0/lib64 -Wl,-rpath,/opt/apps/resif/aion/2020b/epyc/software/Bison/3.7.1-GCCcore-10.2.0/lib -L/opt/apps/resif/aion/2020b/epyc/software/Bison/3.7.1-GCCcore-10.2.0/lib -Wl,-rpath,/opt/apps/resif/aion/2020b/epyc/software/Boost/1.74.0-GCC-10.2.0/lib -L/opt/apps/resif/aion/2020b/epyc/software/Boost/1.74.0-GCC-10.2.0/lib -Wl,-rpath,/opt/apps/resif/aion/2020b/epyc/software/Python/3.8.6-GCCcore-10.2.0/lib -L/opt/apps/resif/aion/2020b/epyc/software/Python/3.8.6-GCCcore-10.2.0/lib -Wl,-rpath,/opt/apps/resif/aion/2020b/epyc/software/libffi/3.3-GCCcore-10.2.0/lib -L/opt/apps/resif/aion/2020b/epyc/software/libffi/3.3-GCCcore-10.2.0/lib -Wl,-rpath,/opt/apps/resif/aion/2020b/epyc/software/GMP/6.2.0-GCCcore-10.2.0/lib -L/opt/apps/resif/aion/2020b/epyc/software/GMP/6.2.0-GCCcore-10.2.0/lib -Wl,-rpath,/opt/apps/resif/aion/2020b/epyc/software/SQLite/3.33.0-GCCcore-10.2.0/lib -L/opt/apps/resif/aion/2020b/epyc/software/SQLite/3.33.0-GCCcore-10.2.0/lib -Wl,-rpath,/opt/apps/resif/aion/2020b/epyc/software/Tcl/8.6.10-GCCcore-10.2.0/lib -L/opt/apps/resif/aion/2020b/epyc/software/Tcl/8.6.10-GCCcore-10.2.0/lib -Wl,-rpath,/opt/apps/resif/aion/2020b/epyc/software/libreadline/8.0-GCCcore-10.2.0/lib -L/opt/apps/resif/aion/2020b/epyc/software/libreadline/8.0-GCCcore-10.2.0/lib -Wl,-rpath,/opt/apps/resif/aion/2020b/epyc/software/flex/2.6.4-GCCcore-10.2.0/lib -L/opt/apps/resif/aion/2020b/epyc/software/flex/2.6.4-GCCcore-10.2.0/lib -Wl,-rpath,/opt/apps/resif/aion/2020b/epyc/software/libarchive/3.4.3-GCCcore-10.2.0/lib -L/opt/apps/resif/aion/2020b/epyc/software/libarchive/3.4.3-GCCcore-10.2.0/lib -Wl,-rpath,/opt/apps/resif/aion/2020b/epyc/software/cURL/7.72.0-GCCcore-10.2.0/lib -L/opt/apps/resif/aion/2020b/epyc/software/cURL/7.72.0-GCCcore-10.2.0/lib -Wl,-rpath,/opt/apps/resif/aion/2020b/epyc/software/bzip2/1.0.8-GCCcore-10.2.0/lib -L/opt/apps/resif/aion/2020b/epyc/software/bzip2/1.0.8-GCCcore-10.2.0/lib -Wl,-rpath,/opt/apps/resif/aion/2020b/epyc/software/ncurses/6.2-GCCcore-10.2.0/lib -L/opt/apps/resif/aion/2020b/epyc/software/ncurses/6.2-GCCcore-10.2.0/lib -Wl,-rpath,/opt/apps/resif/aion/2020b/epyc/software/HDF5/1.10.7-gompi-2020b/lib -L/opt/apps/resif/aion/2020b/epyc/software/HDF5/1.10.7-gompi-2020b/lib -Wl,-rpath,/opt/apps/resif/aion/2020b/epyc/software/Szip/2.1.1-GCCcore-10.2.0/lib -L/opt/apps/resif/aion/2020b/epyc/software/Szip/2.1.1-GCCcore-10.2.0/lib -Wl,-rpath,/opt/apps/resif/aion/2020b/epyc/software/UCX/1.9.0-GCCcore-10.2.0/lib -L/opt/apps/resif/aion/2020b/epyc/software/UCX/1.9.0-GCCcore-10.2.0/lib -Wl,-rpath,/opt/apps/resif/aion/2020b/epyc/software/hwloc/2.2.0-GCCcore-10.2.0/lib -L/opt/apps/resif/aion/2020b/epyc/software/hwloc/2.2.0-GCCcore-10.2.0/lib -Wl,-rpath,/opt/apps/resif/aion/2020b/epyc/software/libpciaccess/0.16-GCCcore-10.2.0/lib -L/opt/apps/resif/aion/2020b/epyc/software/libpciaccess/0.16-GCCcore-10.2.0/lib -Wl,-rpath,/opt/apps/resif/aion/2020b/epyc/software/libxml2/2.9.10-GCCcore-10.2.0/lib -L/opt/apps/resif/aion/2020b/epyc/software/libxml2/2.9.10-GCCcore-10.2.0/lib -Wl,-rpath,/opt/apps/resif/aion/2020b/epyc/software/XZ/5.2.5-GCCcore-10.2.0/lib -L/opt/apps/resif/aion/2020b/epyc/software/XZ/5.2.5-GCCcore-10.2.0/lib -Wl,-rpath,/opt/apps/resif/aion/2020b/epyc/software/numactl/2.0.13-GCCcore-10.2.0/lib -L/opt/apps/resif/aion/2020b/epyc/software/numactl/2.0.13-GCCcore-10.2.0/lib -Wl,-rpath,/opt/apps/resif/aion/2020b/epyc/software/binutils/2.35-GCCcore-10.2.0/lib -L/opt/apps/resif/aion/2020b/epyc/software/binutils/2.35-GCCcore-10.2.0/lib -Wl,-rpath,/opt/apps/resif/aion/2020b/epyc/software/zlib/1.2.11-GCCcore-10.2.0/lib -L/opt/apps/resif/aion/2020b/epyc/software/zlib/1.2.11-GCCcore-10.2.0/lib -Wl,-rpath,/mnt/irisgpfs/apps/resif/aion/2020b/epyc/software/GCCcore/10.2.0/lib -L/mnt/irisgpfs/apps/resif/aion/2020b/epyc/software/GCCcore/10.2.0/lib -lHYPRE -ldmumps -lmumps_common -lpord -lpthread -lscalapack -lopenblas -lpthread -lparmetis -lmetis -lm -ldl -lmpi_usempif08 -lmpi_usempi_ignore_tkr -lmpi_mpifh -lmpi -lgfortran -lm -lgfortran -lm -lgcc_s -lquadmath -lstdc++ -lquadmath -ldl
-----------------------------------------

